      1 [main] pdp11 5308 find_fast_cwd: WARNING: Couldn't compute FAST_CWD pointer.  Please report this problem to
the public mailing list cygwin@cygwin.com

---------------- running --------------
001000: mov     #001000,sp              [001002]=001000 
001004: mov     #000200,r5              [001006]=000200 
001010: mov     (r5)+,r0                [000200]=011064 
001012: beq     001116                  
001014: mov     r0,r1                   R0=011064 
001016: mov     #000004,r2              [001020]=000004 
001022: mov     #177764,r3              [001024]=177764 
001026: mov     r1,r0                   R1=011064 
001030: ash     r3,r0                   R3=177764 
001032: bic     #177760,r0              [001034]=177760 R0=000001 
001036: add     #000224,r0              [001040]=000224 R0=000225 
001042: movb    (r0),r0                 [000225]=061 
001044: tstb    @#177564                [177564]=200 
001050: bpl     001044                  
001052: movb    r0,@#177566             R0=061 [177566] 1
001056: add     #000004,r3              [001060]=000004 R3=177770 
001062: sob     r2,001026               
001026: mov     r1,r0                   R1=011064 
001030: ash     r3,r0                   R3=177770 
001032: bic     #177760,r0              [001034]=177760 R0=000002 
001036: add     #000224,r0              [001040]=000224 R0=000226 
001042: movb    (r0),r0                 [000226]=062 
001044: tstb    @#177564                [177564]=200 
001050: bpl     001044                  
001052: movb    r0,@#177566             R0=062 [177566] 2
001056: add     #000004,r3              [001060]=000004 R3=177774 
001062: sob     r2,001026               
001026: mov     r1,r0                   R1=011064 
001030: ash     r3,r0                   R3=177774 
001032: bic     #177760,r0              [001034]=177760 R0=000003 
001036: add     #000224,r0              [001040]=000224 R0=000227 
001042: movb    (r0),r0                 [000227]=063 
001044: tstb    @#177564                [177564]=200 
001050: bpl     001044                  
001052: movb    r0,@#177566             R0=063 [177566] 3
001056: add     #000004,r3              [001060]=000004 R3=000000 
001062: sob     r2,001026               
001026: mov     r1,r0                   R1=011064 
001030: ash     r3,r0                   R3=000000 
001032: bic     #177760,r0              [001034]=177760 R0=000004 
001036: add     #000224,r0              [001040]=000224 R0=000230 
001042: movb    (r0),r0                 [000230]=064 
001044: tstb    @#177564                [177564]=200 
001050: bpl     001044                  
001052: movb    r0,@#177566             R0=064 [177566] 4
001056: add     #000004,r3              [001060]=000004 R3=000004 
001062: sob     r2,001026               
001064: tstb    @#177564                [177564]=200 
001070: bpl     001064                  
001072: movb    #000012,@#177566        [001074]=012 [177566] 

001100: tstb    @#177564                [177564]=200 
001104: bpl     001100                  
001106: movb    #000015,@#177566        [001110]=015 [177566] 
001114: br      001010                  
001010: mov     (r5)+,r0                [000202]=125715 
001012: beq     001116                  
001014: mov     r0,r1                   R0=125715 
001016: mov     #000004,r2              [001020]=000004 
001022: mov     #177764,r3              [001024]=177764 
001026: mov     r1,r0                   R1=125715 
001030: ash     r3,r0                   R3=177764 
001032: bic     #177760,r0              [001034]=177760 R0=000012 
001036: add     #000224,r0              [001040]=000224 R0=000236 
001042: movb    (r0),r0                 [000236]=101 
001044: tstb    @#177564                [177564]=200 
001050: bpl     001044                  
001052: movb    r0,@#177566             R0=101 [177566] A
001056: add     #000004,r3              [001060]=000004 R3=177770 
001062: sob     r2,001026               
001026: mov     r1,r0                   R1=125715 
001030: ash     r3,r0                   R3=177770 
001032: bic     #177760,r0              [001034]=177760 R0=000013 
001036: add     #000224,r0              [001040]=000224 R0=000237 
001042: movb    (r0),r0                 [000237]=102 
001044: tstb    @#177564                [177564]=200 
001050: bpl     001044                  
001052: movb    r0,@#177566             R0=102 [177566] B
001056: add     #000004,r3              [001060]=000004 R3=177774 
001062: sob     r2,001026               
001026: mov     r1,r0                   R1=125715 
001030: ash     r3,r0                   R3=177774 
001032: bic     #177760,r0              [001034]=177760 R0=000014 
001036: add     #000224,r0              [001040]=000224 R0=000240 
001042: movb    (r0),r0                 [000240]=103 
001044: tstb    @#177564                [177564]=200 
001050: bpl     001044                  
001052: movb    r0,@#177566             R0=103 [177566] C
001056: add     #000004,r3              [001060]=000004 R3=000000 
001062: sob     r2,001026               
001026: mov     r1,r0                   R1=125715 
001030: ash     r3,r0                   R3=000000 
001032: bic     #177760,r0              [001034]=177760 R0=000015 
001036: add     #000224,r0              [001040]=000224 R0=000241 
001042: movb    (r0),r0                 [000241]=104 
001044: tstb    @#177564                [177564]=200 
001050: bpl     001044                  
001052: movb    r0,@#177566             R0=104 [177566] D
001056: add     #000004,r3              [001060]=000004 R3=000004 
001062: sob     r2,001026               
001064: tstb    @#177564                [177564]=200 
001070: bpl     001064                  
001072: movb    #000012,@#177566        [001074]=012 [177566] 

001100: tstb    @#177564                [177564]=200 
001104: bpl     001100                  
001106: movb    #000015,@#177566        [001110]=015 [177566] 
001114: br      001010                  
001010: mov     (r5)+,r0                [000204]=177777 
001012: beq     001116                  
001014: mov     r0,r1                   R0=177777 
001016: mov     #000004,r2              [001020]=000004 
001022: mov     #177764,r3              [001024]=177764 
001026: mov     r1,r0                   R1=177777 
001030: ash     r3,r0                   R3=177764 
001032: bic     #177760,r0              [001034]=177760 R0=000017 
001036: add     #000224,r0              [001040]=000224 R0=000243 
001042: movb    (r0),r0                 [000243]=106 
001044: tstb    @#177564                [177564]=200 
001050: bpl     001044                  
001052: movb    r0,@#177566             R0=106 [177566] F
001056: add     #000004,r3              [001060]=000004 R3=177770 
001062: sob     r2,001026               
001026: mov     r1,r0                   R1=177777 
001030: ash     r3,r0                   R3=177770 
001032: bic     #177760,r0              [001034]=177760 R0=000017 
001036: add     #000224,r0              [001040]=000224 R0=000243 
001042: movb    (r0),r0                 [000243]=106 
001044: tstb    @#177564                [177564]=200 
001050: bpl     001044                  
001052: movb    r0,@#177566             R0=106 [177566] F
001056: add     #000004,r3              [001060]=000004 R3=177774 
001062: sob     r2,001026               
001026: mov     r1,r0                   R1=177777 
001030: ash     r3,r0                   R3=177774 
001032: bic     #177760,r0              [001034]=177760 R0=000017 
001036: add     #000224,r0              [001040]=000224 R0=000243 
001042: movb    (r0),r0                 [000243]=106 
001044: tstb    @#177564                [177564]=200 
001050: bpl     001044                  
001052: movb    r0,@#177566             R0=106 [177566] F
001056: add     #000004,r3              [001060]=000004 R3=000000 
001062: sob     r2,001026               
001026: mov     r1,r0                   R1=177777 
001030: ash     r3,r0                   R3=000000 
001032: bic     #177760,r0              [001034]=177760 R0=000017 
001036: add     #000224,r0              [001040]=000224 R0=000243 
001042: movb    (r0),r0                 [000243]=106 
001044: tstb    @#177564                [177564]=200 
001050: bpl     001044                  
001052: movb    r0,@#177566             R0=106 [177566] F
001056: add     #000004,r3              [001060]=000004 R3=000004 
001062: sob     r2,001026               
001064: tstb    @#177564                [177564]=200 
001070: bpl     001064                  
001072: movb    #000012,@#177566        [001074]=012 [177566] 

001100: tstb    @#177564                [177564]=200 
001104: bpl     001100                  
001106: movb    #000015,@#177566        [001110]=015 [177566] 
001114: br      001010                  
001010: mov     (r5)+,r0                [000206]=000001 
001012: beq     001116                  
001014: mov     r0,r1                   R0=000001 
001016: mov     #000004,r2              [001020]=000004 
001022: mov     #177764,r3              [001024]=177764 
001026: mov     r1,r0                   R1=000001 
001030: ash     r3,r0                   R3=177764 
001032: bic     #177760,r0              [001034]=177760 R0=000000 
001036: add     #000224,r0              [001040]=000224 R0=000224 
001042: movb    (r0),r0                 [000224]=060 
001044: tstb    @#177564                [177564]=200 
001050: bpl     001044                  
001052: movb    r0,@#177566             R0=060 [177566] 0
001056: add     #000004,r3              [001060]=000004 R3=177770 
001062: sob     r2,001026               
001026: mov     r1,r0                   R1=000001 
001030: ash     r3,r0                   R3=177770 
001032: bic     #177760,r0              [001034]=177760 R0=000000 
001036: add     #000224,r0              [001040]=000224 R0=000224 
001042: movb    (r0),r0                 [000224]=060 
001044: tstb    @#177564                [177564]=200 
001050: bpl     001044                  
001052: movb    r0,@#177566             R0=060 [177566] 0
001056: add     #000004,r3              [001060]=000004 R3=177774 
001062: sob     r2,001026               
001026: mov     r1,r0                   R1=000001 
001030: ash     r3,r0                   R3=177774 
001032: bic     #177760,r0              [001034]=177760 R0=000000 
001036: add     #000224,r0              [001040]=000224 R0=000224 
001042: movb    (r0),r0                 [000224]=060 
001044: tstb    @#177564                [177564]=200 
001050: bpl     001044                  
001052: movb    r0,@#177566             R0=060 [177566] 0
001056: add     #000004,r3              [001060]=000004 R3=000000 
001062: sob     r2,001026               
001026: mov     r1,r0                   R1=000001 
001030: ash     r3,r0                   R3=000000 
001032: bic     #177760,r0              [001034]=177760 R0=000001 
001036: add     #000224,r0              [001040]=000224 R0=000225 
001042: movb    (r0),r0                 [000225]=061 
001044: tstb    @#177564                [177564]=200 
001050: bpl     001044                  
001052: movb    r0,@#177566             R0=061 [177566] 1
001056: add     #000004,r3              [001060]=000004 R3=000004 
001062: sob     r2,001026               
001064: tstb    @#177564                [177564]=200 
001070: bpl     001064                  
001072: movb    #000012,@#177566        [001074]=012 [177566] 

001100: tstb    @#177564                [177564]=200 
001104: bpl     001100                  
001106: movb    #000015,@#177566        [001110]=015 [177566] 
001114: br      001010                  
001010: mov     (r5)+,r0                [000210]=000010 
001012: beq     001116                  
001014: mov     r0,r1                   R0=000010 
001016: mov     #000004,r2              [001020]=000004 
001022: mov     #177764,r3              [001024]=177764 
001026: mov     r1,r0                   R1=000010 
001030: ash     r3,r0                   R3=177764 
001032: bic     #177760,r0              [001034]=177760 R0=000000 
001036: add     #000224,r0              [001040]=000224 R0=000224 
001042: movb    (r0),r0                 [000224]=060 
001044: tstb    @#177564                [177564]=200 
001050: bpl     001044                  
001052: movb    r0,@#177566             R0=060 [177566] 0
001056: add     #000004,r3              [001060]=000004 R3=177770 
001062: sob     r2,001026               
001026: mov     r1,r0                   R1=000010 
001030: ash     r3,r0                   R3=177770 
001032: bic     #177760,r0              [001034]=177760 R0=000000 
001036: add     #000224,r0              [001040]=000224 R0=000224 
001042: movb    (r0),r0                 [000224]=060 
001044: tstb    @#177564                [177564]=200 
001050: bpl     001044                  
001052: movb    r0,@#177566             R0=060 [177566] 0
001056: add     #000004,r3              [001060]=000004 R3=177774 
001062: sob     r2,001026               
001026: mov     r1,r0                   R1=000010 
001030: ash     r3,r0                   R3=177774 
001032: bic     #177760,r0              [001034]=177760 R0=000000 
001036: add     #000224,r0              [001040]=000224 R0=000224 
001042: movb    (r0),r0                 [000224]=060 
001044: tstb    @#177564                [177564]=200 
001050: bpl     001044                  
001052: movb    r0,@#177566             R0=060 [177566] 0
001056: add     #000004,r3              [001060]=000004 R3=000000 
001062: sob     r2,001026               
001026: mov     r1,r0                   R1=000010 
001030: ash     r3,r0                   R3=000000 
001032: bic     #177760,r0              [001034]=177760 R0=000010 
001036: add     #000224,r0              [001040]=000224 R0=000234 
001042: movb    (r0),r0                 [000234]=070 
001044: tstb    @#177564                [177564]=200 
001050: bpl     001044                  
001052: movb    r0,@#177566             R0=070 [177566] 8
001056: add     #000004,r3              [001060]=000004 R3=000004 
001062: sob     r2,001026               
001064: tstb    @#177564                [177564]=200 
001070: bpl     001064                  
001072: movb    #000012,@#177566        [001074]=012 [177566] 

001100: tstb    @#177564                [177564]=200 
001104: bpl     001100                  
001106: movb    #000015,@#177566        [001110]=015 [177566] 
001114: br      001010                  
001010: mov     (r5)+,r0                [000212]=000040 
001012: beq     001116                  
001014: mov     r0,r1                   R0=000040 
001016: mov     #000004,r2              [001020]=000004 
001022: mov     #177764,r3              [001024]=177764 
001026: mov     r1,r0                   R1=000040 
001030: ash     r3,r0                   R3=177764 
001032: bic     #177760,r0              [001034]=177760 R0=000000 
001036: add     #000224,r0              [001040]=000224 R0=000224 
001042: movb    (r0),r0                 [000224]=060 
001044: tstb    @#177564                [177564]=200 
001050: bpl     001044                  
001052: movb    r0,@#177566             R0=060 [177566] 0
001056: add     #000004,r3              [001060]=000004 R3=177770 
001062: sob     r2,001026               
001026: mov     r1,r0                   R1=000040 
001030: ash     r3,r0                   R3=177770 
001032: bic     #177760,r0              [001034]=177760 R0=000000 
001036: add     #000224,r0              [001040]=000224 R0=000224 
001042: movb    (r0),r0                 [000224]=060 
001044: tstb    @#177564                [177564]=200 
001050: bpl     001044                  
001052: movb    r0,@#177566             R0=060 [177566] 0
001056: add     #000004,r3              [001060]=000004 R3=177774 
001062: sob     r2,001026               
001026: mov     r1,r0                   R1=000040 
001030: ash     r3,r0                   R3=177774 
001032: bic     #177760,r0              [001034]=177760 R0=000002 
001036: add     #000224,r0              [001040]=000224 R0=000226 
001042: movb    (r0),r0                 [000226]=062 
001044: tstb    @#177564                [177564]=200 
001050: bpl     001044                  
001052: movb    r0,@#177566             R0=062 [177566] 2
001056: add     #000004,r3              [001060]=000004 R3=000000 
001062: sob     r2,001026               
001026: mov     r1,r0                   R1=000040 
001030: ash     r3,r0                   R3=000000 
001032: bic     #177760,r0              [001034]=177760 R0=000000 
001036: add     #000224,r0              [001040]=000224 R0=000224 
001042: movb    (r0),r0                 [000224]=060 
001044: tstb    @#177564                [177564]=200 
001050: bpl     001044                  
001052: movb    r0,@#177566             R0=060 [177566] 0
001056: add     #000004,r3              [001060]=000004 R3=000004 
001062: sob     r2,001026               
001064: tstb    @#177564                [177564]=200 
001070: bpl     001064                  
001072: movb    #000012,@#177566        [001074]=012 [177566] 

001100: tstb    @#177564                [177564]=200 
001104: bpl     001100                  
001106: movb    #000015,@#177566        [001110]=015 [177566] 
001114: br      001010                  
001010: mov     (r5)+,r0                [000214]=001000 
001012: beq     001116                  
001014: mov     r0,r1                   R0=001000 
001016: mov     #000004,r2              [001020]=000004 
001022: mov     #177764,r3              [001024]=177764 
001026: mov     r1,r0                   R1=001000 
001030: ash     r3,r0                   R3=177764 
001032: bic     #177760,r0              [001034]=177760 R0=000000 
001036: add     #000224,r0              [001040]=000224 R0=000224 
001042: movb    (r0),r0                 [000224]=060 
001044: tstb    @#177564                [177564]=200 
001050: bpl     001044                  
001052: movb    r0,@#177566             R0=060 [177566] 0
001056: add     #000004,r3              [001060]=000004 R3=177770 
001062: sob     r2,001026               
001026: mov     r1,r0                   R1=001000 
001030: ash     r3,r0                   R3=177770 
001032: bic     #177760,r0              [001034]=177760 R0=000002 
001036: add     #000224,r0              [001040]=000224 R0=000226 
001042: movb    (r0),r0                 [000226]=062 
001044: tstb    @#177564                [177564]=200 
001050: bpl     001044                  
001052: movb    r0,@#177566             R0=062 [177566] 2
001056: add     #000004,r3              [001060]=000004 R3=177774 
001062: sob     r2,001026               
001026: mov     r1,r0                   R1=001000 
001030: ash     r3,r0                   R3=177774 
001032: bic     #177760,r0              [001034]=177760 R0=000000 
001036: add     #000224,r0              [001040]=000224 R0=000224 
001042: movb    (r0),r0                 [000224]=060 
001044: tstb    @#177564                [177564]=200 
001050: bpl     001044                  
001052: movb    r0,@#177566             R0=060 [177566] 0
001056: add     #000004,r3              [001060]=000004 R3=000000 
001062: sob     r2,001026               
001026: mov     r1,r0                   R1=001000 
001030: ash     r3,r0                   R3=000000 
001032: bic     #177760,r0              [001034]=177760 R0=000000 
001036: add     #000224,r0              [001040]=000224 R0=000224 
001042: movb    (r0),r0                 [000224]=060 
001044: tstb    @#177564                [177564]=200 
001050: bpl     001044                  
001052: movb    r0,@#177566             R0=060 [177566] 0
001056: add     #000004,r3              [001060]=000004 R3=000004 
001062: sob     r2,001026               
001064: tstb    @#177564                [177564]=200 
001070: bpl     001064                  
001072: movb    #000012,@#177566        [001074]=012 [177566] 

001100: tstb    @#177564                [177564]=200 
001104: bpl     001100                  
001106: movb    #000015,@#177566        [001110]=015 [177566] 
001114: br      001010                  
001010: mov     (r5)+,r0                [000216]=100000 
001012: beq     001116                  
001014: mov     r0,r1                   R0=100000 
001016: mov     #000004,r2              [001020]=000004 
001022: mov     #177764,r3              [001024]=177764 
001026: mov     r1,r0                   R1=100000 
001030: ash     r3,r0                   R3=177764 
001032: bic     #177760,r0              [001034]=177760 R0=000010 
001036: add     #000224,r0              [001040]=000224 R0=000234 
001042: movb    (r0),r0                 [000234]=070 
001044: tstb    @#177564                [177564]=200 
001050: bpl     001044                  
001052: movb    r0,@#177566             R0=070 [177566] 8
001056: add     #000004,r3              [001060]=000004 R3=177770 
001062: sob     r2,001026               
001026: mov     r1,r0                   R1=100000 
001030: ash     r3,r0                   R3=177770 
001032: bic     #177760,r0              [001034]=177760 R0=000000 
001036: add     #000224,r0              [001040]=000224 R0=000224 
001042: movb    (r0),r0                 [000224]=060 
001044: tstb    @#177564                [177564]=200 
001050: bpl     001044                  
001052: movb    r0,@#177566             R0=060 [177566] 0
001056: add     #000004,r3              [001060]=000004 R3=177774 
001062: sob     r2,001026               
001026: mov     r1,r0                   R1=100000 
001030: ash     r3,r0                   R3=177774 
001032: bic     #177760,r0              [001034]=177760 R0=000000 
001036: add     #000224,r0              [001040]=000224 R0=000224 
001042: movb    (r0),r0                 [000224]=060 
001044: tstb    @#177564                [177564]=200 
001050: bpl     001044                  
001052: movb    r0,@#177566             R0=060 [177566] 0
001056: add     #000004,r3              [001060]=000004 R3=000000 
001062: sob     r2,001026               
001026: mov     r1,r0                   R1=100000 
001030: ash     r3,r0                   R3=000000 
001032: bic     #177760,r0              [001034]=177760 R0=000000 
001036: add     #000224,r0              [001040]=000224 R0=000224 
001042: movb    (r0),r0                 [000224]=060 
001044: tstb    @#177564                [177564]=200 
001050: bpl     001044                  
001052: movb    r0,@#177566             R0=060 [177566] 0
001056: add     #000004,r3              [001060]=000004 R3=000004 
001062: sob     r2,001026               
001064: tstb    @#177564                [177564]=200 
001070: bpl     001064                  
001072: movb    #000012,@#177566        [001074]=012 [177566] 

001100: tstb    @#177564                [177564]=200 
001104: bpl     001100                  
001106: movb    #000015,@#177566        [001110]=015 [177566] 
001114: br      001010                  
001010: mov     (r5)+,r0                [000220]=006543 
001012: beq     001116                  
001014: mov     r0,r1                   R0=006543 
001016: mov     #000004,r2              [001020]=000004 
001022: mov     #177764,r3              [001024]=177764 
001026: mov     r1,r0                   R1=006543 
001030: ash     r3,r0                   R3=177764 
001032: bic     #177760,r0              [001034]=177760 R0=000000 
001036: add     #000224,r0              [001040]=000224 R0=000224 
001042: movb    (r0),r0                 [000224]=060 
001044: tstb    @#177564                [177564]=200 
001050: bpl     001044                  
001052: movb    r0,@#177566             R0=060 [177566] 0
001056: add     #000004,r3              [001060]=000004 R3=177770 
001062: sob     r2,001026               
001026: mov     r1,r0                   R1=006543 
001030: ash     r3,r0                   R3=177770 
001032: bic     #177760,r0              [001034]=177760 R0=000015 
001036: add     #000224,r0              [001040]=000224 R0=000241 
001042: movb    (r0),r0                 [000241]=104 
001044: tstb    @#177564                [177564]=200 
001050: bpl     001044                  
001052: movb    r0,@#177566             R0=104 [177566] D
001056: add     #000004,r3              [001060]=000004 R3=177774 
001062: sob     r2,001026               
001026: mov     r1,r0                   R1=006543 
001030: ash     r3,r0                   R3=177774 
001032: bic     #177760,r0              [001034]=177760 R0=000006 
001036: add     #000224,r0              [001040]=000224 R0=000232 
001042: movb    (r0),r0                 [000232]=066 
001044: tstb    @#177564                [177564]=200 
001050: bpl     001044                  
001052: movb    r0,@#177566             R0=066 [177566] 6
001056: add     #000004,r3              [001060]=000004 R3=000000 
001062: sob     r2,001026               
001026: mov     r1,r0                   R1=006543 
001030: ash     r3,r0                   R3=000000 
001032: bic     #177760,r0              [001034]=177760 R0=000003 
001036: add     #000224,r0              [001040]=000224 R0=000227 
001042: movb    (r0),r0                 [000227]=063 
001044: tstb    @#177564                [177564]=200 
001050: bpl     001044                  
001052: movb    r0,@#177566             R0=063 [177566] 3
001056: add     #000004,r3              [001060]=000004 R3=000004 
001062: sob     r2,001026               
001064: tstb    @#177564                [177564]=200 
001070: bpl     001064                  
001072: movb    #000012,@#177566        [001074]=012 [177566] 

001100: tstb    @#177564                [177564]=200 
001104: bpl     001100                  
001106: movb    #000015,@#177566        [001110]=015 [177566] 
001114: br      001010                  
001010: mov     (r5)+,r0                [000222]=000000 
001012: beq     001116                  
001116: halt                            

---------------- halted ---------------
r0=000000 r2=000000 r4=000000 sp=001000
r1=006543 r3=000004 r5=000224 pc=001120
psw=000004: cm=k pm=k pri=0    z   [473]
