      1 [main] pdp11 15992 find_fast_cwd: WARNING: Couldn't compute FAST_CWD pointer.  Please report this problem to
the public mailing list cygwin@cygwin.com

---------------- running --------------
001000: mov     @#000200,r0             [000200]=011064 
---- 0:011064 1:000000 2:000000 3:000000 4:000000 5:000000 S:000000 P:001004
001004: mov     r0,r1                   R0=011064 
---- 0:011064 1:011064 2:000000 3:000000 4:000000 5:000000 S:000000 P:001006
001006: mov     #000004,r2              [001010]=000004 
---- 0:011064 1:011064 2:000004 3:000000 4:000000 5:000000 S:000000 P:001012
001012: mov     #177764,r3              [001014]=177764 
n--- 0:011064 1:011064 2:000004 3:177764 4:000000 5:000000 S:000000 P:001016
001016: mov     r1,r0                   R1=011064 
---- 0:011064 1:011064 2:000004 3:177764 4:000000 5:000000 S:000000 P:001020
001020: ash     r3,r0                   R3=177764 
---- 0:000001 1:011064 2:000004 3:177764 4:000000 5:000000 S:000000 P:001022
001022: bic     #177760,r0              [001024]=177760 R0=000001 
---- 0:000001 1:011064 2:000004 3:177764 4:000000 5:000000 S:000000 P:001026
001026: add     #000230,r0              [001030]=000230 R0=000231 
---- 0:000231 1:011064 2:000004 3:177764 4:000000 5:000000 S:000000 P:001032
001032: movb    (r0),r0                 [000231]=061 
---- 0:000061 1:011064 2:000004 3:177764 4:000000 5:000000 S:000000 P:001034
001034: tstb    @#177564                [177564]=200 
n--- 0:000061 1:011064 2:000004 3:177764 4:000000 5:000000 S:000000 P:001040
001040: bpl     001034                  
n--- 0:000061 1:011064 2:000004 3:177764 4:000000 5:000000 S:000000 P:001042
001042: movb    r0,@#177566             R0=061 [177566] 1
---- 0:000061 1:011064 2:000004 3:177764 4:000000 5:000000 S:000000 P:001046
001046: add     #000004,r3              [001050]=000004 R3=177770 
n--- 0:000061 1:011064 2:000004 3:177770 4:000000 5:000000 S:000000 P:001052
001052: sob     r2,001016               
n--- 0:000061 1:011064 2:000003 3:177770 4:000000 5:000000 S:000000 P:001016
001016: mov     r1,r0                   R1=011064 
---- 0:011064 1:011064 2:000003 3:177770 4:000000 5:000000 S:000000 P:001020
001020: ash     r3,r0                   R3=177770 
---- 0:000022 1:011064 2:000003 3:177770 4:000000 5:000000 S:000000 P:001022
001022: bic     #177760,r0              [001024]=177760 R0=000002 
---- 0:000002 1:011064 2:000003 3:177770 4:000000 5:000000 S:000000 P:001026
001026: add     #000230,r0              [001030]=000230 R0=000232 
---- 0:000232 1:011064 2:000003 3:177770 4:000000 5:000000 S:000000 P:001032
001032: movb    (r0),r0                 [000232]=062 
---- 0:000062 1:011064 2:000003 3:177770 4:000000 5:000000 S:000000 P:001034
001034: tstb    @#177564                [177564]=200 
n--- 0:000062 1:011064 2:000003 3:177770 4:000000 5:000000 S:000000 P:001040
001040: bpl     001034                  
n--- 0:000062 1:011064 2:000003 3:177770 4:000000 5:000000 S:000000 P:001042
001042: movb    r0,@#177566             R0=062 [177566] 2
---- 0:000062 1:011064 2:000003 3:177770 4:000000 5:000000 S:000000 P:001046
001046: add     #000004,r3              [001050]=000004 R3=177774 
n--- 0:000062 1:011064 2:000003 3:177774 4:000000 5:000000 S:000000 P:001052
001052: sob     r2,001016               
n--- 0:000062 1:011064 2:000002 3:177774 4:000000 5:000000 S:000000 P:001016
001016: mov     r1,r0                   R1=011064 
---- 0:011064 1:011064 2:000002 3:177774 4:000000 5:000000 S:000000 P:001020
001020: ash     r3,r0                   R3=177774 
---- 0:000443 1:011064 2:000002 3:177774 4:000000 5:000000 S:000000 P:001022
001022: bic     #177760,r0              [001024]=177760 R0=000003 
---- 0:000003 1:011064 2:000002 3:177774 4:000000 5:000000 S:000000 P:001026
001026: add     #000230,r0              [001030]=000230 R0=000233 
---- 0:000233 1:011064 2:000002 3:177774 4:000000 5:000000 S:000000 P:001032
001032: movb    (r0),r0                 [000233]=063 
---- 0:000063 1:011064 2:000002 3:177774 4:000000 5:000000 S:000000 P:001034
001034: tstb    @#177564                [177564]=200 
n--- 0:000063 1:011064 2:000002 3:177774 4:000000 5:000000 S:000000 P:001040
001040: bpl     001034                  
n--- 0:000063 1:011064 2:000002 3:177774 4:000000 5:000000 S:000000 P:001042
001042: movb    r0,@#177566             R0=063 [177566] 3
---- 0:000063 1:011064 2:000002 3:177774 4:000000 5:000000 S:000000 P:001046
001046: add     #000004,r3              [001050]=000004 R3=000000 
-z-c 0:000063 1:011064 2:000002 3:000000 4:000000 5:000000 S:000000 P:001052
001052: sob     r2,001016               
-z-c 0:000063 1:011064 2:000001 3:000000 4:000000 5:000000 S:000000 P:001016
001016: mov     r1,r0                   R1=011064 
---c 0:011064 1:011064 2:000001 3:000000 4:000000 5:000000 S:000000 P:001020
001020: ash     r3,r0                   R3=000000 
---- 0:011064 1:011064 2:000001 3:000000 4:000000 5:000000 S:000000 P:001022
001022: bic     #177760,r0              [001024]=177760 R0=000004 
---- 0:000004 1:011064 2:000001 3:000000 4:000000 5:000000 S:000000 P:001026
001026: add     #000230,r0              [001030]=000230 R0=000234 
---- 0:000234 1:011064 2:000001 3:000000 4:000000 5:000000 S:000000 P:001032
001032: movb    (r0),r0                 [000234]=064 
---- 0:000064 1:011064 2:000001 3:000000 4:000000 5:000000 S:000000 P:001034
001034: tstb    @#177564                [177564]=200 
n--- 0:000064 1:011064 2:000001 3:000000 4:000000 5:000000 S:000000 P:001040
001040: bpl     001034                  
n--- 0:000064 1:011064 2:000001 3:000000 4:000000 5:000000 S:000000 P:001042
001042: movb    r0,@#177566             R0=064 [177566] 4
---- 0:000064 1:011064 2:000001 3:000000 4:000000 5:000000 S:000000 P:001046
001046: add     #000004,r3              [001050]=000004 R3=000004 
---- 0:000064 1:011064 2:000001 3:000004 4:000000 5:000000 S:000000 P:001052
001052: sob     r2,001016               
---- 0:000064 1:011064 2:000000 3:000004 4:000000 5:000000 S:000000 P:001054
001054: halt                            
---- 0:000064 1:011064 2:000000 3:000004 4:000000 5:000000 S:000000 P:001056

---------------- halted ---------------
r0=000064 r2=000000 r4=000000 sp=000000
r1=011064 r3=000004 r5=000000 pc=001056
psw=000000: cm=k pm=k pri=0        [45]
