      2 [main] pdp11 16004 find_fast_cwd: WARNING: Couldn't compute FAST_CWD pointer.  Please report this problem to
the public mailing list cygwin@cygwin.com

---------------- running --------------
001000: mov     #001000,sp              [001002]=001000 
---- 0:000000 1:000000 2:000000 3:000000 4:000000 5:000000 S:001000 P:001004
001004: mov     #000200,r5              [001006]=000200 
---- 0:000000 1:000000 2:000000 3:000000 4:000000 5:000200 S:001000 P:001010
001010: mov     (r5)+,r0                [000200]=123456 
n--- 0:123456 1:000000 2:000000 3:000000 4:000000 5:000202 S:001000 P:001012
001012: beq     001156                  
n--- 0:123456 1:000000 2:000000 3:000000 4:000000 5:000202 S:001000 P:001014
001014: mov     r1,-(sp)                R1=000000 [000776] 
-z-- 0:123456 1:000000 2:000000 3:000000 4:000000 5:000202 S:000776 P:001016
001016: mov     r2,-(sp)                R2=000000 [000774] 
-z-- 0:123456 1:000000 2:000000 3:000000 4:000000 5:000202 S:000774 P:001020
001020: mov     r0,r1                   R0=123456 
n--- 0:123456 1:123456 2:000000 3:000000 4:000000 5:000202 S:000774 P:001022
001022: mov     #000005,r2              [001024]=000005 
---- 0:123456 1:123456 2:000005 3:000000 4:000000 5:000202 S:000774 P:001026
001026: movb    #000060,r0              [001030]=060 
---- 0:000060 1:123456 2:000005 3:000000 4:000000 5:000202 S:000774 P:001032
001032: tst     r1                      R1=123456 
n--- 0:000060 1:123456 2:000005 3:000000 4:000000 5:000202 S:000774 P:001034
001034: bpl     001040                  
n--- 0:000060 1:123456 2:000005 3:000000 4:000000 5:000202 S:000774 P:001036
001036: inc     r0                      R0=000061 
---- 0:000061 1:123456 2:000005 3:000000 4:000000 5:000202 S:000774 P:001040
001040: tstb    @#177564                [177564]=200 
n--- 0:000061 1:123456 2:000005 3:000000 4:000000 5:000202 S:000774 P:001044
001044: bpl     001040                  
n--- 0:000061 1:123456 2:000005 3:000000 4:000000 5:000202 S:000774 P:001046
001046: movb    r0,@#177566             R0=061 [177566] 1
---- 0:000061 1:123456 2:000005 3:000000 4:000000 5:000202 S:000774 P:001052
001052: mov     r1,r0                   R1=123456 
n--- 0:123456 1:123456 2:000005 3:000000 4:000000 5:000202 S:000774 P:001054
001054: rol     r0                      R0=047134 
--vc 0:047134 1:123456 2:000005 3:000000 4:000000 5:000202 S:000774 P:001056
001056: rol     r0                      R0=116271 
n-v- 0:116271 1:123456 2:000005 3:000000 4:000000 5:000202 S:000774 P:001060
001060: rol     r0                      R0=034562 
--vc 0:034562 1:123456 2:000005 3:000000 4:000000 5:000202 S:000774 P:001062
001062: rol     r0                      R0=071345 
---- 0:071345 1:123456 2:000005 3:000000 4:000000 5:000202 S:000774 P:001064
001064: rol     r0                      R0=162712 
n-v- 0:162712 1:123456 2:000005 3:000000 4:000000 5:000202 S:000774 P:001066
001066: bic     #177770,r0              [001070]=177770 R0=000002 
---- 0:000002 1:123456 2:000005 3:000000 4:000000 5:000202 S:000774 P:001072
001072: add     #000060,r0              [001074]=000060 R0=000062 
---- 0:000062 1:123456 2:000005 3:000000 4:000000 5:000202 S:000774 P:001076
001076: tstb    @#177564                [177564]=200 
n--- 0:000062 1:123456 2:000005 3:000000 4:000000 5:000202 S:000774 P:001102
001102: bpl     001076                  
n--- 0:000062 1:123456 2:000005 3:000000 4:000000 5:000202 S:000774 P:001104
001104: movb    r0,@#177566             R0=062 [177566] 2
---- 0:000062 1:123456 2:000005 3:000000 4:000000 5:000202 S:000774 P:001110
001110: asl     r1                      R1=047134 
--vc 0:000062 1:047134 2:000005 3:000000 4:000000 5:000202 S:000774 P:001112
001112: asl     r1                      R1=116270 
n-v- 0:000062 1:116270 2:000005 3:000000 4:000000 5:000202 S:000774 P:001114
001114: asl     r1                      R1=034560 
--vc 0:000062 1:034560 2:000005 3:000000 4:000000 5:000202 S:000774 P:001116
001116: sob     r2,001052               
--vc 0:000062 1:034560 2:000004 3:000000 4:000000 5:000202 S:000774 P:001052
001052: mov     r1,r0                   R1=034560 
---c 0:034560 1:034560 2:000004 3:000000 4:000000 5:000202 S:000774 P:001054
001054: rol     r0                      R0=071341 
---- 0:071341 1:034560 2:000004 3:000000 4:000000 5:000202 S:000774 P:001056
001056: rol     r0                      R0=162702 
n-v- 0:162702 1:034560 2:000004 3:000000 4:000000 5:000202 S:000774 P:001060
001060: rol     r0                      R0=145604 
n--c 0:145604 1:034560 2:000004 3:000000 4:000000 5:000202 S:000774 P:001062
001062: rol     r0                      R0=113411 
n--c 0:113411 1:034560 2:000004 3:000000 4:000000 5:000202 S:000774 P:001064
001064: rol     r0                      R0=027023 
--vc 0:027023 1:034560 2:000004 3:000000 4:000000 5:000202 S:000774 P:001066
001066: bic     #177770,r0              [001070]=177770 R0=000003 
---c 0:000003 1:034560 2:000004 3:000000 4:000000 5:000202 S:000774 P:001072
001072: add     #000060,r0              [001074]=000060 R0=000063 
---- 0:000063 1:034560 2:000004 3:000000 4:000000 5:000202 S:000774 P:001076
001076: tstb    @#177564                [177564]=200 
n--- 0:000063 1:034560 2:000004 3:000000 4:000000 5:000202 S:000774 P:001102
001102: bpl     001076                  
n--- 0:000063 1:034560 2:000004 3:000000 4:000000 5:000202 S:000774 P:001104
001104: movb    r0,@#177566             R0=063 [177566] 3
---- 0:000063 1:034560 2:000004 3:000000 4:000000 5:000202 S:000774 P:001110
001110: asl     r1                      R1=071340 
---- 0:000063 1:071340 2:000004 3:000000 4:000000 5:000202 S:000774 P:001112
001112: asl     r1                      R1=162700 
n-v- 0:000063 1:162700 2:000004 3:000000 4:000000 5:000202 S:000774 P:001114
001114: asl     r1                      R1=145600 
n--c 0:000063 1:145600 2:000004 3:000000 4:000000 5:000202 S:000774 P:001116
001116: sob     r2,001052               
n--c 0:000063 1:145600 2:000003 3:000000 4:000000 5:000202 S:000774 P:001052
001052: mov     r1,r0                   R1=145600 
n--c 0:145600 1:145600 2:000003 3:000000 4:000000 5:000202 S:000774 P:001054
001054: rol     r0                      R0=113401 
n--c 0:113401 1:145600 2:000003 3:000000 4:000000 5:000202 S:000774 P:001056
001056: rol     r0                      R0=027003 
--vc 0:027003 1:145600 2:000003 3:000000 4:000000 5:000202 S:000774 P:001060
001060: rol     r0                      R0=056007 
---- 0:056007 1:145600 2:000003 3:000000 4:000000 5:000202 S:000774 P:001062
001062: rol     r0                      R0=134016 
n-v- 0:134016 1:145600 2:000003 3:000000 4:000000 5:000202 S:000774 P:001064
001064: rol     r0                      R0=070034 
--vc 0:070034 1:145600 2:000003 3:000000 4:000000 5:000202 S:000774 P:001066
001066: bic     #177770,r0              [001070]=177770 R0=000004 
---c 0:000004 1:145600 2:000003 3:000000 4:000000 5:000202 S:000774 P:001072
001072: add     #000060,r0              [001074]=000060 R0=000064 
---- 0:000064 1:145600 2:000003 3:000000 4:000000 5:000202 S:000774 P:001076
001076: tstb    @#177564                [177564]=200 
n--- 0:000064 1:145600 2:000003 3:000000 4:000000 5:000202 S:000774 P:001102
001102: bpl     001076                  
n--- 0:000064 1:145600 2:000003 3:000000 4:000000 5:000202 S:000774 P:001104
001104: movb    r0,@#177566             R0=064 [177566] 4
---- 0:000064 1:145600 2:000003 3:000000 4:000000 5:000202 S:000774 P:001110
001110: asl     r1                      R1=113400 
n--c 0:000064 1:113400 2:000003 3:000000 4:000000 5:000202 S:000774 P:001112
001112: asl     r1                      R1=027000 
--vc 0:000064 1:027000 2:000003 3:000000 4:000000 5:000202 S:000774 P:001114
001114: asl     r1                      R1=056000 
---- 0:000064 1:056000 2:000003 3:000000 4:000000 5:000202 S:000774 P:001116
001116: sob     r2,001052               
---- 0:000064 1:056000 2:000002 3:000000 4:000000 5:000202 S:000774 P:001052
001052: mov     r1,r0                   R1=056000 
---- 0:056000 1:056000 2:000002 3:000000 4:000000 5:000202 S:000774 P:001054
001054: rol     r0                      R0=134000 
n-v- 0:134000 1:056000 2:000002 3:000000 4:000000 5:000202 S:000774 P:001056
001056: rol     r0                      R0=070000 
--vc 0:070000 1:056000 2:000002 3:000000 4:000000 5:000202 S:000774 P:001060
001060: rol     r0                      R0=160001 
n-v- 0:160001 1:056000 2:000002 3:000000 4:000000 5:000202 S:000774 P:001062
001062: rol     r0                      R0=140002 
n--c 0:140002 1:056000 2:000002 3:000000 4:000000 5:000202 S:000774 P:001064
001064: rol     r0                      R0=100005 
n--c 0:100005 1:056000 2:000002 3:000000 4:000000 5:000202 S:000774 P:001066
001066: bic     #177770,r0              [001070]=177770 R0=000005 
---c 0:000005 1:056000 2:000002 3:000000 4:000000 5:000202 S:000774 P:001072
001072: add     #000060,r0              [001074]=000060 R0=000065 
---- 0:000065 1:056000 2:000002 3:000000 4:000000 5:000202 S:000774 P:001076
001076: tstb    @#177564                [177564]=200 
n--- 0:000065 1:056000 2:000002 3:000000 4:000000 5:000202 S:000774 P:001102
001102: bpl     001076                  
n--- 0:000065 1:056000 2:000002 3:000000 4:000000 5:000202 S:000774 P:001104
001104: movb    r0,@#177566             R0=065 [177566] 5
---- 0:000065 1:056000 2:000002 3:000000 4:000000 5:000202 S:000774 P:001110
001110: asl     r1                      R1=134000 
n-v- 0:000065 1:134000 2:000002 3:000000 4:000000 5:000202 S:000774 P:001112
001112: asl     r1                      R1=070000 
--vc 0:000065 1:070000 2:000002 3:000000 4:000000 5:000202 S:000774 P:001114
001114: asl     r1                      R1=160000 
n-v- 0:000065 1:160000 2:000002 3:000000 4:000000 5:000202 S:000774 P:001116
001116: sob     r2,001052               
n-v- 0:000065 1:160000 2:000001 3:000000 4:000000 5:000202 S:000774 P:001052
001052: mov     r1,r0                   R1=160000 
n--- 0:160000 1:160000 2:000001 3:000000 4:000000 5:000202 S:000774 P:001054
001054: rol     r0                      R0=140000 
n--c 0:140000 1:160000 2:000001 3:000000 4:000000 5:000202 S:000774 P:001056
001056: rol     r0                      R0=100001 
n--c 0:100001 1:160000 2:000001 3:000000 4:000000 5:000202 S:000774 P:001060
001060: rol     r0                      R0=000003 
--vc 0:000003 1:160000 2:000001 3:000000 4:000000 5:000202 S:000774 P:001062
001062: rol     r0                      R0=000007 
---- 0:000007 1:160000 2:000001 3:000000 4:000000 5:000202 S:000774 P:001064
001064: rol     r0                      R0=000016 
---- 0:000016 1:160000 2:000001 3:000000 4:000000 5:000202 S:000774 P:001066
001066: bic     #177770,r0              [001070]=177770 R0=000006 
---- 0:000006 1:160000 2:000001 3:000000 4:000000 5:000202 S:000774 P:001072
001072: add     #000060,r0              [001074]=000060 R0=000066 
---- 0:000066 1:160000 2:000001 3:000000 4:000000 5:000202 S:000774 P:001076
001076: tstb    @#177564                [177564]=200 
n--- 0:000066 1:160000 2:000001 3:000000 4:000000 5:000202 S:000774 P:001102
001102: bpl     001076                  
n--- 0:000066 1:160000 2:000001 3:000000 4:000000 5:000202 S:000774 P:001104
001104: movb    r0,@#177566             R0=066 [177566] 6
---- 0:000066 1:160000 2:000001 3:000000 4:000000 5:000202 S:000774 P:001110
001110: asl     r1                      R1=140000 
n--c 0:000066 1:140000 2:000001 3:000000 4:000000 5:000202 S:000774 P:001112
001112: asl     r1                      R1=100000 
n--c 0:000066 1:100000 2:000001 3:000000 4:000000 5:000202 S:000774 P:001114
001114: asl     r1                      R1=000000 
-zvc 0:000066 1:000000 2:000001 3:000000 4:000000 5:000202 S:000774 P:001116
001116: sob     r2,001052               
-zvc 0:000066 1:000000 2:000000 3:000000 4:000000 5:000202 S:000774 P:001120
001120: mov     #000012,r0              [001122]=000012 
---c 0:000012 1:000000 2:000000 3:000000 4:000000 5:000202 S:000774 P:001124
001124: tstb    @#177564                [177564]=200 
n--- 0:000012 1:000000 2:000000 3:000000 4:000000 5:000202 S:000774 P:001130
001130: bpl     001124                  
n--- 0:000012 1:000000 2:000000 3:000000 4:000000 5:000202 S:000774 P:001132
001132: movb    r0,@#177566             R0=012 [177566] 

---- 0:000012 1:000000 2:000000 3:000000 4:000000 5:000202 S:000774 P:001136
001136: mov     #000015,r0              [001140]=000015 
---- 0:000015 1:000000 2:000000 3:000000 4:000000 5:000202 S:000774 P:001142
001142: tstb    @#177564                [177564]=200 
n--- 0:000015 1:000000 2:000000 3:000000 4:000000 5:000202 S:000774 P:001146
001146: bpl     001142                  
n--- 0:000015 1:000000 2:000000 3:000000 4:000000 5:000202 S:000774 P:001150
001150: movb    r0,@#177566             R0=015 [177566] 
---- 0:000015 1:000000 2:000000 3:000000 4:000000 5:000202 S:000774 P:001154
001154: br      001010                  
---- 0:000015 1:000000 2:000000 3:000000 4:000000 5:000202 S:000774 P:001010
001010: mov     (r5)+,r0                [000202]=165432 
n--- 0:165432 1:000000 2:000000 3:000000 4:000000 5:000204 S:000774 P:001012
001012: beq     001156                  
n--- 0:165432 1:000000 2:000000 3:000000 4:000000 5:000204 S:000774 P:001014
001014: mov     r1,-(sp)                R1=000000 [000772] 
-z-- 0:165432 1:000000 2:000000 3:000000 4:000000 5:000204 S:000772 P:001016
001016: mov     r2,-(sp)                R2=000000 [000770] 
-z-- 0:165432 1:000000 2:000000 3:000000 4:000000 5:000204 S:000770 P:001020
001020: mov     r0,r1                   R0=165432 
n--- 0:165432 1:165432 2:000000 3:000000 4:000000 5:000204 S:000770 P:001022
001022: mov     #000005,r2              [001024]=000005 
---- 0:165432 1:165432 2:000005 3:000000 4:000000 5:000204 S:000770 P:001026
001026: movb    #000060,r0              [001030]=060 
---- 0:000060 1:165432 2:000005 3:000000 4:000000 5:000204 S:000770 P:001032
001032: tst     r1                      R1=165432 
n--- 0:000060 1:165432 2:000005 3:000000 4:000000 5:000204 S:000770 P:001034
001034: bpl     001040                  
n--- 0:000060 1:165432 2:000005 3:000000 4:000000 5:000204 S:000770 P:001036
001036: inc     r0                      R0=000061 
---- 0:000061 1:165432 2:000005 3:000000 4:000000 5:000204 S:000770 P:001040
001040: tstb    @#177564                [177564]=200 
n--- 0:000061 1:165432 2:000005 3:000000 4:000000 5:000204 S:000770 P:001044
001044: bpl     001040                  
n--- 0:000061 1:165432 2:000005 3:000000 4:000000 5:000204 S:000770 P:001046
001046: movb    r0,@#177566             R0=061 [177566] 1
---- 0:000061 1:165432 2:000005 3:000000 4:000000 5:000204 S:000770 P:001052
001052: mov     r1,r0                   R1=165432 
n--- 0:165432 1:165432 2:000005 3:000000 4:000000 5:000204 S:000770 P:001054
001054: rol     r0                      R0=153064 
n--c 0:153064 1:165432 2:000005 3:000000 4:000000 5:000204 S:000770 P:001056
001056: rol     r0                      R0=126151 
n--c 0:126151 1:165432 2:000005 3:000000 4:000000 5:000204 S:000770 P:001060
001060: rol     r0                      R0=054323 
--vc 0:054323 1:165432 2:000005 3:000000 4:000000 5:000204 S:000770 P:001062
001062: rol     r0                      R0=130647 
n-v- 0:130647 1:165432 2:000005 3:000000 4:000000 5:000204 S:000770 P:001064
001064: rol     r0                      R0=061516 
--vc 0:061516 1:165432 2:000005 3:000000 4:000000 5:000204 S:000770 P:001066
001066: bic     #177770,r0              [001070]=177770 R0=000006 
---c 0:000006 1:165432 2:000005 3:000000 4:000000 5:000204 S:000770 P:001072
001072: add     #000060,r0              [001074]=000060 R0=000066 
---- 0:000066 1:165432 2:000005 3:000000 4:000000 5:000204 S:000770 P:001076
001076: tstb    @#177564                [177564]=200 
n--- 0:000066 1:165432 2:000005 3:000000 4:000000 5:000204 S:000770 P:001102
001102: bpl     001076                  
n--- 0:000066 1:165432 2:000005 3:000000 4:000000 5:000204 S:000770 P:001104
001104: movb    r0,@#177566             R0=066 [177566] 6
---- 0:000066 1:165432 2:000005 3:000000 4:000000 5:000204 S:000770 P:001110
001110: asl     r1                      R1=153064 
n--c 0:000066 1:153064 2:000005 3:000000 4:000000 5:000204 S:000770 P:001112
001112: asl     r1                      R1=126150 
n--c 0:000066 1:126150 2:000005 3:000000 4:000000 5:000204 S:000770 P:001114
001114: asl     r1                      R1=054320 
--vc 0:000066 1:054320 2:000005 3:000000 4:000000 5:000204 S:000770 P:001116
001116: sob     r2,001052               
--vc 0:000066 1:054320 2:000004 3:000000 4:000000 5:000204 S:000770 P:001052
001052: mov     r1,r0                   R1=054320 
---c 0:054320 1:054320 2:000004 3:000000 4:000000 5:000204 S:000770 P:001054
001054: rol     r0                      R0=130641 
n-v- 0:130641 1:054320 2:000004 3:000000 4:000000 5:000204 S:000770 P:001056
001056: rol     r0                      R0=061502 
--vc 0:061502 1:054320 2:000004 3:000000 4:000000 5:000204 S:000770 P:001060
001060: rol     r0                      R0=143205 
n-v- 0:143205 1:054320 2:000004 3:000000 4:000000 5:000204 S:000770 P:001062
001062: rol     r0                      R0=106412 
n--c 0:106412 1:054320 2:000004 3:000000 4:000000 5:000204 S:000770 P:001064
001064: rol     r0                      R0=015025 
--vc 0:015025 1:054320 2:000004 3:000000 4:000000 5:000204 S:000770 P:001066
001066: bic     #177770,r0              [001070]=177770 R0=000005 
---c 0:000005 1:054320 2:000004 3:000000 4:000000 5:000204 S:000770 P:001072
001072: add     #000060,r0              [001074]=000060 R0=000065 
---- 0:000065 1:054320 2:000004 3:000000 4:000000 5:000204 S:000770 P:001076
001076: tstb    @#177564                [177564]=200 
n--- 0:000065 1:054320 2:000004 3:000000 4:000000 5:000204 S:000770 P:001102
001102: bpl     001076                  
n--- 0:000065 1:054320 2:000004 3:000000 4:000000 5:000204 S:000770 P:001104
001104: movb    r0,@#177566             R0=065 [177566] 5
---- 0:000065 1:054320 2:000004 3:000000 4:000000 5:000204 S:000770 P:001110
001110: asl     r1                      R1=130640 
n-v- 0:000065 1:130640 2:000004 3:000000 4:000000 5:000204 S:000770 P:001112
001112: asl     r1                      R1=061500 
--vc 0:000065 1:061500 2:000004 3:000000 4:000000 5:000204 S:000770 P:001114
001114: asl     r1                      R1=143200 
n-v- 0:000065 1:143200 2:000004 3:000000 4:000000 5:000204 S:000770 P:001116
001116: sob     r2,001052               
n-v- 0:000065 1:143200 2:000003 3:000000 4:000000 5:000204 S:000770 P:001052
001052: mov     r1,r0                   R1=143200 
n--- 0:143200 1:143200 2:000003 3:000000 4:000000 5:000204 S:000770 P:001054
001054: rol     r0                      R0=106400 
n--c 0:106400 1:143200 2:000003 3:000000 4:000000 5:000204 S:000770 P:001056
001056: rol     r0                      R0=015001 
--vc 0:015001 1:143200 2:000003 3:000000 4:000000 5:000204 S:000770 P:001060
001060: rol     r0                      R0=032003 
---- 0:032003 1:143200 2:000003 3:000000 4:000000 5:000204 S:000770 P:001062
001062: rol     r0                      R0=064006 
---- 0:064006 1:143200 2:000003 3:000000 4:000000 5:000204 S:000770 P:001064
001064: rol     r0                      R0=150014 
n-v- 0:150014 1:143200 2:000003 3:000000 4:000000 5:000204 S:000770 P:001066
001066: bic     #177770,r0              [001070]=177770 R0=000004 
---- 0:000004 1:143200 2:000003 3:000000 4:000000 5:000204 S:000770 P:001072
001072: add     #000060,r0              [001074]=000060 R0=000064 
---- 0:000064 1:143200 2:000003 3:000000 4:000000 5:000204 S:000770 P:001076
001076: tstb    @#177564                [177564]=200 
n--- 0:000064 1:143200 2:000003 3:000000 4:000000 5:000204 S:000770 P:001102
001102: bpl     001076                  
n--- 0:000064 1:143200 2:000003 3:000000 4:000000 5:000204 S:000770 P:001104
001104: movb    r0,@#177566             R0=064 [177566] 4
---- 0:000064 1:143200 2:000003 3:000000 4:000000 5:000204 S:000770 P:001110
001110: asl     r1                      R1=106400 
n--c 0:000064 1:106400 2:000003 3:000000 4:000000 5:000204 S:000770 P:001112
001112: asl     r1                      R1=015000 
--vc 0:000064 1:015000 2:000003 3:000000 4:000000 5:000204 S:000770 P:001114
001114: asl     r1                      R1=032000 
---- 0:000064 1:032000 2:000003 3:000000 4:000000 5:000204 S:000770 P:001116
001116: sob     r2,001052               
---- 0:000064 1:032000 2:000002 3:000000 4:000000 5:000204 S:000770 P:001052
001052: mov     r1,r0                   R1=032000 
---- 0:032000 1:032000 2:000002 3:000000 4:000000 5:000204 S:000770 P:001054
001054: rol     r0                      R0=064000 
---- 0:064000 1:032000 2:000002 3:000000 4:000000 5:000204 S:000770 P:001056
001056: rol     r0                      R0=150000 
n-v- 0:150000 1:032000 2:000002 3:000000 4:000000 5:000204 S:000770 P:001060
001060: rol     r0                      R0=120000 
n--c 0:120000 1:032000 2:000002 3:000000 4:000000 5:000204 S:000770 P:001062
001062: rol     r0                      R0=040001 
--vc 0:040001 1:032000 2:000002 3:000000 4:000000 5:000204 S:000770 P:001064
001064: rol     r0                      R0=100003 
n-v- 0:100003 1:032000 2:000002 3:000000 4:000000 5:000204 S:000770 P:001066
001066: bic     #177770,r0              [001070]=177770 R0=000003 
---- 0:000003 1:032000 2:000002 3:000000 4:000000 5:000204 S:000770 P:001072
001072: add     #000060,r0              [001074]=000060 R0=000063 
---- 0:000063 1:032000 2:000002 3:000000 4:000000 5:000204 S:000770 P:001076
001076: tstb    @#177564                [177564]=200 
n--- 0:000063 1:032000 2:000002 3:000000 4:000000 5:000204 S:000770 P:001102
001102: bpl     001076                  
n--- 0:000063 1:032000 2:000002 3:000000 4:000000 5:000204 S:000770 P:001104
001104: movb    r0,@#177566             R0=063 [177566] 3
---- 0:000063 1:032000 2:000002 3:000000 4:000000 5:000204 S:000770 P:001110
001110: asl     r1                      R1=064000 
---- 0:000063 1:064000 2:000002 3:000000 4:000000 5:000204 S:000770 P:001112
001112: asl     r1                      R1=150000 
n-v- 0:000063 1:150000 2:000002 3:000000 4:000000 5:000204 S:000770 P:001114
001114: asl     r1                      R1=120000 
n--c 0:000063 1:120000 2:000002 3:000000 4:000000 5:000204 S:000770 P:001116
001116: sob     r2,001052               
n--c 0:000063 1:120000 2:000001 3:000000 4:000000 5:000204 S:000770 P:001052
001052: mov     r1,r0                   R1=120000 
n--c 0:120000 1:120000 2:000001 3:000000 4:000000 5:000204 S:000770 P:001054
001054: rol     r0                      R0=040001 
--vc 0:040001 1:120000 2:000001 3:000000 4:000000 5:000204 S:000770 P:001056
001056: rol     r0                      R0=100003 
n-v- 0:100003 1:120000 2:000001 3:000000 4:000000 5:000204 S:000770 P:001060
001060: rol     r0                      R0=000006 
--vc 0:000006 1:120000 2:000001 3:000000 4:000000 5:000204 S:000770 P:001062
001062: rol     r0                      R0=000015 
---- 0:000015 1:120000 2:000001 3:000000 4:000000 5:000204 S:000770 P:001064
001064: rol     r0                      R0=000032 
---- 0:000032 1:120000 2:000001 3:000000 4:000000 5:000204 S:000770 P:001066
001066: bic     #177770,r0              [001070]=177770 R0=000002 
---- 0:000002 1:120000 2:000001 3:000000 4:000000 5:000204 S:000770 P:001072
001072: add     #000060,r0              [001074]=000060 R0=000062 
---- 0:000062 1:120000 2:000001 3:000000 4:000000 5:000204 S:000770 P:001076
001076: tstb    @#177564                [177564]=200 
n--- 0:000062 1:120000 2:000001 3:000000 4:000000 5:000204 S:000770 P:001102
001102: bpl     001076                  
n--- 0:000062 1:120000 2:000001 3:000000 4:000000 5:000204 S:000770 P:001104
001104: movb    r0,@#177566             R0=062 [177566] 2
---- 0:000062 1:120000 2:000001 3:000000 4:000000 5:000204 S:000770 P:001110
001110: asl     r1                      R1=040000 
--vc 0:000062 1:040000 2:000001 3:000000 4:000000 5:000204 S:000770 P:001112
001112: asl     r1                      R1=100000 
n-v- 0:000062 1:100000 2:000001 3:000000 4:000000 5:000204 S:000770 P:001114
001114: asl     r1                      R1=000000 
-zvc 0:000062 1:000000 2:000001 3:000000 4:000000 5:000204 S:000770 P:001116
001116: sob     r2,001052               
-zvc 0:000062 1:000000 2:000000 3:000000 4:000000 5:000204 S:000770 P:001120
001120: mov     #000012,r0              [001122]=000012 
---c 0:000012 1:000000 2:000000 3:000000 4:000000 5:000204 S:000770 P:001124
001124: tstb    @#177564                [177564]=200 
n--- 0:000012 1:000000 2:000000 3:000000 4:000000 5:000204 S:000770 P:001130
001130: bpl     001124                  
n--- 0:000012 1:000000 2:000000 3:000000 4:000000 5:000204 S:000770 P:001132
001132: movb    r0,@#177566             R0=012 [177566] 

---- 0:000012 1:000000 2:000000 3:000000 4:000000 5:000204 S:000770 P:001136
001136: mov     #000015,r0              [001140]=000015 
---- 0:000015 1:000000 2:000000 3:000000 4:000000 5:000204 S:000770 P:001142
001142: tstb    @#177564                [177564]=200 
n--- 0:000015 1:000000 2:000000 3:000000 4:000000 5:000204 S:000770 P:001146
001146: bpl     001142                  
n--- 0:000015 1:000000 2:000000 3:000000 4:000000 5:000204 S:000770 P:001150
001150: movb    r0,@#177566             R0=015 [177566] 
---- 0:000015 1:000000 2:000000 3:000000 4:000000 5:000204 S:000770 P:001154
001154: br      001010                  
---- 0:000015 1:000000 2:000000 3:000000 4:000000 5:000204 S:000770 P:001010
001010: mov     (r5)+,r0                [000204]=000001 
---- 0:000001 1:000000 2:000000 3:000000 4:000000 5:000206 S:000770 P:001012
001012: beq     001156                  
---- 0:000001 1:000000 2:000000 3:000000 4:000000 5:000206 S:000770 P:001014
001014: mov     r1,-(sp)                R1=000000 [000766] 
-z-- 0:000001 1:000000 2:000000 3:000000 4:000000 5:000206 S:000766 P:001016
001016: mov     r2,-(sp)                R2=000000 [000764] 
-z-- 0:000001 1:000000 2:000000 3:000000 4:000000 5:000206 S:000764 P:001020
001020: mov     r0,r1                   R0=000001 
---- 0:000001 1:000001 2:000000 3:000000 4:000000 5:000206 S:000764 P:001022
001022: mov     #000005,r2              [001024]=000005 
---- 0:000001 1:000001 2:000005 3:000000 4:000000 5:000206 S:000764 P:001026
001026: movb    #000060,r0              [001030]=060 
---- 0:000060 1:000001 2:000005 3:000000 4:000000 5:000206 S:000764 P:001032
001032: tst     r1                      R1=000001 
---- 0:000060 1:000001 2:000005 3:000000 4:000000 5:000206 S:000764 P:001034
001034: bpl     001040                  
---- 0:000060 1:000001 2:000005 3:000000 4:000000 5:000206 S:000764 P:001040
001040: tstb    @#177564                [177564]=200 
n--- 0:000060 1:000001 2:000005 3:000000 4:000000 5:000206 S:000764 P:001044
001044: bpl     001040                  
n--- 0:000060 1:000001 2:000005 3:000000 4:000000 5:000206 S:000764 P:001046
001046: movb    r0,@#177566             R0=060 [177566] 0
---- 0:000060 1:000001 2:000005 3:000000 4:000000 5:000206 S:000764 P:001052
001052: mov     r1,r0                   R1=000001 
---- 0:000001 1:000001 2:000005 3:000000 4:000000 5:000206 S:000764 P:001054
001054: rol     r0                      R0=000002 
---- 0:000002 1:000001 2:000005 3:000000 4:000000 5:000206 S:000764 P:001056
001056: rol     r0                      R0=000004 
---- 0:000004 1:000001 2:000005 3:000000 4:000000 5:000206 S:000764 P:001060
001060: rol     r0                      R0=000010 
---- 0:000010 1:000001 2:000005 3:000000 4:000000 5:000206 S:000764 P:001062
001062: rol     r0                      R0=000020 
---- 0:000020 1:000001 2:000005 3:000000 4:000000 5:000206 S:000764 P:001064
001064: rol     r0                      R0=000040 
---- 0:000040 1:000001 2:000005 3:000000 4:000000 5:000206 S:000764 P:001066
001066: bic     #177770,r0              [001070]=177770 R0=000000 
-z-- 0:000000 1:000001 2:000005 3:000000 4:000000 5:000206 S:000764 P:001072
001072: add     #000060,r0              [001074]=000060 R0=000060 
---- 0:000060 1:000001 2:000005 3:000000 4:000000 5:000206 S:000764 P:001076
001076: tstb    @#177564                [177564]=200 
n--- 0:000060 1:000001 2:000005 3:000000 4:000000 5:000206 S:000764 P:001102
001102: bpl     001076                  
n--- 0:000060 1:000001 2:000005 3:000000 4:000000 5:000206 S:000764 P:001104
001104: movb    r0,@#177566             R0=060 [177566] 0
---- 0:000060 1:000001 2:000005 3:000000 4:000000 5:000206 S:000764 P:001110
001110: asl     r1                      R1=000002 
---- 0:000060 1:000002 2:000005 3:000000 4:000000 5:000206 S:000764 P:001112
001112: asl     r1                      R1=000004 
---- 0:000060 1:000004 2:000005 3:000000 4:000000 5:000206 S:000764 P:001114
001114: asl     r1                      R1=000010 
---- 0:000060 1:000010 2:000005 3:000000 4:000000 5:000206 S:000764 P:001116
001116: sob     r2,001052               
---- 0:000060 1:000010 2:000004 3:000000 4:000000 5:000206 S:000764 P:001052
001052: mov     r1,r0                   R1=000010 
---- 0:000010 1:000010 2:000004 3:000000 4:000000 5:000206 S:000764 P:001054
001054: rol     r0                      R0=000020 
---- 0:000020 1:000010 2:000004 3:000000 4:000000 5:000206 S:000764 P:001056
001056: rol     r0                      R0=000040 
---- 0:000040 1:000010 2:000004 3:000000 4:000000 5:000206 S:000764 P:001060
001060: rol     r0                      R0=000100 
---- 0:000100 1:000010 2:000004 3:000000 4:000000 5:000206 S:000764 P:001062
001062: rol     r0                      R0=000200 
---- 0:000200 1:000010 2:000004 3:000000 4:000000 5:000206 S:000764 P:001064
001064: rol     r0                      R0=000400 
---- 0:000400 1:000010 2:000004 3:000000 4:000000 5:000206 S:000764 P:001066
001066: bic     #177770,r0              [001070]=177770 R0=000000 
-z-- 0:000000 1:000010 2:000004 3:000000 4:000000 5:000206 S:000764 P:001072
001072: add     #000060,r0              [001074]=000060 R0=000060 
---- 0:000060 1:000010 2:000004 3:000000 4:000000 5:000206 S:000764 P:001076
001076: tstb    @#177564                [177564]=200 
n--- 0:000060 1:000010 2:000004 3:000000 4:000000 5:000206 S:000764 P:001102
001102: bpl     001076                  
n--- 0:000060 1:000010 2:000004 3:000000 4:000000 5:000206 S:000764 P:001104
001104: movb    r0,@#177566             R0=060 [177566] 0
---- 0:000060 1:000010 2:000004 3:000000 4:000000 5:000206 S:000764 P:001110
001110: asl     r1                      R1=000020 
---- 0:000060 1:000020 2:000004 3:000000 4:000000 5:000206 S:000764 P:001112
001112: asl     r1                      R1=000040 
---- 0:000060 1:000040 2:000004 3:000000 4:000000 5:000206 S:000764 P:001114
001114: asl     r1                      R1=000100 
---- 0:000060 1:000100 2:000004 3:000000 4:000000 5:000206 S:000764 P:001116
001116: sob     r2,001052               
---- 0:000060 1:000100 2:000003 3:000000 4:000000 5:000206 S:000764 P:001052
001052: mov     r1,r0                   R1=000100 
---- 0:000100 1:000100 2:000003 3:000000 4:000000 5:000206 S:000764 P:001054
001054: rol     r0                      R0=000200 
---- 0:000200 1:000100 2:000003 3:000000 4:000000 5:000206 S:000764 P:001056
001056: rol     r0                      R0=000400 
---- 0:000400 1:000100 2:000003 3:000000 4:000000 5:000206 S:000764 P:001060
001060: rol     r0                      R0=001000 
---- 0:001000 1:000100 2:000003 3:000000 4:000000 5:000206 S:000764 P:001062
001062: rol     r0                      R0=002000 
---- 0:002000 1:000100 2:000003 3:000000 4:000000 5:000206 S:000764 P:001064
001064: rol     r0                      R0=004000 
---- 0:004000 1:000100 2:000003 3:000000 4:000000 5:000206 S:000764 P:001066
001066: bic     #177770,r0              [001070]=177770 R0=000000 
-z-- 0:000000 1:000100 2:000003 3:000000 4:000000 5:000206 S:000764 P:001072
001072: add     #000060,r0              [001074]=000060 R0=000060 
---- 0:000060 1:000100 2:000003 3:000000 4:000000 5:000206 S:000764 P:001076
001076: tstb    @#177564                [177564]=200 
n--- 0:000060 1:000100 2:000003 3:000000 4:000000 5:000206 S:000764 P:001102
001102: bpl     001076                  
n--- 0:000060 1:000100 2:000003 3:000000 4:000000 5:000206 S:000764 P:001104
001104: movb    r0,@#177566             R0=060 [177566] 0
---- 0:000060 1:000100 2:000003 3:000000 4:000000 5:000206 S:000764 P:001110
001110: asl     r1                      R1=000200 
---- 0:000060 1:000200 2:000003 3:000000 4:000000 5:000206 S:000764 P:001112
001112: asl     r1                      R1=000400 
---- 0:000060 1:000400 2:000003 3:000000 4:000000 5:000206 S:000764 P:001114
001114: asl     r1                      R1=001000 
---- 0:000060 1:001000 2:000003 3:000000 4:000000 5:000206 S:000764 P:001116
001116: sob     r2,001052               
---- 0:000060 1:001000 2:000002 3:000000 4:000000 5:000206 S:000764 P:001052
001052: mov     r1,r0                   R1=001000 
---- 0:001000 1:001000 2:000002 3:000000 4:000000 5:000206 S:000764 P:001054
001054: rol     r0                      R0=002000 
---- 0:002000 1:001000 2:000002 3:000000 4:000000 5:000206 S:000764 P:001056
001056: rol     r0                      R0=004000 
---- 0:004000 1:001000 2:000002 3:000000 4:000000 5:000206 S:000764 P:001060
001060: rol     r0                      R0=010000 
---- 0:010000 1:001000 2:000002 3:000000 4:000000 5:000206 S:000764 P:001062
001062: rol     r0                      R0=020000 
---- 0:020000 1:001000 2:000002 3:000000 4:000000 5:000206 S:000764 P:001064
001064: rol     r0                      R0=040000 
---- 0:040000 1:001000 2:000002 3:000000 4:000000 5:000206 S:000764 P:001066
001066: bic     #177770,r0              [001070]=177770 R0=000000 
-z-- 0:000000 1:001000 2:000002 3:000000 4:000000 5:000206 S:000764 P:001072
001072: add     #000060,r0              [001074]=000060 R0=000060 
---- 0:000060 1:001000 2:000002 3:000000 4:000000 5:000206 S:000764 P:001076
001076: tstb    @#177564                [177564]=200 
n--- 0:000060 1:001000 2:000002 3:000000 4:000000 5:000206 S:000764 P:001102
001102: bpl     001076                  
n--- 0:000060 1:001000 2:000002 3:000000 4:000000 5:000206 S:000764 P:001104
001104: movb    r0,@#177566             R0=060 [177566] 0
---- 0:000060 1:001000 2:000002 3:000000 4:000000 5:000206 S:000764 P:001110
001110: asl     r1                      R1=002000 
---- 0:000060 1:002000 2:000002 3:000000 4:000000 5:000206 S:000764 P:001112
001112: asl     r1                      R1=004000 
---- 0:000060 1:004000 2:000002 3:000000 4:000000 5:000206 S:000764 P:001114
001114: asl     r1                      R1=010000 
---- 0:000060 1:010000 2:000002 3:000000 4:000000 5:000206 S:000764 P:001116
001116: sob     r2,001052               
---- 0:000060 1:010000 2:000001 3:000000 4:000000 5:000206 S:000764 P:001052
001052: mov     r1,r0                   R1=010000 
---- 0:010000 1:010000 2:000001 3:000000 4:000000 5:000206 S:000764 P:001054
001054: rol     r0                      R0=020000 
---- 0:020000 1:010000 2:000001 3:000000 4:000000 5:000206 S:000764 P:001056
001056: rol     r0                      R0=040000 
---- 0:040000 1:010000 2:000001 3:000000 4:000000 5:000206 S:000764 P:001060
001060: rol     r0                      R0=100000 
n-v- 0:100000 1:010000 2:000001 3:000000 4:000000 5:000206 S:000764 P:001062
001062: rol     r0                      R0=000000 
-zvc 0:000000 1:010000 2:000001 3:000000 4:000000 5:000206 S:000764 P:001064
001064: rol     r0                      R0=000001 
---- 0:000001 1:010000 2:000001 3:000000 4:000000 5:000206 S:000764 P:001066
001066: bic     #177770,r0              [001070]=177770 R0=000001 
---- 0:000001 1:010000 2:000001 3:000000 4:000000 5:000206 S:000764 P:001072
001072: add     #000060,r0              [001074]=000060 R0=000061 
---- 0:000061 1:010000 2:000001 3:000000 4:000000 5:000206 S:000764 P:001076
001076: tstb    @#177564                [177564]=200 
n--- 0:000061 1:010000 2:000001 3:000000 4:000000 5:000206 S:000764 P:001102
001102: bpl     001076                  
n--- 0:000061 1:010000 2:000001 3:000000 4:000000 5:000206 S:000764 P:001104
001104: movb    r0,@#177566             R0=061 [177566] 1
---- 0:000061 1:010000 2:000001 3:000000 4:000000 5:000206 S:000764 P:001110
001110: asl     r1                      R1=020000 
---- 0:000061 1:020000 2:000001 3:000000 4:000000 5:000206 S:000764 P:001112
001112: asl     r1                      R1=040000 
---- 0:000061 1:040000 2:000001 3:000000 4:000000 5:000206 S:000764 P:001114
001114: asl     r1                      R1=100000 
n-v- 0:000061 1:100000 2:000001 3:000000 4:000000 5:000206 S:000764 P:001116
001116: sob     r2,001052               
n-v- 0:000061 1:100000 2:000000 3:000000 4:000000 5:000206 S:000764 P:001120
001120: mov     #000012,r0              [001122]=000012 
---- 0:000012 1:100000 2:000000 3:000000 4:000000 5:000206 S:000764 P:001124
001124: tstb    @#177564                [177564]=200 
n--- 0:000012 1:100000 2:000000 3:000000 4:000000 5:000206 S:000764 P:001130
001130: bpl     001124                  
n--- 0:000012 1:100000 2:000000 3:000000 4:000000 5:000206 S:000764 P:001132
001132: movb    r0,@#177566             R0=012 [177566] 

---- 0:000012 1:100000 2:000000 3:000000 4:000000 5:000206 S:000764 P:001136
001136: mov     #000015,r0              [001140]=000015 
---- 0:000015 1:100000 2:000000 3:000000 4:000000 5:000206 S:000764 P:001142
001142: tstb    @#177564                [177564]=200 
n--- 0:000015 1:100000 2:000000 3:000000 4:000000 5:000206 S:000764 P:001146
001146: bpl     001142                  
n--- 0:000015 1:100000 2:000000 3:000000 4:000000 5:000206 S:000764 P:001150
001150: movb    r0,@#177566             R0=015 [177566] 
---- 0:000015 1:100000 2:000000 3:000000 4:000000 5:000206 S:000764 P:001154
001154: br      001010                  
---- 0:000015 1:100000 2:000000 3:000000 4:000000 5:000206 S:000764 P:001010
001010: mov     (r5)+,r0                [000206]=000002 
---- 0:000002 1:100000 2:000000 3:000000 4:000000 5:000210 S:000764 P:001012
001012: beq     001156                  
---- 0:000002 1:100000 2:000000 3:000000 4:000000 5:000210 S:000764 P:001014
001014: mov     r1,-(sp)                R1=100000 [000762] 
n--- 0:000002 1:100000 2:000000 3:000000 4:000000 5:000210 S:000762 P:001016
001016: mov     r2,-(sp)                R2=000000 [000760] 
-z-- 0:000002 1:100000 2:000000 3:000000 4:000000 5:000210 S:000760 P:001020
001020: mov     r0,r1                   R0=000002 
---- 0:000002 1:000002 2:000000 3:000000 4:000000 5:000210 S:000760 P:001022
001022: mov     #000005,r2              [001024]=000005 
---- 0:000002 1:000002 2:000005 3:000000 4:000000 5:000210 S:000760 P:001026
001026: movb    #000060,r0              [001030]=060 
---- 0:000060 1:000002 2:000005 3:000000 4:000000 5:000210 S:000760 P:001032
001032: tst     r1                      R1=000002 
---- 0:000060 1:000002 2:000005 3:000000 4:000000 5:000210 S:000760 P:001034
001034: bpl     001040                  
---- 0:000060 1:000002 2:000005 3:000000 4:000000 5:000210 S:000760 P:001040
001040: tstb    @#177564                [177564]=200 
n--- 0:000060 1:000002 2:000005 3:000000 4:000000 5:000210 S:000760 P:001044
001044: bpl     001040                  
n--- 0:000060 1:000002 2:000005 3:000000 4:000000 5:000210 S:000760 P:001046
001046: movb    r0,@#177566             R0=060 [177566] 0
---- 0:000060 1:000002 2:000005 3:000000 4:000000 5:000210 S:000760 P:001052
001052: mov     r1,r0                   R1=000002 
---- 0:000002 1:000002 2:000005 3:000000 4:000000 5:000210 S:000760 P:001054
001054: rol     r0                      R0=000004 
---- 0:000004 1:000002 2:000005 3:000000 4:000000 5:000210 S:000760 P:001056
001056: rol     r0                      R0=000010 
---- 0:000010 1:000002 2:000005 3:000000 4:000000 5:000210 S:000760 P:001060
001060: rol     r0                      R0=000020 
---- 0:000020 1:000002 2:000005 3:000000 4:000000 5:000210 S:000760 P:001062
001062: rol     r0                      R0=000040 
---- 0:000040 1:000002 2:000005 3:000000 4:000000 5:000210 S:000760 P:001064
001064: rol     r0                      R0=000100 
---- 0:000100 1:000002 2:000005 3:000000 4:000000 5:000210 S:000760 P:001066
001066: bic     #177770,r0              [001070]=177770 R0=000000 
-z-- 0:000000 1:000002 2:000005 3:000000 4:000000 5:000210 S:000760 P:001072
001072: add     #000060,r0              [001074]=000060 R0=000060 
---- 0:000060 1:000002 2:000005 3:000000 4:000000 5:000210 S:000760 P:001076
001076: tstb    @#177564                [177564]=200 
n--- 0:000060 1:000002 2:000005 3:000000 4:000000 5:000210 S:000760 P:001102
001102: bpl     001076                  
n--- 0:000060 1:000002 2:000005 3:000000 4:000000 5:000210 S:000760 P:001104
001104: movb    r0,@#177566             R0=060 [177566] 0
---- 0:000060 1:000002 2:000005 3:000000 4:000000 5:000210 S:000760 P:001110
001110: asl     r1                      R1=000004 
---- 0:000060 1:000004 2:000005 3:000000 4:000000 5:000210 S:000760 P:001112
001112: asl     r1                      R1=000010 
---- 0:000060 1:000010 2:000005 3:000000 4:000000 5:000210 S:000760 P:001114
001114: asl     r1                      R1=000020 
---- 0:000060 1:000020 2:000005 3:000000 4:000000 5:000210 S:000760 P:001116
001116: sob     r2,001052               
---- 0:000060 1:000020 2:000004 3:000000 4:000000 5:000210 S:000760 P:001052
001052: mov     r1,r0                   R1=000020 
---- 0:000020 1:000020 2:000004 3:000000 4:000000 5:000210 S:000760 P:001054
001054: rol     r0                      R0=000040 
---- 0:000040 1:000020 2:000004 3:000000 4:000000 5:000210 S:000760 P:001056
001056: rol     r0                      R0=000100 
---- 0:000100 1:000020 2:000004 3:000000 4:000000 5:000210 S:000760 P:001060
001060: rol     r0                      R0=000200 
---- 0:000200 1:000020 2:000004 3:000000 4:000000 5:000210 S:000760 P:001062
001062: rol     r0                      R0=000400 
---- 0:000400 1:000020 2:000004 3:000000 4:000000 5:000210 S:000760 P:001064
001064: rol     r0                      R0=001000 
---- 0:001000 1:000020 2:000004 3:000000 4:000000 5:000210 S:000760 P:001066
001066: bic     #177770,r0              [001070]=177770 R0=000000 
-z-- 0:000000 1:000020 2:000004 3:000000 4:000000 5:000210 S:000760 P:001072
001072: add     #000060,r0              [001074]=000060 R0=000060 
---- 0:000060 1:000020 2:000004 3:000000 4:000000 5:000210 S:000760 P:001076
001076: tstb    @#177564                [177564]=200 
n--- 0:000060 1:000020 2:000004 3:000000 4:000000 5:000210 S:000760 P:001102
001102: bpl     001076                  
n--- 0:000060 1:000020 2:000004 3:000000 4:000000 5:000210 S:000760 P:001104
001104: movb    r0,@#177566             R0=060 [177566] 0
---- 0:000060 1:000020 2:000004 3:000000 4:000000 5:000210 S:000760 P:001110
001110: asl     r1                      R1=000040 
---- 0:000060 1:000040 2:000004 3:000000 4:000000 5:000210 S:000760 P:001112
001112: asl     r1                      R1=000100 
---- 0:000060 1:000100 2:000004 3:000000 4:000000 5:000210 S:000760 P:001114
001114: asl     r1                      R1=000200 
---- 0:000060 1:000200 2:000004 3:000000 4:000000 5:000210 S:000760 P:001116
001116: sob     r2,001052               
---- 0:000060 1:000200 2:000003 3:000000 4:000000 5:000210 S:000760 P:001052
001052: mov     r1,r0                   R1=000200 
---- 0:000200 1:000200 2:000003 3:000000 4:000000 5:000210 S:000760 P:001054
001054: rol     r0                      R0=000400 
---- 0:000400 1:000200 2:000003 3:000000 4:000000 5:000210 S:000760 P:001056
001056: rol     r0                      R0=001000 
---- 0:001000 1:000200 2:000003 3:000000 4:000000 5:000210 S:000760 P:001060
001060: rol     r0                      R0=002000 
---- 0:002000 1:000200 2:000003 3:000000 4:000000 5:000210 S:000760 P:001062
001062: rol     r0                      R0=004000 
---- 0:004000 1:000200 2:000003 3:000000 4:000000 5:000210 S:000760 P:001064
001064: rol     r0                      R0=010000 
---- 0:010000 1:000200 2:000003 3:000000 4:000000 5:000210 S:000760 P:001066
001066: bic     #177770,r0              [001070]=177770 R0=000000 
-z-- 0:000000 1:000200 2:000003 3:000000 4:000000 5:000210 S:000760 P:001072
001072: add     #000060,r0              [001074]=000060 R0=000060 
---- 0:000060 1:000200 2:000003 3:000000 4:000000 5:000210 S:000760 P:001076
001076: tstb    @#177564                [177564]=200 
n--- 0:000060 1:000200 2:000003 3:000000 4:000000 5:000210 S:000760 P:001102
001102: bpl     001076                  
n--- 0:000060 1:000200 2:000003 3:000000 4:000000 5:000210 S:000760 P:001104
001104: movb    r0,@#177566             R0=060 [177566] 0
---- 0:000060 1:000200 2:000003 3:000000 4:000000 5:000210 S:000760 P:001110
001110: asl     r1                      R1=000400 
---- 0:000060 1:000400 2:000003 3:000000 4:000000 5:000210 S:000760 P:001112
001112: asl     r1                      R1=001000 
---- 0:000060 1:001000 2:000003 3:000000 4:000000 5:000210 S:000760 P:001114
001114: asl     r1                      R1=002000 
---- 0:000060 1:002000 2:000003 3:000000 4:000000 5:000210 S:000760 P:001116
001116: sob     r2,001052               
---- 0:000060 1:002000 2:000002 3:000000 4:000000 5:000210 S:000760 P:001052
001052: mov     r1,r0                   R1=002000 
---- 0:002000 1:002000 2:000002 3:000000 4:000000 5:000210 S:000760 P:001054
001054: rol     r0                      R0=004000 
---- 0:004000 1:002000 2:000002 3:000000 4:000000 5:000210 S:000760 P:001056
001056: rol     r0                      R0=010000 
---- 0:010000 1:002000 2:000002 3:000000 4:000000 5:000210 S:000760 P:001060
001060: rol     r0                      R0=020000 
---- 0:020000 1:002000 2:000002 3:000000 4:000000 5:000210 S:000760 P:001062
001062: rol     r0                      R0=040000 
---- 0:040000 1:002000 2:000002 3:000000 4:000000 5:000210 S:000760 P:001064
001064: rol     r0                      R0=100000 
n-v- 0:100000 1:002000 2:000002 3:000000 4:000000 5:000210 S:000760 P:001066
001066: bic     #177770,r0              [001070]=177770 R0=000000 
-z-- 0:000000 1:002000 2:000002 3:000000 4:000000 5:000210 S:000760 P:001072
001072: add     #000060,r0              [001074]=000060 R0=000060 
---- 0:000060 1:002000 2:000002 3:000000 4:000000 5:000210 S:000760 P:001076
001076: tstb    @#177564                [177564]=200 
n--- 0:000060 1:002000 2:000002 3:000000 4:000000 5:000210 S:000760 P:001102
001102: bpl     001076                  
n--- 0:000060 1:002000 2:000002 3:000000 4:000000 5:000210 S:000760 P:001104
001104: movb    r0,@#177566             R0=060 [177566] 0
---- 0:000060 1:002000 2:000002 3:000000 4:000000 5:000210 S:000760 P:001110
001110: asl     r1                      R1=004000 
---- 0:000060 1:004000 2:000002 3:000000 4:000000 5:000210 S:000760 P:001112
001112: asl     r1                      R1=010000 
---- 0:000060 1:010000 2:000002 3:000000 4:000000 5:000210 S:000760 P:001114
001114: asl     r1                      R1=020000 
---- 0:000060 1:020000 2:000002 3:000000 4:000000 5:000210 S:000760 P:001116
001116: sob     r2,001052               
---- 0:000060 1:020000 2:000001 3:000000 4:000000 5:000210 S:000760 P:001052
001052: mov     r1,r0                   R1=020000 
---- 0:020000 1:020000 2:000001 3:000000 4:000000 5:000210 S:000760 P:001054
001054: rol     r0                      R0=040000 
---- 0:040000 1:020000 2:000001 3:000000 4:000000 5:000210 S:000760 P:001056
001056: rol     r0                      R0=100000 
n-v- 0:100000 1:020000 2:000001 3:000000 4:000000 5:000210 S:000760 P:001060
001060: rol     r0                      R0=000000 
-zvc 0:000000 1:020000 2:000001 3:000000 4:000000 5:000210 S:000760 P:001062
001062: rol     r0                      R0=000001 
---- 0:000001 1:020000 2:000001 3:000000 4:000000 5:000210 S:000760 P:001064
001064: rol     r0                      R0=000002 
---- 0:000002 1:020000 2:000001 3:000000 4:000000 5:000210 S:000760 P:001066
001066: bic     #177770,r0              [001070]=177770 R0=000002 
---- 0:000002 1:020000 2:000001 3:000000 4:000000 5:000210 S:000760 P:001072
001072: add     #000060,r0              [001074]=000060 R0=000062 
---- 0:000062 1:020000 2:000001 3:000000 4:000000 5:000210 S:000760 P:001076
001076: tstb    @#177564                [177564]=200 
n--- 0:000062 1:020000 2:000001 3:000000 4:000000 5:000210 S:000760 P:001102
001102: bpl     001076                  
n--- 0:000062 1:020000 2:000001 3:000000 4:000000 5:000210 S:000760 P:001104
001104: movb    r0,@#177566             R0=062 [177566] 2
---- 0:000062 1:020000 2:000001 3:000000 4:000000 5:000210 S:000760 P:001110
001110: asl     r1                      R1=040000 
---- 0:000062 1:040000 2:000001 3:000000 4:000000 5:000210 S:000760 P:001112
001112: asl     r1                      R1=100000 
n-v- 0:000062 1:100000 2:000001 3:000000 4:000000 5:000210 S:000760 P:001114
001114: asl     r1                      R1=000000 
-zvc 0:000062 1:000000 2:000001 3:000000 4:000000 5:000210 S:000760 P:001116
001116: sob     r2,001052               
-zvc 0:000062 1:000000 2:000000 3:000000 4:000000 5:000210 S:000760 P:001120
001120: mov     #000012,r0              [001122]=000012 
---c 0:000012 1:000000 2:000000 3:000000 4:000000 5:000210 S:000760 P:001124
001124: tstb    @#177564                [177564]=200 
n--- 0:000012 1:000000 2:000000 3:000000 4:000000 5:000210 S:000760 P:001130
001130: bpl     001124                  
n--- 0:000012 1:000000 2:000000 3:000000 4:000000 5:000210 S:000760 P:001132
001132: movb    r0,@#177566             R0=012 [177566] 

---- 0:000012 1:000000 2:000000 3:000000 4:000000 5:000210 S:000760 P:001136
001136: mov     #000015,r0              [001140]=000015 
---- 0:000015 1:000000 2:000000 3:000000 4:000000 5:000210 S:000760 P:001142
001142: tstb    @#177564                [177564]=200 
n--- 0:000015 1:000000 2:000000 3:000000 4:000000 5:000210 S:000760 P:001146
001146: bpl     001142                  
n--- 0:000015 1:000000 2:000000 3:000000 4:000000 5:000210 S:000760 P:001150
001150: movb    r0,@#177566             R0=015 [177566] 
---- 0:000015 1:000000 2:000000 3:000000 4:000000 5:000210 S:000760 P:001154
001154: br      001010                  
---- 0:000015 1:000000 2:000000 3:000000 4:000000 5:000210 S:000760 P:001010
001010: mov     (r5)+,r0                [000210]=000003 
---- 0:000003 1:000000 2:000000 3:000000 4:000000 5:000212 S:000760 P:001012
001012: beq     001156                  
---- 0:000003 1:000000 2:000000 3:000000 4:000000 5:000212 S:000760 P:001014
001014: mov     r1,-(sp)                R1=000000 [000756] 
-z-- 0:000003 1:000000 2:000000 3:000000 4:000000 5:000212 S:000756 P:001016
001016: mov     r2,-(sp)                R2=000000 [000754] 
-z-- 0:000003 1:000000 2:000000 3:000000 4:000000 5:000212 S:000754 P:001020
001020: mov     r0,r1                   R0=000003 
---- 0:000003 1:000003 2:000000 3:000000 4:000000 5:000212 S:000754 P:001022
001022: mov     #000005,r2              [001024]=000005 
---- 0:000003 1:000003 2:000005 3:000000 4:000000 5:000212 S:000754 P:001026
001026: movb    #000060,r0              [001030]=060 
---- 0:000060 1:000003 2:000005 3:000000 4:000000 5:000212 S:000754 P:001032
001032: tst     r1                      R1=000003 
---- 0:000060 1:000003 2:000005 3:000000 4:000000 5:000212 S:000754 P:001034
001034: bpl     001040                  
---- 0:000060 1:000003 2:000005 3:000000 4:000000 5:000212 S:000754 P:001040
001040: tstb    @#177564                [177564]=200 
n--- 0:000060 1:000003 2:000005 3:000000 4:000000 5:000212 S:000754 P:001044
001044: bpl     001040                  
n--- 0:000060 1:000003 2:000005 3:000000 4:000000 5:000212 S:000754 P:001046
001046: movb    r0,@#177566             R0=060 [177566] 0
---- 0:000060 1:000003 2:000005 3:000000 4:000000 5:000212 S:000754 P:001052
001052: mov     r1,r0                   R1=000003 
---- 0:000003 1:000003 2:000005 3:000000 4:000000 5:000212 S:000754 P:001054
001054: rol     r0                      R0=000006 
---- 0:000006 1:000003 2:000005 3:000000 4:000000 5:000212 S:000754 P:001056
001056: rol     r0                      R0=000014 
---- 0:000014 1:000003 2:000005 3:000000 4:000000 5:000212 S:000754 P:001060
001060: rol     r0                      R0=000030 
---- 0:000030 1:000003 2:000005 3:000000 4:000000 5:000212 S:000754 P:001062
001062: rol     r0                      R0=000060 
---- 0:000060 1:000003 2:000005 3:000000 4:000000 5:000212 S:000754 P:001064
001064: rol     r0                      R0=000140 
---- 0:000140 1:000003 2:000005 3:000000 4:000000 5:000212 S:000754 P:001066
001066: bic     #177770,r0              [001070]=177770 R0=000000 
-z-- 0:000000 1:000003 2:000005 3:000000 4:000000 5:000212 S:000754 P:001072
001072: add     #000060,r0              [001074]=000060 R0=000060 
---- 0:000060 1:000003 2:000005 3:000000 4:000000 5:000212 S:000754 P:001076
001076: tstb    @#177564                [177564]=200 
n--- 0:000060 1:000003 2:000005 3:000000 4:000000 5:000212 S:000754 P:001102
001102: bpl     001076                  
n--- 0:000060 1:000003 2:000005 3:000000 4:000000 5:000212 S:000754 P:001104
001104: movb    r0,@#177566             R0=060 [177566] 0
---- 0:000060 1:000003 2:000005 3:000000 4:000000 5:000212 S:000754 P:001110
001110: asl     r1                      R1=000006 
---- 0:000060 1:000006 2:000005 3:000000 4:000000 5:000212 S:000754 P:001112
001112: asl     r1                      R1=000014 
---- 0:000060 1:000014 2:000005 3:000000 4:000000 5:000212 S:000754 P:001114
001114: asl     r1                      R1=000030 
---- 0:000060 1:000030 2:000005 3:000000 4:000000 5:000212 S:000754 P:001116
001116: sob     r2,001052               
---- 0:000060 1:000030 2:000004 3:000000 4:000000 5:000212 S:000754 P:001052
001052: mov     r1,r0                   R1=000030 
---- 0:000030 1:000030 2:000004 3:000000 4:000000 5:000212 S:000754 P:001054
001054: rol     r0                      R0=000060 
---- 0:000060 1:000030 2:000004 3:000000 4:000000 5:000212 S:000754 P:001056
001056: rol     r0                      R0=000140 
---- 0:000140 1:000030 2:000004 3:000000 4:000000 5:000212 S:000754 P:001060
001060: rol     r0                      R0=000300 
---- 0:000300 1:000030 2:000004 3:000000 4:000000 5:000212 S:000754 P:001062
001062: rol     r0                      R0=000600 
---- 0:000600 1:000030 2:000004 3:000000 4:000000 5:000212 S:000754 P:001064
001064: rol     r0                      R0=001400 
---- 0:001400 1:000030 2:000004 3:000000 4:000000 5:000212 S:000754 P:001066
001066: bic     #177770,r0              [001070]=177770 R0=000000 
-z-- 0:000000 1:000030 2:000004 3:000000 4:000000 5:000212 S:000754 P:001072
001072: add     #000060,r0              [001074]=000060 R0=000060 
---- 0:000060 1:000030 2:000004 3:000000 4:000000 5:000212 S:000754 P:001076
001076: tstb    @#177564                [177564]=200 
n--- 0:000060 1:000030 2:000004 3:000000 4:000000 5:000212 S:000754 P:001102
001102: bpl     001076                  
n--- 0:000060 1:000030 2:000004 3:000000 4:000000 5:000212 S:000754 P:001104
001104: movb    r0,@#177566             R0=060 [177566] 0
---- 0:000060 1:000030 2:000004 3:000000 4:000000 5:000212 S:000754 P:001110
001110: asl     r1                      R1=000060 
---- 0:000060 1:000060 2:000004 3:000000 4:000000 5:000212 S:000754 P:001112
001112: asl     r1                      R1=000140 
---- 0:000060 1:000140 2:000004 3:000000 4:000000 5:000212 S:000754 P:001114
001114: asl     r1                      R1=000300 
---- 0:000060 1:000300 2:000004 3:000000 4:000000 5:000212 S:000754 P:001116
001116: sob     r2,001052               
---- 0:000060 1:000300 2:000003 3:000000 4:000000 5:000212 S:000754 P:001052
001052: mov     r1,r0                   R1=000300 
---- 0:000300 1:000300 2:000003 3:000000 4:000000 5:000212 S:000754 P:001054
001054: rol     r0                      R0=000600 
---- 0:000600 1:000300 2:000003 3:000000 4:000000 5:000212 S:000754 P:001056
001056: rol     r0                      R0=001400 
---- 0:001400 1:000300 2:000003 3:000000 4:000000 5:000212 S:000754 P:001060
001060: rol     r0                      R0=003000 
---- 0:003000 1:000300 2:000003 3:000000 4:000000 5:000212 S:000754 P:001062
001062: rol     r0                      R0=006000 
---- 0:006000 1:000300 2:000003 3:000000 4:000000 5:000212 S:000754 P:001064
001064: rol     r0                      R0=014000 
---- 0:014000 1:000300 2:000003 3:000000 4:000000 5:000212 S:000754 P:001066
001066: bic     #177770,r0              [001070]=177770 R0=000000 
-z-- 0:000000 1:000300 2:000003 3:000000 4:000000 5:000212 S:000754 P:001072
001072: add     #000060,r0              [001074]=000060 R0=000060 
---- 0:000060 1:000300 2:000003 3:000000 4:000000 5:000212 S:000754 P:001076
001076: tstb    @#177564                [177564]=200 
n--- 0:000060 1:000300 2:000003 3:000000 4:000000 5:000212 S:000754 P:001102
001102: bpl     001076                  
n--- 0:000060 1:000300 2:000003 3:000000 4:000000 5:000212 S:000754 P:001104
001104: movb    r0,@#177566             R0=060 [177566] 0
---- 0:000060 1:000300 2:000003 3:000000 4:000000 5:000212 S:000754 P:001110
001110: asl     r1                      R1=000600 
---- 0:000060 1:000600 2:000003 3:000000 4:000000 5:000212 S:000754 P:001112
001112: asl     r1                      R1=001400 
---- 0:000060 1:001400 2:000003 3:000000 4:000000 5:000212 S:000754 P:001114
001114: asl     r1                      R1=003000 
---- 0:000060 1:003000 2:000003 3:000000 4:000000 5:000212 S:000754 P:001116
001116: sob     r2,001052               
---- 0:000060 1:003000 2:000002 3:000000 4:000000 5:000212 S:000754 P:001052
001052: mov     r1,r0                   R1=003000 
---- 0:003000 1:003000 2:000002 3:000000 4:000000 5:000212 S:000754 P:001054
001054: rol     r0                      R0=006000 
---- 0:006000 1:003000 2:000002 3:000000 4:000000 5:000212 S:000754 P:001056
001056: rol     r0                      R0=014000 
---- 0:014000 1:003000 2:000002 3:000000 4:000000 5:000212 S:000754 P:001060
001060: rol     r0                      R0=030000 
---- 0:030000 1:003000 2:000002 3:000000 4:000000 5:000212 S:000754 P:001062
001062: rol     r0                      R0=060000 
---- 0:060000 1:003000 2:000002 3:000000 4:000000 5:000212 S:000754 P:001064
001064: rol     r0                      R0=140000 
n-v- 0:140000 1:003000 2:000002 3:000000 4:000000 5:000212 S:000754 P:001066
001066: bic     #177770,r0              [001070]=177770 R0=000000 
-z-- 0:000000 1:003000 2:000002 3:000000 4:000000 5:000212 S:000754 P:001072
001072: add     #000060,r0              [001074]=000060 R0=000060 
---- 0:000060 1:003000 2:000002 3:000000 4:000000 5:000212 S:000754 P:001076
001076: tstb    @#177564                [177564]=200 
n--- 0:000060 1:003000 2:000002 3:000000 4:000000 5:000212 S:000754 P:001102
001102: bpl     001076                  
n--- 0:000060 1:003000 2:000002 3:000000 4:000000 5:000212 S:000754 P:001104
001104: movb    r0,@#177566             R0=060 [177566] 0
---- 0:000060 1:003000 2:000002 3:000000 4:000000 5:000212 S:000754 P:001110
001110: asl     r1                      R1=006000 
---- 0:000060 1:006000 2:000002 3:000000 4:000000 5:000212 S:000754 P:001112
001112: asl     r1                      R1=014000 
---- 0:000060 1:014000 2:000002 3:000000 4:000000 5:000212 S:000754 P:001114
001114: asl     r1                      R1=030000 
---- 0:000060 1:030000 2:000002 3:000000 4:000000 5:000212 S:000754 P:001116
001116: sob     r2,001052               
---- 0:000060 1:030000 2:000001 3:000000 4:000000 5:000212 S:000754 P:001052
001052: mov     r1,r0                   R1=030000 
---- 0:030000 1:030000 2:000001 3:000000 4:000000 5:000212 S:000754 P:001054
001054: rol     r0                      R0=060000 
---- 0:060000 1:030000 2:000001 3:000000 4:000000 5:000212 S:000754 P:001056
001056: rol     r0                      R0=140000 
n-v- 0:140000 1:030000 2:000001 3:000000 4:000000 5:000212 S:000754 P:001060
001060: rol     r0                      R0=100000 
n--c 0:100000 1:030000 2:000001 3:000000 4:000000 5:000212 S:000754 P:001062
001062: rol     r0                      R0=000001 
--vc 0:000001 1:030000 2:000001 3:000000 4:000000 5:000212 S:000754 P:001064
001064: rol     r0                      R0=000003 
---- 0:000003 1:030000 2:000001 3:000000 4:000000 5:000212 S:000754 P:001066
001066: bic     #177770,r0              [001070]=177770 R0=000003 
---- 0:000003 1:030000 2:000001 3:000000 4:000000 5:000212 S:000754 P:001072
001072: add     #000060,r0              [001074]=000060 R0=000063 
---- 0:000063 1:030000 2:000001 3:000000 4:000000 5:000212 S:000754 P:001076
001076: tstb    @#177564                [177564]=200 
n--- 0:000063 1:030000 2:000001 3:000000 4:000000 5:000212 S:000754 P:001102
001102: bpl     001076                  
n--- 0:000063 1:030000 2:000001 3:000000 4:000000 5:000212 S:000754 P:001104
001104: movb    r0,@#177566             R0=063 [177566] 3
---- 0:000063 1:030000 2:000001 3:000000 4:000000 5:000212 S:000754 P:001110
001110: asl     r1                      R1=060000 
---- 0:000063 1:060000 2:000001 3:000000 4:000000 5:000212 S:000754 P:001112
001112: asl     r1                      R1=140000 
n-v- 0:000063 1:140000 2:000001 3:000000 4:000000 5:000212 S:000754 P:001114
001114: asl     r1                      R1=100000 
n--c 0:000063 1:100000 2:000001 3:000000 4:000000 5:000212 S:000754 P:001116
001116: sob     r2,001052               
n--c 0:000063 1:100000 2:000000 3:000000 4:000000 5:000212 S:000754 P:001120
001120: mov     #000012,r0              [001122]=000012 
---c 0:000012 1:100000 2:000000 3:000000 4:000000 5:000212 S:000754 P:001124
001124: tstb    @#177564                [177564]=200 
n--- 0:000012 1:100000 2:000000 3:000000 4:000000 5:000212 S:000754 P:001130
001130: bpl     001124                  
n--- 0:000012 1:100000 2:000000 3:000000 4:000000 5:000212 S:000754 P:001132
001132: movb    r0,@#177566             R0=012 [177566] 

---- 0:000012 1:100000 2:000000 3:000000 4:000000 5:000212 S:000754 P:001136
001136: mov     #000015,r0              [001140]=000015 
---- 0:000015 1:100000 2:000000 3:000000 4:000000 5:000212 S:000754 P:001142
001142: tstb    @#177564                [177564]=200 
n--- 0:000015 1:100000 2:000000 3:000000 4:000000 5:000212 S:000754 P:001146
001146: bpl     001142                  
n--- 0:000015 1:100000 2:000000 3:000000 4:000000 5:000212 S:000754 P:001150
001150: movb    r0,@#177566             R0=015 [177566] 
---- 0:000015 1:100000 2:000000 3:000000 4:000000 5:000212 S:000754 P:001154
001154: br      001010                  
---- 0:000015 1:100000 2:000000 3:000000 4:000000 5:000212 S:000754 P:001010
001010: mov     (r5)+,r0                [000212]=000004 
---- 0:000004 1:100000 2:000000 3:000000 4:000000 5:000214 S:000754 P:001012
001012: beq     001156                  
---- 0:000004 1:100000 2:000000 3:000000 4:000000 5:000214 S:000754 P:001014
001014: mov     r1,-(sp)                R1=100000 [000752] 
n--- 0:000004 1:100000 2:000000 3:000000 4:000000 5:000214 S:000752 P:001016
001016: mov     r2,-(sp)                R2=000000 [000750] 
-z-- 0:000004 1:100000 2:000000 3:000000 4:000000 5:000214 S:000750 P:001020
001020: mov     r0,r1                   R0=000004 
---- 0:000004 1:000004 2:000000 3:000000 4:000000 5:000214 S:000750 P:001022
001022: mov     #000005,r2              [001024]=000005 
---- 0:000004 1:000004 2:000005 3:000000 4:000000 5:000214 S:000750 P:001026
001026: movb    #000060,r0              [001030]=060 
---- 0:000060 1:000004 2:000005 3:000000 4:000000 5:000214 S:000750 P:001032
001032: tst     r1                      R1=000004 
---- 0:000060 1:000004 2:000005 3:000000 4:000000 5:000214 S:000750 P:001034
001034: bpl     001040                  
---- 0:000060 1:000004 2:000005 3:000000 4:000000 5:000214 S:000750 P:001040
001040: tstb    @#177564                [177564]=200 
n--- 0:000060 1:000004 2:000005 3:000000 4:000000 5:000214 S:000750 P:001044
001044: bpl     001040                  
n--- 0:000060 1:000004 2:000005 3:000000 4:000000 5:000214 S:000750 P:001046
001046: movb    r0,@#177566             R0=060 [177566] 0
---- 0:000060 1:000004 2:000005 3:000000 4:000000 5:000214 S:000750 P:001052
001052: mov     r1,r0                   R1=000004 
---- 0:000004 1:000004 2:000005 3:000000 4:000000 5:000214 S:000750 P:001054
001054: rol     r0                      R0=000010 
---- 0:000010 1:000004 2:000005 3:000000 4:000000 5:000214 S:000750 P:001056
001056: rol     r0                      R0=000020 
---- 0:000020 1:000004 2:000005 3:000000 4:000000 5:000214 S:000750 P:001060
001060: rol     r0                      R0=000040 
---- 0:000040 1:000004 2:000005 3:000000 4:000000 5:000214 S:000750 P:001062
001062: rol     r0                      R0=000100 
---- 0:000100 1:000004 2:000005 3:000000 4:000000 5:000214 S:000750 P:001064
001064: rol     r0                      R0=000200 
---- 0:000200 1:000004 2:000005 3:000000 4:000000 5:000214 S:000750 P:001066
001066: bic     #177770,r0              [001070]=177770 R0=000000 
-z-- 0:000000 1:000004 2:000005 3:000000 4:000000 5:000214 S:000750 P:001072
001072: add     #000060,r0              [001074]=000060 R0=000060 
---- 0:000060 1:000004 2:000005 3:000000 4:000000 5:000214 S:000750 P:001076
001076: tstb    @#177564                [177564]=200 
n--- 0:000060 1:000004 2:000005 3:000000 4:000000 5:000214 S:000750 P:001102
001102: bpl     001076                  
n--- 0:000060 1:000004 2:000005 3:000000 4:000000 5:000214 S:000750 P:001104
001104: movb    r0,@#177566             R0=060 [177566] 0
---- 0:000060 1:000004 2:000005 3:000000 4:000000 5:000214 S:000750 P:001110
001110: asl     r1                      R1=000010 
---- 0:000060 1:000010 2:000005 3:000000 4:000000 5:000214 S:000750 P:001112
001112: asl     r1                      R1=000020 
---- 0:000060 1:000020 2:000005 3:000000 4:000000 5:000214 S:000750 P:001114
001114: asl     r1                      R1=000040 
---- 0:000060 1:000040 2:000005 3:000000 4:000000 5:000214 S:000750 P:001116
001116: sob     r2,001052               
---- 0:000060 1:000040 2:000004 3:000000 4:000000 5:000214 S:000750 P:001052
001052: mov     r1,r0                   R1=000040 
---- 0:000040 1:000040 2:000004 3:000000 4:000000 5:000214 S:000750 P:001054
001054: rol     r0                      R0=000100 
---- 0:000100 1:000040 2:000004 3:000000 4:000000 5:000214 S:000750 P:001056
001056: rol     r0                      R0=000200 
---- 0:000200 1:000040 2:000004 3:000000 4:000000 5:000214 S:000750 P:001060
001060: rol     r0                      R0=000400 
---- 0:000400 1:000040 2:000004 3:000000 4:000000 5:000214 S:000750 P:001062
001062: rol     r0                      R0=001000 
---- 0:001000 1:000040 2:000004 3:000000 4:000000 5:000214 S:000750 P:001064
001064: rol     r0                      R0=002000 
---- 0:002000 1:000040 2:000004 3:000000 4:000000 5:000214 S:000750 P:001066
001066: bic     #177770,r0              [001070]=177770 R0=000000 
-z-- 0:000000 1:000040 2:000004 3:000000 4:000000 5:000214 S:000750 P:001072
001072: add     #000060,r0              [001074]=000060 R0=000060 
---- 0:000060 1:000040 2:000004 3:000000 4:000000 5:000214 S:000750 P:001076
001076: tstb    @#177564                [177564]=200 
n--- 0:000060 1:000040 2:000004 3:000000 4:000000 5:000214 S:000750 P:001102
001102: bpl     001076                  
n--- 0:000060 1:000040 2:000004 3:000000 4:000000 5:000214 S:000750 P:001104
001104: movb    r0,@#177566             R0=060 [177566] 0
---- 0:000060 1:000040 2:000004 3:000000 4:000000 5:000214 S:000750 P:001110
001110: asl     r1                      R1=000100 
---- 0:000060 1:000100 2:000004 3:000000 4:000000 5:000214 S:000750 P:001112
001112: asl     r1                      R1=000200 
---- 0:000060 1:000200 2:000004 3:000000 4:000000 5:000214 S:000750 P:001114
001114: asl     r1                      R1=000400 
---- 0:000060 1:000400 2:000004 3:000000 4:000000 5:000214 S:000750 P:001116
001116: sob     r2,001052               
---- 0:000060 1:000400 2:000003 3:000000 4:000000 5:000214 S:000750 P:001052
001052: mov     r1,r0                   R1=000400 
---- 0:000400 1:000400 2:000003 3:000000 4:000000 5:000214 S:000750 P:001054
001054: rol     r0                      R0=001000 
---- 0:001000 1:000400 2:000003 3:000000 4:000000 5:000214 S:000750 P:001056
001056: rol     r0                      R0=002000 
---- 0:002000 1:000400 2:000003 3:000000 4:000000 5:000214 S:000750 P:001060
001060: rol     r0                      R0=004000 
---- 0:004000 1:000400 2:000003 3:000000 4:000000 5:000214 S:000750 P:001062
001062: rol     r0                      R0=010000 
---- 0:010000 1:000400 2:000003 3:000000 4:000000 5:000214 S:000750 P:001064
001064: rol     r0                      R0=020000 
---- 0:020000 1:000400 2:000003 3:000000 4:000000 5:000214 S:000750 P:001066
001066: bic     #177770,r0              [001070]=177770 R0=000000 
-z-- 0:000000 1:000400 2:000003 3:000000 4:000000 5:000214 S:000750 P:001072
001072: add     #000060,r0              [001074]=000060 R0=000060 
---- 0:000060 1:000400 2:000003 3:000000 4:000000 5:000214 S:000750 P:001076
001076: tstb    @#177564                [177564]=200 
n--- 0:000060 1:000400 2:000003 3:000000 4:000000 5:000214 S:000750 P:001102
001102: bpl     001076                  
n--- 0:000060 1:000400 2:000003 3:000000 4:000000 5:000214 S:000750 P:001104
001104: movb    r0,@#177566             R0=060 [177566] 0
---- 0:000060 1:000400 2:000003 3:000000 4:000000 5:000214 S:000750 P:001110
001110: asl     r1                      R1=001000 
---- 0:000060 1:001000 2:000003 3:000000 4:000000 5:000214 S:000750 P:001112
001112: asl     r1                      R1=002000 
---- 0:000060 1:002000 2:000003 3:000000 4:000000 5:000214 S:000750 P:001114
001114: asl     r1                      R1=004000 
---- 0:000060 1:004000 2:000003 3:000000 4:000000 5:000214 S:000750 P:001116
001116: sob     r2,001052               
---- 0:000060 1:004000 2:000002 3:000000 4:000000 5:000214 S:000750 P:001052
001052: mov     r1,r0                   R1=004000 
---- 0:004000 1:004000 2:000002 3:000000 4:000000 5:000214 S:000750 P:001054
001054: rol     r0                      R0=010000 
---- 0:010000 1:004000 2:000002 3:000000 4:000000 5:000214 S:000750 P:001056
001056: rol     r0                      R0=020000 
---- 0:020000 1:004000 2:000002 3:000000 4:000000 5:000214 S:000750 P:001060
001060: rol     r0                      R0=040000 
---- 0:040000 1:004000 2:000002 3:000000 4:000000 5:000214 S:000750 P:001062
001062: rol     r0                      R0=100000 
n-v- 0:100000 1:004000 2:000002 3:000000 4:000000 5:000214 S:000750 P:001064
001064: rol     r0                      R0=000000 
-zvc 0:000000 1:004000 2:000002 3:000000 4:000000 5:000214 S:000750 P:001066
001066: bic     #177770,r0              [001070]=177770 R0=000000 
-z-c 0:000000 1:004000 2:000002 3:000000 4:000000 5:000214 S:000750 P:001072
001072: add     #000060,r0              [001074]=000060 R0=000060 
---- 0:000060 1:004000 2:000002 3:000000 4:000000 5:000214 S:000750 P:001076
001076: tstb    @#177564                [177564]=200 
n--- 0:000060 1:004000 2:000002 3:000000 4:000000 5:000214 S:000750 P:001102
001102: bpl     001076                  
n--- 0:000060 1:004000 2:000002 3:000000 4:000000 5:000214 S:000750 P:001104
001104: movb    r0,@#177566             R0=060 [177566] 0
---- 0:000060 1:004000 2:000002 3:000000 4:000000 5:000214 S:000750 P:001110
001110: asl     r1                      R1=010000 
---- 0:000060 1:010000 2:000002 3:000000 4:000000 5:000214 S:000750 P:001112
001112: asl     r1                      R1=020000 
---- 0:000060 1:020000 2:000002 3:000000 4:000000 5:000214 S:000750 P:001114
001114: asl     r1                      R1=040000 
---- 0:000060 1:040000 2:000002 3:000000 4:000000 5:000214 S:000750 P:001116
001116: sob     r2,001052               
---- 0:000060 1:040000 2:000001 3:000000 4:000000 5:000214 S:000750 P:001052
001052: mov     r1,r0                   R1=040000 
---- 0:040000 1:040000 2:000001 3:000000 4:000000 5:000214 S:000750 P:001054
001054: rol     r0                      R0=100000 
n-v- 0:100000 1:040000 2:000001 3:000000 4:000000 5:000214 S:000750 P:001056
001056: rol     r0                      R0=000000 
-zvc 0:000000 1:040000 2:000001 3:000000 4:000000 5:000214 S:000750 P:001060
001060: rol     r0                      R0=000001 
---- 0:000001 1:040000 2:000001 3:000000 4:000000 5:000214 S:000750 P:001062
001062: rol     r0                      R0=000002 
---- 0:000002 1:040000 2:000001 3:000000 4:000000 5:000214 S:000750 P:001064
001064: rol     r0                      R0=000004 
---- 0:000004 1:040000 2:000001 3:000000 4:000000 5:000214 S:000750 P:001066
001066: bic     #177770,r0              [001070]=177770 R0=000004 
---- 0:000004 1:040000 2:000001 3:000000 4:000000 5:000214 S:000750 P:001072
001072: add     #000060,r0              [001074]=000060 R0=000064 
---- 0:000064 1:040000 2:000001 3:000000 4:000000 5:000214 S:000750 P:001076
001076: tstb    @#177564                [177564]=200 
n--- 0:000064 1:040000 2:000001 3:000000 4:000000 5:000214 S:000750 P:001102
001102: bpl     001076                  
n--- 0:000064 1:040000 2:000001 3:000000 4:000000 5:000214 S:000750 P:001104
001104: movb    r0,@#177566             R0=064 [177566] 4
---- 0:000064 1:040000 2:000001 3:000000 4:000000 5:000214 S:000750 P:001110
001110: asl     r1                      R1=100000 
n-v- 0:000064 1:100000 2:000001 3:000000 4:000000 5:000214 S:000750 P:001112
001112: asl     r1                      R1=000000 
-zvc 0:000064 1:000000 2:000001 3:000000 4:000000 5:000214 S:000750 P:001114
001114: asl     r1                      R1=000000 
-z-- 0:000064 1:000000 2:000001 3:000000 4:000000 5:000214 S:000750 P:001116
001116: sob     r2,001052               
-z-- 0:000064 1:000000 2:000000 3:000000 4:000000 5:000214 S:000750 P:001120
001120: mov     #000012,r0              [001122]=000012 
---- 0:000012 1:000000 2:000000 3:000000 4:000000 5:000214 S:000750 P:001124
001124: tstb    @#177564                [177564]=200 
n--- 0:000012 1:000000 2:000000 3:000000 4:000000 5:000214 S:000750 P:001130
001130: bpl     001124                  
n--- 0:000012 1:000000 2:000000 3:000000 4:000000 5:000214 S:000750 P:001132
001132: movb    r0,@#177566             R0=012 [177566] 

---- 0:000012 1:000000 2:000000 3:000000 4:000000 5:000214 S:000750 P:001136
001136: mov     #000015,r0              [001140]=000015 
---- 0:000015 1:000000 2:000000 3:000000 4:000000 5:000214 S:000750 P:001142
001142: tstb    @#177564                [177564]=200 
n--- 0:000015 1:000000 2:000000 3:000000 4:000000 5:000214 S:000750 P:001146
001146: bpl     001142                  
n--- 0:000015 1:000000 2:000000 3:000000 4:000000 5:000214 S:000750 P:001150
001150: movb    r0,@#177566             R0=015 [177566] 
---- 0:000015 1:000000 2:000000 3:000000 4:000000 5:000214 S:000750 P:001154
001154: br      001010                  
---- 0:000015 1:000000 2:000000 3:000000 4:000000 5:000214 S:000750 P:001010
001010: mov     (r5)+,r0                [000214]=000005 
---- 0:000005 1:000000 2:000000 3:000000 4:000000 5:000216 S:000750 P:001012
001012: beq     001156                  
---- 0:000005 1:000000 2:000000 3:000000 4:000000 5:000216 S:000750 P:001014
001014: mov     r1,-(sp)                R1=000000 [000746] 
-z-- 0:000005 1:000000 2:000000 3:000000 4:000000 5:000216 S:000746 P:001016
001016: mov     r2,-(sp)                R2=000000 [000744] 
-z-- 0:000005 1:000000 2:000000 3:000000 4:000000 5:000216 S:000744 P:001020
001020: mov     r0,r1                   R0=000005 
---- 0:000005 1:000005 2:000000 3:000000 4:000000 5:000216 S:000744 P:001022
001022: mov     #000005,r2              [001024]=000005 
---- 0:000005 1:000005 2:000005 3:000000 4:000000 5:000216 S:000744 P:001026
001026: movb    #000060,r0              [001030]=060 
---- 0:000060 1:000005 2:000005 3:000000 4:000000 5:000216 S:000744 P:001032
001032: tst     r1                      R1=000005 
---- 0:000060 1:000005 2:000005 3:000000 4:000000 5:000216 S:000744 P:001034
001034: bpl     001040                  
---- 0:000060 1:000005 2:000005 3:000000 4:000000 5:000216 S:000744 P:001040
001040: tstb    @#177564                [177564]=200 
n--- 0:000060 1:000005 2:000005 3:000000 4:000000 5:000216 S:000744 P:001044
001044: bpl     001040                  
n--- 0:000060 1:000005 2:000005 3:000000 4:000000 5:000216 S:000744 P:001046
001046: movb    r0,@#177566             R0=060 [177566] 0
---- 0:000060 1:000005 2:000005 3:000000 4:000000 5:000216 S:000744 P:001052
001052: mov     r1,r0                   R1=000005 
---- 0:000005 1:000005 2:000005 3:000000 4:000000 5:000216 S:000744 P:001054
001054: rol     r0                      R0=000012 
---- 0:000012 1:000005 2:000005 3:000000 4:000000 5:000216 S:000744 P:001056
001056: rol     r0                      R0=000024 
---- 0:000024 1:000005 2:000005 3:000000 4:000000 5:000216 S:000744 P:001060
001060: rol     r0                      R0=000050 
---- 0:000050 1:000005 2:000005 3:000000 4:000000 5:000216 S:000744 P:001062
001062: rol     r0                      R0=000120 
---- 0:000120 1:000005 2:000005 3:000000 4:000000 5:000216 S:000744 P:001064
001064: rol     r0                      R0=000240 
---- 0:000240 1:000005 2:000005 3:000000 4:000000 5:000216 S:000744 P:001066
001066: bic     #177770,r0              [001070]=177770 R0=000000 
-z-- 0:000000 1:000005 2:000005 3:000000 4:000000 5:000216 S:000744 P:001072
001072: add     #000060,r0              [001074]=000060 R0=000060 
---- 0:000060 1:000005 2:000005 3:000000 4:000000 5:000216 S:000744 P:001076
001076: tstb    @#177564                [177564]=200 
n--- 0:000060 1:000005 2:000005 3:000000 4:000000 5:000216 S:000744 P:001102
001102: bpl     001076                  
n--- 0:000060 1:000005 2:000005 3:000000 4:000000 5:000216 S:000744 P:001104
001104: movb    r0,@#177566             R0=060 [177566] 0
---- 0:000060 1:000005 2:000005 3:000000 4:000000 5:000216 S:000744 P:001110
001110: asl     r1                      R1=000012 
---- 0:000060 1:000012 2:000005 3:000000 4:000000 5:000216 S:000744 P:001112
001112: asl     r1                      R1=000024 
---- 0:000060 1:000024 2:000005 3:000000 4:000000 5:000216 S:000744 P:001114
001114: asl     r1                      R1=000050 
---- 0:000060 1:000050 2:000005 3:000000 4:000000 5:000216 S:000744 P:001116
001116: sob     r2,001052               
---- 0:000060 1:000050 2:000004 3:000000 4:000000 5:000216 S:000744 P:001052
001052: mov     r1,r0                   R1=000050 
---- 0:000050 1:000050 2:000004 3:000000 4:000000 5:000216 S:000744 P:001054
001054: rol     r0                      R0=000120 
---- 0:000120 1:000050 2:000004 3:000000 4:000000 5:000216 S:000744 P:001056
001056: rol     r0                      R0=000240 
---- 0:000240 1:000050 2:000004 3:000000 4:000000 5:000216 S:000744 P:001060
001060: rol     r0                      R0=000500 
---- 0:000500 1:000050 2:000004 3:000000 4:000000 5:000216 S:000744 P:001062
001062: rol     r0                      R0=001200 
---- 0:001200 1:000050 2:000004 3:000000 4:000000 5:000216 S:000744 P:001064
001064: rol     r0                      R0=002400 
---- 0:002400 1:000050 2:000004 3:000000 4:000000 5:000216 S:000744 P:001066
001066: bic     #177770,r0              [001070]=177770 R0=000000 
-z-- 0:000000 1:000050 2:000004 3:000000 4:000000 5:000216 S:000744 P:001072
001072: add     #000060,r0              [001074]=000060 R0=000060 
---- 0:000060 1:000050 2:000004 3:000000 4:000000 5:000216 S:000744 P:001076
001076: tstb    @#177564                [177564]=200 
n--- 0:000060 1:000050 2:000004 3:000000 4:000000 5:000216 S:000744 P:001102
001102: bpl     001076                  
n--- 0:000060 1:000050 2:000004 3:000000 4:000000 5:000216 S:000744 P:001104
001104: movb    r0,@#177566             R0=060 [177566] 0
---- 0:000060 1:000050 2:000004 3:000000 4:000000 5:000216 S:000744 P:001110
001110: asl     r1                      R1=000120 
---- 0:000060 1:000120 2:000004 3:000000 4:000000 5:000216 S:000744 P:001112
001112: asl     r1                      R1=000240 
---- 0:000060 1:000240 2:000004 3:000000 4:000000 5:000216 S:000744 P:001114
001114: asl     r1                      R1=000500 
---- 0:000060 1:000500 2:000004 3:000000 4:000000 5:000216 S:000744 P:001116
001116: sob     r2,001052               
---- 0:000060 1:000500 2:000003 3:000000 4:000000 5:000216 S:000744 P:001052
001052: mov     r1,r0                   R1=000500 
---- 0:000500 1:000500 2:000003 3:000000 4:000000 5:000216 S:000744 P:001054
001054: rol     r0                      R0=001200 
---- 0:001200 1:000500 2:000003 3:000000 4:000000 5:000216 S:000744 P:001056
001056: rol     r0                      R0=002400 
---- 0:002400 1:000500 2:000003 3:000000 4:000000 5:000216 S:000744 P:001060
001060: rol     r0                      R0=005000 
---- 0:005000 1:000500 2:000003 3:000000 4:000000 5:000216 S:000744 P:001062
001062: rol     r0                      R0=012000 
---- 0:012000 1:000500 2:000003 3:000000 4:000000 5:000216 S:000744 P:001064
001064: rol     r0                      R0=024000 
---- 0:024000 1:000500 2:000003 3:000000 4:000000 5:000216 S:000744 P:001066
001066: bic     #177770,r0              [001070]=177770 R0=000000 
-z-- 0:000000 1:000500 2:000003 3:000000 4:000000 5:000216 S:000744 P:001072
001072: add     #000060,r0              [001074]=000060 R0=000060 
---- 0:000060 1:000500 2:000003 3:000000 4:000000 5:000216 S:000744 P:001076
001076: tstb    @#177564                [177564]=200 
n--- 0:000060 1:000500 2:000003 3:000000 4:000000 5:000216 S:000744 P:001102
001102: bpl     001076                  
n--- 0:000060 1:000500 2:000003 3:000000 4:000000 5:000216 S:000744 P:001104
001104: movb    r0,@#177566             R0=060 [177566] 0
---- 0:000060 1:000500 2:000003 3:000000 4:000000 5:000216 S:000744 P:001110
001110: asl     r1                      R1=001200 
---- 0:000060 1:001200 2:000003 3:000000 4:000000 5:000216 S:000744 P:001112
001112: asl     r1                      R1=002400 
---- 0:000060 1:002400 2:000003 3:000000 4:000000 5:000216 S:000744 P:001114
001114: asl     r1                      R1=005000 
---- 0:000060 1:005000 2:000003 3:000000 4:000000 5:000216 S:000744 P:001116
001116: sob     r2,001052               
---- 0:000060 1:005000 2:000002 3:000000 4:000000 5:000216 S:000744 P:001052
001052: mov     r1,r0                   R1=005000 
---- 0:005000 1:005000 2:000002 3:000000 4:000000 5:000216 S:000744 P:001054
001054: rol     r0                      R0=012000 
---- 0:012000 1:005000 2:000002 3:000000 4:000000 5:000216 S:000744 P:001056
001056: rol     r0                      R0=024000 
---- 0:024000 1:005000 2:000002 3:000000 4:000000 5:000216 S:000744 P:001060
001060: rol     r0                      R0=050000 
---- 0:050000 1:005000 2:000002 3:000000 4:000000 5:000216 S:000744 P:001062
001062: rol     r0                      R0=120000 
n-v- 0:120000 1:005000 2:000002 3:000000 4:000000 5:000216 S:000744 P:001064
001064: rol     r0                      R0=040000 
--vc 0:040000 1:005000 2:000002 3:000000 4:000000 5:000216 S:000744 P:001066
001066: bic     #177770,r0              [001070]=177770 R0=000000 
-z-c 0:000000 1:005000 2:000002 3:000000 4:000000 5:000216 S:000744 P:001072
001072: add     #000060,r0              [001074]=000060 R0=000060 
---- 0:000060 1:005000 2:000002 3:000000 4:000000 5:000216 S:000744 P:001076
001076: tstb    @#177564                [177564]=200 
n--- 0:000060 1:005000 2:000002 3:000000 4:000000 5:000216 S:000744 P:001102
001102: bpl     001076                  
n--- 0:000060 1:005000 2:000002 3:000000 4:000000 5:000216 S:000744 P:001104
001104: movb    r0,@#177566             R0=060 [177566] 0
---- 0:000060 1:005000 2:000002 3:000000 4:000000 5:000216 S:000744 P:001110
001110: asl     r1                      R1=012000 
---- 0:000060 1:012000 2:000002 3:000000 4:000000 5:000216 S:000744 P:001112
001112: asl     r1                      R1=024000 
---- 0:000060 1:024000 2:000002 3:000000 4:000000 5:000216 S:000744 P:001114
001114: asl     r1                      R1=050000 
---- 0:000060 1:050000 2:000002 3:000000 4:000000 5:000216 S:000744 P:001116
001116: sob     r2,001052               
---- 0:000060 1:050000 2:000001 3:000000 4:000000 5:000216 S:000744 P:001052
001052: mov     r1,r0                   R1=050000 
---- 0:050000 1:050000 2:000001 3:000000 4:000000 5:000216 S:000744 P:001054
001054: rol     r0                      R0=120000 
n-v- 0:120000 1:050000 2:000001 3:000000 4:000000 5:000216 S:000744 P:001056
001056: rol     r0                      R0=040000 
--vc 0:040000 1:050000 2:000001 3:000000 4:000000 5:000216 S:000744 P:001060
001060: rol     r0                      R0=100001 
n-v- 0:100001 1:050000 2:000001 3:000000 4:000000 5:000216 S:000744 P:001062
001062: rol     r0                      R0=000002 
--vc 0:000002 1:050000 2:000001 3:000000 4:000000 5:000216 S:000744 P:001064
001064: rol     r0                      R0=000005 
---- 0:000005 1:050000 2:000001 3:000000 4:000000 5:000216 S:000744 P:001066
001066: bic     #177770,r0              [001070]=177770 R0=000005 
---- 0:000005 1:050000 2:000001 3:000000 4:000000 5:000216 S:000744 P:001072
001072: add     #000060,r0              [001074]=000060 R0=000065 
---- 0:000065 1:050000 2:000001 3:000000 4:000000 5:000216 S:000744 P:001076
001076: tstb    @#177564                [177564]=200 
n--- 0:000065 1:050000 2:000001 3:000000 4:000000 5:000216 S:000744 P:001102
001102: bpl     001076                  
n--- 0:000065 1:050000 2:000001 3:000000 4:000000 5:000216 S:000744 P:001104
001104: movb    r0,@#177566             R0=065 [177566] 5
---- 0:000065 1:050000 2:000001 3:000000 4:000000 5:000216 S:000744 P:001110
001110: asl     r1                      R1=120000 
n-v- 0:000065 1:120000 2:000001 3:000000 4:000000 5:000216 S:000744 P:001112
001112: asl     r1                      R1=040000 
--vc 0:000065 1:040000 2:000001 3:000000 4:000000 5:000216 S:000744 P:001114
001114: asl     r1                      R1=100000 
n-v- 0:000065 1:100000 2:000001 3:000000 4:000000 5:000216 S:000744 P:001116
001116: sob     r2,001052               
n-v- 0:000065 1:100000 2:000000 3:000000 4:000000 5:000216 S:000744 P:001120
001120: mov     #000012,r0              [001122]=000012 
---- 0:000012 1:100000 2:000000 3:000000 4:000000 5:000216 S:000744 P:001124
001124: tstb    @#177564                [177564]=200 
n--- 0:000012 1:100000 2:000000 3:000000 4:000000 5:000216 S:000744 P:001130
001130: bpl     001124                  
n--- 0:000012 1:100000 2:000000 3:000000 4:000000 5:000216 S:000744 P:001132
001132: movb    r0,@#177566             R0=012 [177566] 

---- 0:000012 1:100000 2:000000 3:000000 4:000000 5:000216 S:000744 P:001136
001136: mov     #000015,r0              [001140]=000015 
---- 0:000015 1:100000 2:000000 3:000000 4:000000 5:000216 S:000744 P:001142
001142: tstb    @#177564                [177564]=200 
n--- 0:000015 1:100000 2:000000 3:000000 4:000000 5:000216 S:000744 P:001146
001146: bpl     001142                  
n--- 0:000015 1:100000 2:000000 3:000000 4:000000 5:000216 S:000744 P:001150
001150: movb    r0,@#177566             R0=015 [177566] 
---- 0:000015 1:100000 2:000000 3:000000 4:000000 5:000216 S:000744 P:001154
001154: br      001010                  
---- 0:000015 1:100000 2:000000 3:000000 4:000000 5:000216 S:000744 P:001010
001010: mov     (r5)+,r0                [000216]=177777 
n--- 0:177777 1:100000 2:000000 3:000000 4:000000 5:000220 S:000744 P:001012
001012: beq     001156                  
n--- 0:177777 1:100000 2:000000 3:000000 4:000000 5:000220 S:000744 P:001014
001014: mov     r1,-(sp)                R1=100000 [000742] 
n--- 0:177777 1:100000 2:000000 3:000000 4:000000 5:000220 S:000742 P:001016
001016: mov     r2,-(sp)                R2=000000 [000740] 
-z-- 0:177777 1:100000 2:000000 3:000000 4:000000 5:000220 S:000740 P:001020
001020: mov     r0,r1                   R0=177777 
n--- 0:177777 1:177777 2:000000 3:000000 4:000000 5:000220 S:000740 P:001022
001022: mov     #000005,r2              [001024]=000005 
---- 0:177777 1:177777 2:000005 3:000000 4:000000 5:000220 S:000740 P:001026
001026: movb    #000060,r0              [001030]=060 
---- 0:000060 1:177777 2:000005 3:000000 4:000000 5:000220 S:000740 P:001032
001032: tst     r1                      R1=177777 
n--- 0:000060 1:177777 2:000005 3:000000 4:000000 5:000220 S:000740 P:001034
001034: bpl     001040                  
n--- 0:000060 1:177777 2:000005 3:000000 4:000000 5:000220 S:000740 P:001036
001036: inc     r0                      R0=000061 
---- 0:000061 1:177777 2:000005 3:000000 4:000000 5:000220 S:000740 P:001040
001040: tstb    @#177564                [177564]=200 
n--- 0:000061 1:177777 2:000005 3:000000 4:000000 5:000220 S:000740 P:001044
001044: bpl     001040                  
n--- 0:000061 1:177777 2:000005 3:000000 4:000000 5:000220 S:000740 P:001046
001046: movb    r0,@#177566             R0=061 [177566] 1
---- 0:000061 1:177777 2:000005 3:000000 4:000000 5:000220 S:000740 P:001052
001052: mov     r1,r0                   R1=177777 
n--- 0:177777 1:177777 2:000005 3:000000 4:000000 5:000220 S:000740 P:001054
001054: rol     r0                      R0=177776 
n--c 0:177776 1:177777 2:000005 3:000000 4:000000 5:000220 S:000740 P:001056
001056: rol     r0                      R0=177775 
n--c 0:177775 1:177777 2:000005 3:000000 4:000000 5:000220 S:000740 P:001060
001060: rol     r0                      R0=177773 
n--c 0:177773 1:177777 2:000005 3:000000 4:000000 5:000220 S:000740 P:001062
001062: rol     r0                      R0=177767 
n--c 0:177767 1:177777 2:000005 3:000000 4:000000 5:000220 S:000740 P:001064
001064: rol     r0                      R0=177757 
n--c 0:177757 1:177777 2:000005 3:000000 4:000000 5:000220 S:000740 P:001066
001066: bic     #177770,r0              [001070]=177770 R0=000007 
---c 0:000007 1:177777 2:000005 3:000000 4:000000 5:000220 S:000740 P:001072
001072: add     #000060,r0              [001074]=000060 R0=000067 
---- 0:000067 1:177777 2:000005 3:000000 4:000000 5:000220 S:000740 P:001076
001076: tstb    @#177564                [177564]=200 
n--- 0:000067 1:177777 2:000005 3:000000 4:000000 5:000220 S:000740 P:001102
001102: bpl     001076                  
n--- 0:000067 1:177777 2:000005 3:000000 4:000000 5:000220 S:000740 P:001104
001104: movb    r0,@#177566             R0=067 [177566] 7
---- 0:000067 1:177777 2:000005 3:000000 4:000000 5:000220 S:000740 P:001110
001110: asl     r1                      R1=177776 
n--c 0:000067 1:177776 2:000005 3:000000 4:000000 5:000220 S:000740 P:001112
001112: asl     r1                      R1=177774 
n--c 0:000067 1:177774 2:000005 3:000000 4:000000 5:000220 S:000740 P:001114
001114: asl     r1                      R1=177770 
n--c 0:000067 1:177770 2:000005 3:000000 4:000000 5:000220 S:000740 P:001116
001116: sob     r2,001052               
n--c 0:000067 1:177770 2:000004 3:000000 4:000000 5:000220 S:000740 P:001052
001052: mov     r1,r0                   R1=177770 
n--c 0:177770 1:177770 2:000004 3:000000 4:000000 5:000220 S:000740 P:001054
001054: rol     r0                      R0=177761 
n--c 0:177761 1:177770 2:000004 3:000000 4:000000 5:000220 S:000740 P:001056
001056: rol     r0                      R0=177743 
n--c 0:177743 1:177770 2:000004 3:000000 4:000000 5:000220 S:000740 P:001060
001060: rol     r0                      R0=177707 
n--c 0:177707 1:177770 2:000004 3:000000 4:000000 5:000220 S:000740 P:001062
001062: rol     r0                      R0=177617 
n--c 0:177617 1:177770 2:000004 3:000000 4:000000 5:000220 S:000740 P:001064
001064: rol     r0                      R0=177437 
n--c 0:177437 1:177770 2:000004 3:000000 4:000000 5:000220 S:000740 P:001066
001066: bic     #177770,r0              [001070]=177770 R0=000007 
---c 0:000007 1:177770 2:000004 3:000000 4:000000 5:000220 S:000740 P:001072
001072: add     #000060,r0              [001074]=000060 R0=000067 
---- 0:000067 1:177770 2:000004 3:000000 4:000000 5:000220 S:000740 P:001076
001076: tstb    @#177564                [177564]=200 
n--- 0:000067 1:177770 2:000004 3:000000 4:000000 5:000220 S:000740 P:001102
001102: bpl     001076                  
n--- 0:000067 1:177770 2:000004 3:000000 4:000000 5:000220 S:000740 P:001104
001104: movb    r0,@#177566             R0=067 [177566] 7
---- 0:000067 1:177770 2:000004 3:000000 4:000000 5:000220 S:000740 P:001110
001110: asl     r1                      R1=177760 
n--c 0:000067 1:177760 2:000004 3:000000 4:000000 5:000220 S:000740 P:001112
001112: asl     r1                      R1=177740 
n--c 0:000067 1:177740 2:000004 3:000000 4:000000 5:000220 S:000740 P:001114
001114: asl     r1                      R1=177700 
n--c 0:000067 1:177700 2:000004 3:000000 4:000000 5:000220 S:000740 P:001116
001116: sob     r2,001052               
n--c 0:000067 1:177700 2:000003 3:000000 4:000000 5:000220 S:000740 P:001052
001052: mov     r1,r0                   R1=177700 
n--c 0:177700 1:177700 2:000003 3:000000 4:000000 5:000220 S:000740 P:001054
001054: rol     r0                      R0=177601 
n--c 0:177601 1:177700 2:000003 3:000000 4:000000 5:000220 S:000740 P:001056
001056: rol     r0                      R0=177403 
n--c 0:177403 1:177700 2:000003 3:000000 4:000000 5:000220 S:000740 P:001060
001060: rol     r0                      R0=177007 
n--c 0:177007 1:177700 2:000003 3:000000 4:000000 5:000220 S:000740 P:001062
001062: rol     r0                      R0=176017 
n--c 0:176017 1:177700 2:000003 3:000000 4:000000 5:000220 S:000740 P:001064
001064: rol     r0                      R0=174037 
n--c 0:174037 1:177700 2:000003 3:000000 4:000000 5:000220 S:000740 P:001066
001066: bic     #177770,r0              [001070]=177770 R0=000007 
---c 0:000007 1:177700 2:000003 3:000000 4:000000 5:000220 S:000740 P:001072
001072: add     #000060,r0              [001074]=000060 R0=000067 
---- 0:000067 1:177700 2:000003 3:000000 4:000000 5:000220 S:000740 P:001076
001076: tstb    @#177564                [177564]=200 
n--- 0:000067 1:177700 2:000003 3:000000 4:000000 5:000220 S:000740 P:001102
001102: bpl     001076                  
n--- 0:000067 1:177700 2:000003 3:000000 4:000000 5:000220 S:000740 P:001104
001104: movb    r0,@#177566             R0=067 [177566] 7
---- 0:000067 1:177700 2:000003 3:000000 4:000000 5:000220 S:000740 P:001110
001110: asl     r1                      R1=177600 
n--c 0:000067 1:177600 2:000003 3:000000 4:000000 5:000220 S:000740 P:001112
001112: asl     r1                      R1=177400 
n--c 0:000067 1:177400 2:000003 3:000000 4:000000 5:000220 S:000740 P:001114
001114: asl     r1                      R1=177000 
n--c 0:000067 1:177000 2:000003 3:000000 4:000000 5:000220 S:000740 P:001116
001116: sob     r2,001052               
n--c 0:000067 1:177000 2:000002 3:000000 4:000000 5:000220 S:000740 P:001052
001052: mov     r1,r0                   R1=177000 
n--c 0:177000 1:177000 2:000002 3:000000 4:000000 5:000220 S:000740 P:001054
001054: rol     r0                      R0=176001 
n--c 0:176001 1:177000 2:000002 3:000000 4:000000 5:000220 S:000740 P:001056
001056: rol     r0                      R0=174003 
n--c 0:174003 1:177000 2:000002 3:000000 4:000000 5:000220 S:000740 P:001060
001060: rol     r0                      R0=170007 
n--c 0:170007 1:177000 2:000002 3:000000 4:000000 5:000220 S:000740 P:001062
001062: rol     r0                      R0=160017 
n--c 0:160017 1:177000 2:000002 3:000000 4:000000 5:000220 S:000740 P:001064
001064: rol     r0                      R0=140037 
n--c 0:140037 1:177000 2:000002 3:000000 4:000000 5:000220 S:000740 P:001066
001066: bic     #177770,r0              [001070]=177770 R0=000007 
---c 0:000007 1:177000 2:000002 3:000000 4:000000 5:000220 S:000740 P:001072
001072: add     #000060,r0              [001074]=000060 R0=000067 
---- 0:000067 1:177000 2:000002 3:000000 4:000000 5:000220 S:000740 P:001076
001076: tstb    @#177564                [177564]=200 
n--- 0:000067 1:177000 2:000002 3:000000 4:000000 5:000220 S:000740 P:001102
001102: bpl     001076                  
n--- 0:000067 1:177000 2:000002 3:000000 4:000000 5:000220 S:000740 P:001104
001104: movb    r0,@#177566             R0=067 [177566] 7
---- 0:000067 1:177000 2:000002 3:000000 4:000000 5:000220 S:000740 P:001110
001110: asl     r1                      R1=176000 
n--c 0:000067 1:176000 2:000002 3:000000 4:000000 5:000220 S:000740 P:001112
001112: asl     r1                      R1=174000 
n--c 0:000067 1:174000 2:000002 3:000000 4:000000 5:000220 S:000740 P:001114
001114: asl     r1                      R1=170000 
n--c 0:000067 1:170000 2:000002 3:000000 4:000000 5:000220 S:000740 P:001116
001116: sob     r2,001052               
n--c 0:000067 1:170000 2:000001 3:000000 4:000000 5:000220 S:000740 P:001052
001052: mov     r1,r0                   R1=170000 
n--c 0:170000 1:170000 2:000001 3:000000 4:000000 5:000220 S:000740 P:001054
001054: rol     r0                      R0=160001 
n--c 0:160001 1:170000 2:000001 3:000000 4:000000 5:000220 S:000740 P:001056
001056: rol     r0                      R0=140003 
n--c 0:140003 1:170000 2:000001 3:000000 4:000000 5:000220 S:000740 P:001060
001060: rol     r0                      R0=100007 
n--c 0:100007 1:170000 2:000001 3:000000 4:000000 5:000220 S:000740 P:001062
001062: rol     r0                      R0=000017 
--vc 0:000017 1:170000 2:000001 3:000000 4:000000 5:000220 S:000740 P:001064
001064: rol     r0                      R0=000037 
---- 0:000037 1:170000 2:000001 3:000000 4:000000 5:000220 S:000740 P:001066
001066: bic     #177770,r0              [001070]=177770 R0=000007 
---- 0:000007 1:170000 2:000001 3:000000 4:000000 5:000220 S:000740 P:001072
001072: add     #000060,r0              [001074]=000060 R0=000067 
---- 0:000067 1:170000 2:000001 3:000000 4:000000 5:000220 S:000740 P:001076
001076: tstb    @#177564                [177564]=200 
n--- 0:000067 1:170000 2:000001 3:000000 4:000000 5:000220 S:000740 P:001102
001102: bpl     001076                  
n--- 0:000067 1:170000 2:000001 3:000000 4:000000 5:000220 S:000740 P:001104
001104: movb    r0,@#177566             R0=067 [177566] 7
---- 0:000067 1:170000 2:000001 3:000000 4:000000 5:000220 S:000740 P:001110
001110: asl     r1                      R1=160000 
n--c 0:000067 1:160000 2:000001 3:000000 4:000000 5:000220 S:000740 P:001112
001112: asl     r1                      R1=140000 
n--c 0:000067 1:140000 2:000001 3:000000 4:000000 5:000220 S:000740 P:001114
001114: asl     r1                      R1=100000 
n--c 0:000067 1:100000 2:000001 3:000000 4:000000 5:000220 S:000740 P:001116
001116: sob     r2,001052               
n--c 0:000067 1:100000 2:000000 3:000000 4:000000 5:000220 S:000740 P:001120
001120: mov     #000012,r0              [001122]=000012 
---c 0:000012 1:100000 2:000000 3:000000 4:000000 5:000220 S:000740 P:001124
001124: tstb    @#177564                [177564]=200 
n--- 0:000012 1:100000 2:000000 3:000000 4:000000 5:000220 S:000740 P:001130
001130: bpl     001124                  
n--- 0:000012 1:100000 2:000000 3:000000 4:000000 5:000220 S:000740 P:001132
001132: movb    r0,@#177566             R0=012 [177566] 

---- 0:000012 1:100000 2:000000 3:000000 4:000000 5:000220 S:000740 P:001136
001136: mov     #000015,r0              [001140]=000015 
---- 0:000015 1:100000 2:000000 3:000000 4:000000 5:000220 S:000740 P:001142
001142: tstb    @#177564                [177564]=200 
n--- 0:000015 1:100000 2:000000 3:000000 4:000000 5:000220 S:000740 P:001146
001146: bpl     001142                  
n--- 0:000015 1:100000 2:000000 3:000000 4:000000 5:000220 S:000740 P:001150
001150: movb    r0,@#177566             R0=015 [177566] 
---- 0:000015 1:100000 2:000000 3:000000 4:000000 5:000220 S:000740 P:001154
001154: br      001010                  
---- 0:000015 1:100000 2:000000 3:000000 4:000000 5:000220 S:000740 P:001010
001010: mov     (r5)+,r0                [000220]=000010 
---- 0:000010 1:100000 2:000000 3:000000 4:000000 5:000222 S:000740 P:001012
001012: beq     001156                  
---- 0:000010 1:100000 2:000000 3:000000 4:000000 5:000222 S:000740 P:001014
001014: mov     r1,-(sp)                R1=100000 [000736] 
n--- 0:000010 1:100000 2:000000 3:000000 4:000000 5:000222 S:000736 P:001016
001016: mov     r2,-(sp)                R2=000000 [000734] 
-z-- 0:000010 1:100000 2:000000 3:000000 4:000000 5:000222 S:000734 P:001020
001020: mov     r0,r1                   R0=000010 
---- 0:000010 1:000010 2:000000 3:000000 4:000000 5:000222 S:000734 P:001022
001022: mov     #000005,r2              [001024]=000005 
---- 0:000010 1:000010 2:000005 3:000000 4:000000 5:000222 S:000734 P:001026
001026: movb    #000060,r0              [001030]=060 
---- 0:000060 1:000010 2:000005 3:000000 4:000000 5:000222 S:000734 P:001032
001032: tst     r1                      R1=000010 
---- 0:000060 1:000010 2:000005 3:000000 4:000000 5:000222 S:000734 P:001034
001034: bpl     001040                  
---- 0:000060 1:000010 2:000005 3:000000 4:000000 5:000222 S:000734 P:001040
001040: tstb    @#177564                [177564]=200 
n--- 0:000060 1:000010 2:000005 3:000000 4:000000 5:000222 S:000734 P:001044
001044: bpl     001040                  
n--- 0:000060 1:000010 2:000005 3:000000 4:000000 5:000222 S:000734 P:001046
001046: movb    r0,@#177566             R0=060 [177566] 0
---- 0:000060 1:000010 2:000005 3:000000 4:000000 5:000222 S:000734 P:001052
001052: mov     r1,r0                   R1=000010 
---- 0:000010 1:000010 2:000005 3:000000 4:000000 5:000222 S:000734 P:001054
001054: rol     r0                      R0=000020 
---- 0:000020 1:000010 2:000005 3:000000 4:000000 5:000222 S:000734 P:001056
001056: rol     r0                      R0=000040 
---- 0:000040 1:000010 2:000005 3:000000 4:000000 5:000222 S:000734 P:001060
001060: rol     r0                      R0=000100 
---- 0:000100 1:000010 2:000005 3:000000 4:000000 5:000222 S:000734 P:001062
001062: rol     r0                      R0=000200 
---- 0:000200 1:000010 2:000005 3:000000 4:000000 5:000222 S:000734 P:001064
001064: rol     r0                      R0=000400 
---- 0:000400 1:000010 2:000005 3:000000 4:000000 5:000222 S:000734 P:001066
001066: bic     #177770,r0              [001070]=177770 R0=000000 
-z-- 0:000000 1:000010 2:000005 3:000000 4:000000 5:000222 S:000734 P:001072
001072: add     #000060,r0              [001074]=000060 R0=000060 
---- 0:000060 1:000010 2:000005 3:000000 4:000000 5:000222 S:000734 P:001076
001076: tstb    @#177564                [177564]=200 
n--- 0:000060 1:000010 2:000005 3:000000 4:000000 5:000222 S:000734 P:001102
001102: bpl     001076                  
n--- 0:000060 1:000010 2:000005 3:000000 4:000000 5:000222 S:000734 P:001104
001104: movb    r0,@#177566             R0=060 [177566] 0
---- 0:000060 1:000010 2:000005 3:000000 4:000000 5:000222 S:000734 P:001110
001110: asl     r1                      R1=000020 
---- 0:000060 1:000020 2:000005 3:000000 4:000000 5:000222 S:000734 P:001112
001112: asl     r1                      R1=000040 
---- 0:000060 1:000040 2:000005 3:000000 4:000000 5:000222 S:000734 P:001114
001114: asl     r1                      R1=000100 
---- 0:000060 1:000100 2:000005 3:000000 4:000000 5:000222 S:000734 P:001116
001116: sob     r2,001052               
---- 0:000060 1:000100 2:000004 3:000000 4:000000 5:000222 S:000734 P:001052
001052: mov     r1,r0                   R1=000100 
---- 0:000100 1:000100 2:000004 3:000000 4:000000 5:000222 S:000734 P:001054
001054: rol     r0                      R0=000200 
---- 0:000200 1:000100 2:000004 3:000000 4:000000 5:000222 S:000734 P:001056
001056: rol     r0                      R0=000400 
---- 0:000400 1:000100 2:000004 3:000000 4:000000 5:000222 S:000734 P:001060
001060: rol     r0                      R0=001000 
---- 0:001000 1:000100 2:000004 3:000000 4:000000 5:000222 S:000734 P:001062
001062: rol     r0                      R0=002000 
---- 0:002000 1:000100 2:000004 3:000000 4:000000 5:000222 S:000734 P:001064
001064: rol     r0                      R0=004000 
---- 0:004000 1:000100 2:000004 3:000000 4:000000 5:000222 S:000734 P:001066
001066: bic     #177770,r0              [001070]=177770 R0=000000 
-z-- 0:000000 1:000100 2:000004 3:000000 4:000000 5:000222 S:000734 P:001072
001072: add     #000060,r0              [001074]=000060 R0=000060 
---- 0:000060 1:000100 2:000004 3:000000 4:000000 5:000222 S:000734 P:001076
001076: tstb    @#177564                [177564]=200 
n--- 0:000060 1:000100 2:000004 3:000000 4:000000 5:000222 S:000734 P:001102
001102: bpl     001076                  
n--- 0:000060 1:000100 2:000004 3:000000 4:000000 5:000222 S:000734 P:001104
001104: movb    r0,@#177566             R0=060 [177566] 0
---- 0:000060 1:000100 2:000004 3:000000 4:000000 5:000222 S:000734 P:001110
001110: asl     r1                      R1=000200 
---- 0:000060 1:000200 2:000004 3:000000 4:000000 5:000222 S:000734 P:001112
001112: asl     r1                      R1=000400 
---- 0:000060 1:000400 2:000004 3:000000 4:000000 5:000222 S:000734 P:001114
001114: asl     r1                      R1=001000 
---- 0:000060 1:001000 2:000004 3:000000 4:000000 5:000222 S:000734 P:001116
001116: sob     r2,001052               
---- 0:000060 1:001000 2:000003 3:000000 4:000000 5:000222 S:000734 P:001052
001052: mov     r1,r0                   R1=001000 
---- 0:001000 1:001000 2:000003 3:000000 4:000000 5:000222 S:000734 P:001054
001054: rol     r0                      R0=002000 
---- 0:002000 1:001000 2:000003 3:000000 4:000000 5:000222 S:000734 P:001056
001056: rol     r0                      R0=004000 
---- 0:004000 1:001000 2:000003 3:000000 4:000000 5:000222 S:000734 P:001060
001060: rol     r0                      R0=010000 
---- 0:010000 1:001000 2:000003 3:000000 4:000000 5:000222 S:000734 P:001062
001062: rol     r0                      R0=020000 
---- 0:020000 1:001000 2:000003 3:000000 4:000000 5:000222 S:000734 P:001064
001064: rol     r0                      R0=040000 
---- 0:040000 1:001000 2:000003 3:000000 4:000000 5:000222 S:000734 P:001066
001066: bic     #177770,r0              [001070]=177770 R0=000000 
-z-- 0:000000 1:001000 2:000003 3:000000 4:000000 5:000222 S:000734 P:001072
001072: add     #000060,r0              [001074]=000060 R0=000060 
---- 0:000060 1:001000 2:000003 3:000000 4:000000 5:000222 S:000734 P:001076
001076: tstb    @#177564                [177564]=200 
n--- 0:000060 1:001000 2:000003 3:000000 4:000000 5:000222 S:000734 P:001102
001102: bpl     001076                  
n--- 0:000060 1:001000 2:000003 3:000000 4:000000 5:000222 S:000734 P:001104
001104: movb    r0,@#177566             R0=060 [177566] 0
---- 0:000060 1:001000 2:000003 3:000000 4:000000 5:000222 S:000734 P:001110
001110: asl     r1                      R1=002000 
---- 0:000060 1:002000 2:000003 3:000000 4:000000 5:000222 S:000734 P:001112
001112: asl     r1                      R1=004000 
---- 0:000060 1:004000 2:000003 3:000000 4:000000 5:000222 S:000734 P:001114
001114: asl     r1                      R1=010000 
---- 0:000060 1:010000 2:000003 3:000000 4:000000 5:000222 S:000734 P:001116
001116: sob     r2,001052               
---- 0:000060 1:010000 2:000002 3:000000 4:000000 5:000222 S:000734 P:001052
001052: mov     r1,r0                   R1=010000 
---- 0:010000 1:010000 2:000002 3:000000 4:000000 5:000222 S:000734 P:001054
001054: rol     r0                      R0=020000 
---- 0:020000 1:010000 2:000002 3:000000 4:000000 5:000222 S:000734 P:001056
001056: rol     r0                      R0=040000 
---- 0:040000 1:010000 2:000002 3:000000 4:000000 5:000222 S:000734 P:001060
001060: rol     r0                      R0=100000 
n-v- 0:100000 1:010000 2:000002 3:000000 4:000000 5:000222 S:000734 P:001062
001062: rol     r0                      R0=000000 
-zvc 0:000000 1:010000 2:000002 3:000000 4:000000 5:000222 S:000734 P:001064
001064: rol     r0                      R0=000001 
---- 0:000001 1:010000 2:000002 3:000000 4:000000 5:000222 S:000734 P:001066
001066: bic     #177770,r0              [001070]=177770 R0=000001 
---- 0:000001 1:010000 2:000002 3:000000 4:000000 5:000222 S:000734 P:001072
001072: add     #000060,r0              [001074]=000060 R0=000061 
---- 0:000061 1:010000 2:000002 3:000000 4:000000 5:000222 S:000734 P:001076
001076: tstb    @#177564                [177564]=200 
n--- 0:000061 1:010000 2:000002 3:000000 4:000000 5:000222 S:000734 P:001102
001102: bpl     001076                  
n--- 0:000061 1:010000 2:000002 3:000000 4:000000 5:000222 S:000734 P:001104
001104: movb    r0,@#177566             R0=061 [177566] 1
---- 0:000061 1:010000 2:000002 3:000000 4:000000 5:000222 S:000734 P:001110
001110: asl     r1                      R1=020000 
---- 0:000061 1:020000 2:000002 3:000000 4:000000 5:000222 S:000734 P:001112
001112: asl     r1                      R1=040000 
---- 0:000061 1:040000 2:000002 3:000000 4:000000 5:000222 S:000734 P:001114
001114: asl     r1                      R1=100000 
n-v- 0:000061 1:100000 2:000002 3:000000 4:000000 5:000222 S:000734 P:001116
001116: sob     r2,001052               
n-v- 0:000061 1:100000 2:000001 3:000000 4:000000 5:000222 S:000734 P:001052
001052: mov     r1,r0                   R1=100000 
n--- 0:100000 1:100000 2:000001 3:000000 4:000000 5:000222 S:000734 P:001054
001054: rol     r0                      R0=000000 
-zvc 0:000000 1:100000 2:000001 3:000000 4:000000 5:000222 S:000734 P:001056
001056: rol     r0                      R0=000001 
---- 0:000001 1:100000 2:000001 3:000000 4:000000 5:000222 S:000734 P:001060
001060: rol     r0                      R0=000002 
---- 0:000002 1:100000 2:000001 3:000000 4:000000 5:000222 S:000734 P:001062
001062: rol     r0                      R0=000004 
---- 0:000004 1:100000 2:000001 3:000000 4:000000 5:000222 S:000734 P:001064
001064: rol     r0                      R0=000010 
---- 0:000010 1:100000 2:000001 3:000000 4:000000 5:000222 S:000734 P:001066
001066: bic     #177770,r0              [001070]=177770 R0=000000 
-z-- 0:000000 1:100000 2:000001 3:000000 4:000000 5:000222 S:000734 P:001072
001072: add     #000060,r0              [001074]=000060 R0=000060 
---- 0:000060 1:100000 2:000001 3:000000 4:000000 5:000222 S:000734 P:001076
001076: tstb    @#177564                [177564]=200 
n--- 0:000060 1:100000 2:000001 3:000000 4:000000 5:000222 S:000734 P:001102
001102: bpl     001076                  
n--- 0:000060 1:100000 2:000001 3:000000 4:000000 5:000222 S:000734 P:001104
001104: movb    r0,@#177566             R0=060 [177566] 0
---- 0:000060 1:100000 2:000001 3:000000 4:000000 5:000222 S:000734 P:001110
001110: asl     r1                      R1=000000 
-zvc 0:000060 1:000000 2:000001 3:000000 4:000000 5:000222 S:000734 P:001112
001112: asl     r1                      R1=000000 
-z-- 0:000060 1:000000 2:000001 3:000000 4:000000 5:000222 S:000734 P:001114
001114: asl     r1                      R1=000000 
-z-- 0:000060 1:000000 2:000001 3:000000 4:000000 5:000222 S:000734 P:001116
001116: sob     r2,001052               
-z-- 0:000060 1:000000 2:000000 3:000000 4:000000 5:000222 S:000734 P:001120
001120: mov     #000012,r0              [001122]=000012 
---- 0:000012 1:000000 2:000000 3:000000 4:000000 5:000222 S:000734 P:001124
001124: tstb    @#177564                [177564]=200 
n--- 0:000012 1:000000 2:000000 3:000000 4:000000 5:000222 S:000734 P:001130
001130: bpl     001124                  
n--- 0:000012 1:000000 2:000000 3:000000 4:000000 5:000222 S:000734 P:001132
001132: movb    r0,@#177566             R0=012 [177566] 

---- 0:000012 1:000000 2:000000 3:000000 4:000000 5:000222 S:000734 P:001136
001136: mov     #000015,r0              [001140]=000015 
---- 0:000015 1:000000 2:000000 3:000000 4:000000 5:000222 S:000734 P:001142
001142: tstb    @#177564                [177564]=200 
n--- 0:000015 1:000000 2:000000 3:000000 4:000000 5:000222 S:000734 P:001146
001146: bpl     001142                  
n--- 0:000015 1:000000 2:000000 3:000000 4:000000 5:000222 S:000734 P:001150
001150: movb    r0,@#177566             R0=015 [177566] 
---- 0:000015 1:000000 2:000000 3:000000 4:000000 5:000222 S:000734 P:001154
001154: br      001010                  
---- 0:000015 1:000000 2:000000 3:000000 4:000000 5:000222 S:000734 P:001010
001010: mov     (r5)+,r0                [000222]=000020 
---- 0:000020 1:000000 2:000000 3:000000 4:000000 5:000224 S:000734 P:001012
001012: beq     001156                  
---- 0:000020 1:000000 2:000000 3:000000 4:000000 5:000224 S:000734 P:001014
001014: mov     r1,-(sp)                R1=000000 [000732] 
-z-- 0:000020 1:000000 2:000000 3:000000 4:000000 5:000224 S:000732 P:001016
001016: mov     r2,-(sp)                R2=000000 [000730] 
-z-- 0:000020 1:000000 2:000000 3:000000 4:000000 5:000224 S:000730 P:001020
001020: mov     r0,r1                   R0=000020 
---- 0:000020 1:000020 2:000000 3:000000 4:000000 5:000224 S:000730 P:001022
001022: mov     #000005,r2              [001024]=000005 
---- 0:000020 1:000020 2:000005 3:000000 4:000000 5:000224 S:000730 P:001026
001026: movb    #000060,r0              [001030]=060 
---- 0:000060 1:000020 2:000005 3:000000 4:000000 5:000224 S:000730 P:001032
001032: tst     r1                      R1=000020 
---- 0:000060 1:000020 2:000005 3:000000 4:000000 5:000224 S:000730 P:001034
001034: bpl     001040                  
---- 0:000060 1:000020 2:000005 3:000000 4:000000 5:000224 S:000730 P:001040
001040: tstb    @#177564                [177564]=200 
n--- 0:000060 1:000020 2:000005 3:000000 4:000000 5:000224 S:000730 P:001044
001044: bpl     001040                  
n--- 0:000060 1:000020 2:000005 3:000000 4:000000 5:000224 S:000730 P:001046
001046: movb    r0,@#177566             R0=060 [177566] 0
---- 0:000060 1:000020 2:000005 3:000000 4:000000 5:000224 S:000730 P:001052
001052: mov     r1,r0                   R1=000020 
---- 0:000020 1:000020 2:000005 3:000000 4:000000 5:000224 S:000730 P:001054
001054: rol     r0                      R0=000040 
---- 0:000040 1:000020 2:000005 3:000000 4:000000 5:000224 S:000730 P:001056
001056: rol     r0                      R0=000100 
---- 0:000100 1:000020 2:000005 3:000000 4:000000 5:000224 S:000730 P:001060
001060: rol     r0                      R0=000200 
---- 0:000200 1:000020 2:000005 3:000000 4:000000 5:000224 S:000730 P:001062
001062: rol     r0                      R0=000400 
---- 0:000400 1:000020 2:000005 3:000000 4:000000 5:000224 S:000730 P:001064
001064: rol     r0                      R0=001000 
---- 0:001000 1:000020 2:000005 3:000000 4:000000 5:000224 S:000730 P:001066
001066: bic     #177770,r0              [001070]=177770 R0=000000 
-z-- 0:000000 1:000020 2:000005 3:000000 4:000000 5:000224 S:000730 P:001072
001072: add     #000060,r0              [001074]=000060 R0=000060 
---- 0:000060 1:000020 2:000005 3:000000 4:000000 5:000224 S:000730 P:001076
001076: tstb    @#177564                [177564]=200 
n--- 0:000060 1:000020 2:000005 3:000000 4:000000 5:000224 S:000730 P:001102
001102: bpl     001076                  
n--- 0:000060 1:000020 2:000005 3:000000 4:000000 5:000224 S:000730 P:001104
001104: movb    r0,@#177566             R0=060 [177566] 0
---- 0:000060 1:000020 2:000005 3:000000 4:000000 5:000224 S:000730 P:001110
001110: asl     r1                      R1=000040 
---- 0:000060 1:000040 2:000005 3:000000 4:000000 5:000224 S:000730 P:001112
001112: asl     r1                      R1=000100 
---- 0:000060 1:000100 2:000005 3:000000 4:000000 5:000224 S:000730 P:001114
001114: asl     r1                      R1=000200 
---- 0:000060 1:000200 2:000005 3:000000 4:000000 5:000224 S:000730 P:001116
001116: sob     r2,001052               
---- 0:000060 1:000200 2:000004 3:000000 4:000000 5:000224 S:000730 P:001052
001052: mov     r1,r0                   R1=000200 
---- 0:000200 1:000200 2:000004 3:000000 4:000000 5:000224 S:000730 P:001054
001054: rol     r0                      R0=000400 
---- 0:000400 1:000200 2:000004 3:000000 4:000000 5:000224 S:000730 P:001056
001056: rol     r0                      R0=001000 
---- 0:001000 1:000200 2:000004 3:000000 4:000000 5:000224 S:000730 P:001060
001060: rol     r0                      R0=002000 
---- 0:002000 1:000200 2:000004 3:000000 4:000000 5:000224 S:000730 P:001062
001062: rol     r0                      R0=004000 
---- 0:004000 1:000200 2:000004 3:000000 4:000000 5:000224 S:000730 P:001064
001064: rol     r0                      R0=010000 
---- 0:010000 1:000200 2:000004 3:000000 4:000000 5:000224 S:000730 P:001066
001066: bic     #177770,r0              [001070]=177770 R0=000000 
-z-- 0:000000 1:000200 2:000004 3:000000 4:000000 5:000224 S:000730 P:001072
001072: add     #000060,r0              [001074]=000060 R0=000060 
---- 0:000060 1:000200 2:000004 3:000000 4:000000 5:000224 S:000730 P:001076
001076: tstb    @#177564                [177564]=200 
n--- 0:000060 1:000200 2:000004 3:000000 4:000000 5:000224 S:000730 P:001102
001102: bpl     001076                  
n--- 0:000060 1:000200 2:000004 3:000000 4:000000 5:000224 S:000730 P:001104
001104: movb    r0,@#177566             R0=060 [177566] 0
---- 0:000060 1:000200 2:000004 3:000000 4:000000 5:000224 S:000730 P:001110
001110: asl     r1                      R1=000400 
---- 0:000060 1:000400 2:000004 3:000000 4:000000 5:000224 S:000730 P:001112
001112: asl     r1                      R1=001000 
---- 0:000060 1:001000 2:000004 3:000000 4:000000 5:000224 S:000730 P:001114
001114: asl     r1                      R1=002000 
---- 0:000060 1:002000 2:000004 3:000000 4:000000 5:000224 S:000730 P:001116
001116: sob     r2,001052               
---- 0:000060 1:002000 2:000003 3:000000 4:000000 5:000224 S:000730 P:001052
001052: mov     r1,r0                   R1=002000 
---- 0:002000 1:002000 2:000003 3:000000 4:000000 5:000224 S:000730 P:001054
001054: rol     r0                      R0=004000 
---- 0:004000 1:002000 2:000003 3:000000 4:000000 5:000224 S:000730 P:001056
001056: rol     r0                      R0=010000 
---- 0:010000 1:002000 2:000003 3:000000 4:000000 5:000224 S:000730 P:001060
001060: rol     r0                      R0=020000 
---- 0:020000 1:002000 2:000003 3:000000 4:000000 5:000224 S:000730 P:001062
001062: rol     r0                      R0=040000 
---- 0:040000 1:002000 2:000003 3:000000 4:000000 5:000224 S:000730 P:001064
001064: rol     r0                      R0=100000 
n-v- 0:100000 1:002000 2:000003 3:000000 4:000000 5:000224 S:000730 P:001066
001066: bic     #177770,r0              [001070]=177770 R0=000000 
-z-- 0:000000 1:002000 2:000003 3:000000 4:000000 5:000224 S:000730 P:001072
001072: add     #000060,r0              [001074]=000060 R0=000060 
---- 0:000060 1:002000 2:000003 3:000000 4:000000 5:000224 S:000730 P:001076
001076: tstb    @#177564                [177564]=200 
n--- 0:000060 1:002000 2:000003 3:000000 4:000000 5:000224 S:000730 P:001102
001102: bpl     001076                  
n--- 0:000060 1:002000 2:000003 3:000000 4:000000 5:000224 S:000730 P:001104
001104: movb    r0,@#177566             R0=060 [177566] 0
---- 0:000060 1:002000 2:000003 3:000000 4:000000 5:000224 S:000730 P:001110
001110: asl     r1                      R1=004000 
---- 0:000060 1:004000 2:000003 3:000000 4:000000 5:000224 S:000730 P:001112
001112: asl     r1                      R1=010000 
---- 0:000060 1:010000 2:000003 3:000000 4:000000 5:000224 S:000730 P:001114
001114: asl     r1                      R1=020000 
---- 0:000060 1:020000 2:000003 3:000000 4:000000 5:000224 S:000730 P:001116
001116: sob     r2,001052               
---- 0:000060 1:020000 2:000002 3:000000 4:000000 5:000224 S:000730 P:001052
001052: mov     r1,r0                   R1=020000 
---- 0:020000 1:020000 2:000002 3:000000 4:000000 5:000224 S:000730 P:001054
001054: rol     r0                      R0=040000 
---- 0:040000 1:020000 2:000002 3:000000 4:000000 5:000224 S:000730 P:001056
001056: rol     r0                      R0=100000 
n-v- 0:100000 1:020000 2:000002 3:000000 4:000000 5:000224 S:000730 P:001060
001060: rol     r0                      R0=000000 
-zvc 0:000000 1:020000 2:000002 3:000000 4:000000 5:000224 S:000730 P:001062
001062: rol     r0                      R0=000001 
---- 0:000001 1:020000 2:000002 3:000000 4:000000 5:000224 S:000730 P:001064
001064: rol     r0                      R0=000002 
---- 0:000002 1:020000 2:000002 3:000000 4:000000 5:000224 S:000730 P:001066
001066: bic     #177770,r0              [001070]=177770 R0=000002 
---- 0:000002 1:020000 2:000002 3:000000 4:000000 5:000224 S:000730 P:001072
001072: add     #000060,r0              [001074]=000060 R0=000062 
---- 0:000062 1:020000 2:000002 3:000000 4:000000 5:000224 S:000730 P:001076
001076: tstb    @#177564                [177564]=200 
n--- 0:000062 1:020000 2:000002 3:000000 4:000000 5:000224 S:000730 P:001102
001102: bpl     001076                  
n--- 0:000062 1:020000 2:000002 3:000000 4:000000 5:000224 S:000730 P:001104
001104: movb    r0,@#177566             R0=062 [177566] 2
---- 0:000062 1:020000 2:000002 3:000000 4:000000 5:000224 S:000730 P:001110
001110: asl     r1                      R1=040000 
---- 0:000062 1:040000 2:000002 3:000000 4:000000 5:000224 S:000730 P:001112
001112: asl     r1                      R1=100000 
n-v- 0:000062 1:100000 2:000002 3:000000 4:000000 5:000224 S:000730 P:001114
001114: asl     r1                      R1=000000 
-zvc 0:000062 1:000000 2:000002 3:000000 4:000000 5:000224 S:000730 P:001116
001116: sob     r2,001052               
-zvc 0:000062 1:000000 2:000001 3:000000 4:000000 5:000224 S:000730 P:001052
001052: mov     r1,r0                   R1=000000 
-z-c 0:000000 1:000000 2:000001 3:000000 4:000000 5:000224 S:000730 P:001054
001054: rol     r0                      R0=000001 
---- 0:000001 1:000000 2:000001 3:000000 4:000000 5:000224 S:000730 P:001056
001056: rol     r0                      R0=000002 
---- 0:000002 1:000000 2:000001 3:000000 4:000000 5:000224 S:000730 P:001060
001060: rol     r0                      R0=000004 
---- 0:000004 1:000000 2:000001 3:000000 4:000000 5:000224 S:000730 P:001062
001062: rol     r0                      R0=000010 
---- 0:000010 1:000000 2:000001 3:000000 4:000000 5:000224 S:000730 P:001064
001064: rol     r0                      R0=000020 
---- 0:000020 1:000000 2:000001 3:000000 4:000000 5:000224 S:000730 P:001066
001066: bic     #177770,r0              [001070]=177770 R0=000000 
-z-- 0:000000 1:000000 2:000001 3:000000 4:000000 5:000224 S:000730 P:001072
001072: add     #000060,r0              [001074]=000060 R0=000060 
---- 0:000060 1:000000 2:000001 3:000000 4:000000 5:000224 S:000730 P:001076
001076: tstb    @#177564                [177564]=200 
n--- 0:000060 1:000000 2:000001 3:000000 4:000000 5:000224 S:000730 P:001102
001102: bpl     001076                  
n--- 0:000060 1:000000 2:000001 3:000000 4:000000 5:000224 S:000730 P:001104
001104: movb    r0,@#177566             R0=060 [177566] 0
---- 0:000060 1:000000 2:000001 3:000000 4:000000 5:000224 S:000730 P:001110
001110: asl     r1                      R1=000000 
-z-- 0:000060 1:000000 2:000001 3:000000 4:000000 5:000224 S:000730 P:001112
001112: asl     r1                      R1=000000 
-z-- 0:000060 1:000000 2:000001 3:000000 4:000000 5:000224 S:000730 P:001114
001114: asl     r1                      R1=000000 
-z-- 0:000060 1:000000 2:000001 3:000000 4:000000 5:000224 S:000730 P:001116
001116: sob     r2,001052               
-z-- 0:000060 1:000000 2:000000 3:000000 4:000000 5:000224 S:000730 P:001120
001120: mov     #000012,r0              [001122]=000012 
---- 0:000012 1:000000 2:000000 3:000000 4:000000 5:000224 S:000730 P:001124
001124: tstb    @#177564                [177564]=200 
n--- 0:000012 1:000000 2:000000 3:000000 4:000000 5:000224 S:000730 P:001130
001130: bpl     001124                  
n--- 0:000012 1:000000 2:000000 3:000000 4:000000 5:000224 S:000730 P:001132
001132: movb    r0,@#177566             R0=012 [177566] 

---- 0:000012 1:000000 2:000000 3:000000 4:000000 5:000224 S:000730 P:001136
001136: mov     #000015,r0              [001140]=000015 
---- 0:000015 1:000000 2:000000 3:000000 4:000000 5:000224 S:000730 P:001142
001142: tstb    @#177564                [177564]=200 
n--- 0:000015 1:000000 2:000000 3:000000 4:000000 5:000224 S:000730 P:001146
001146: bpl     001142                  
n--- 0:000015 1:000000 2:000000 3:000000 4:000000 5:000224 S:000730 P:001150
001150: movb    r0,@#177566             R0=015 [177566] 
---- 0:000015 1:000000 2:000000 3:000000 4:000000 5:000224 S:000730 P:001154
001154: br      001010                  
---- 0:000015 1:000000 2:000000 3:000000 4:000000 5:000224 S:000730 P:001010
001010: mov     (r5)+,r0                [000224]=000040 
---- 0:000040 1:000000 2:000000 3:000000 4:000000 5:000226 S:000730 P:001012
001012: beq     001156                  
---- 0:000040 1:000000 2:000000 3:000000 4:000000 5:000226 S:000730 P:001014
001014: mov     r1,-(sp)                R1=000000 [000726] 
-z-- 0:000040 1:000000 2:000000 3:000000 4:000000 5:000226 S:000726 P:001016
001016: mov     r2,-(sp)                R2=000000 [000724] 
-z-- 0:000040 1:000000 2:000000 3:000000 4:000000 5:000226 S:000724 P:001020
001020: mov     r0,r1                   R0=000040 
---- 0:000040 1:000040 2:000000 3:000000 4:000000 5:000226 S:000724 P:001022
001022: mov     #000005,r2              [001024]=000005 
---- 0:000040 1:000040 2:000005 3:000000 4:000000 5:000226 S:000724 P:001026
001026: movb    #000060,r0              [001030]=060 
---- 0:000060 1:000040 2:000005 3:000000 4:000000 5:000226 S:000724 P:001032
001032: tst     r1                      R1=000040 
---- 0:000060 1:000040 2:000005 3:000000 4:000000 5:000226 S:000724 P:001034
001034: bpl     001040                  
---- 0:000060 1:000040 2:000005 3:000000 4:000000 5:000226 S:000724 P:001040
001040: tstb    @#177564                [177564]=200 
n--- 0:000060 1:000040 2:000005 3:000000 4:000000 5:000226 S:000724 P:001044
001044: bpl     001040                  
n--- 0:000060 1:000040 2:000005 3:000000 4:000000 5:000226 S:000724 P:001046
001046: movb    r0,@#177566             R0=060 [177566] 0
---- 0:000060 1:000040 2:000005 3:000000 4:000000 5:000226 S:000724 P:001052
001052: mov     r1,r0                   R1=000040 
---- 0:000040 1:000040 2:000005 3:000000 4:000000 5:000226 S:000724 P:001054
001054: rol     r0                      R0=000100 
---- 0:000100 1:000040 2:000005 3:000000 4:000000 5:000226 S:000724 P:001056
001056: rol     r0                      R0=000200 
---- 0:000200 1:000040 2:000005 3:000000 4:000000 5:000226 S:000724 P:001060
001060: rol     r0                      R0=000400 
---- 0:000400 1:000040 2:000005 3:000000 4:000000 5:000226 S:000724 P:001062
001062: rol     r0                      R0=001000 
---- 0:001000 1:000040 2:000005 3:000000 4:000000 5:000226 S:000724 P:001064
001064: rol     r0                      R0=002000 
---- 0:002000 1:000040 2:000005 3:000000 4:000000 5:000226 S:000724 P:001066
001066: bic     #177770,r0              [001070]=177770 R0=000000 
-z-- 0:000000 1:000040 2:000005 3:000000 4:000000 5:000226 S:000724 P:001072
001072: add     #000060,r0              [001074]=000060 R0=000060 
---- 0:000060 1:000040 2:000005 3:000000 4:000000 5:000226 S:000724 P:001076
001076: tstb    @#177564                [177564]=200 
n--- 0:000060 1:000040 2:000005 3:000000 4:000000 5:000226 S:000724 P:001102
001102: bpl     001076                  
n--- 0:000060 1:000040 2:000005 3:000000 4:000000 5:000226 S:000724 P:001104
001104: movb    r0,@#177566             R0=060 [177566] 0
---- 0:000060 1:000040 2:000005 3:000000 4:000000 5:000226 S:000724 P:001110
001110: asl     r1                      R1=000100 
---- 0:000060 1:000100 2:000005 3:000000 4:000000 5:000226 S:000724 P:001112
001112: asl     r1                      R1=000200 
---- 0:000060 1:000200 2:000005 3:000000 4:000000 5:000226 S:000724 P:001114
001114: asl     r1                      R1=000400 
---- 0:000060 1:000400 2:000005 3:000000 4:000000 5:000226 S:000724 P:001116
001116: sob     r2,001052               
---- 0:000060 1:000400 2:000004 3:000000 4:000000 5:000226 S:000724 P:001052
001052: mov     r1,r0                   R1=000400 
---- 0:000400 1:000400 2:000004 3:000000 4:000000 5:000226 S:000724 P:001054
001054: rol     r0                      R0=001000 
---- 0:001000 1:000400 2:000004 3:000000 4:000000 5:000226 S:000724 P:001056
001056: rol     r0                      R0=002000 
---- 0:002000 1:000400 2:000004 3:000000 4:000000 5:000226 S:000724 P:001060
001060: rol     r0                      R0=004000 
---- 0:004000 1:000400 2:000004 3:000000 4:000000 5:000226 S:000724 P:001062
001062: rol     r0                      R0=010000 
---- 0:010000 1:000400 2:000004 3:000000 4:000000 5:000226 S:000724 P:001064
001064: rol     r0                      R0=020000 
---- 0:020000 1:000400 2:000004 3:000000 4:000000 5:000226 S:000724 P:001066
001066: bic     #177770,r0              [001070]=177770 R0=000000 
-z-- 0:000000 1:000400 2:000004 3:000000 4:000000 5:000226 S:000724 P:001072
001072: add     #000060,r0              [001074]=000060 R0=000060 
---- 0:000060 1:000400 2:000004 3:000000 4:000000 5:000226 S:000724 P:001076
001076: tstb    @#177564                [177564]=200 
n--- 0:000060 1:000400 2:000004 3:000000 4:000000 5:000226 S:000724 P:001102
001102: bpl     001076                  
n--- 0:000060 1:000400 2:000004 3:000000 4:000000 5:000226 S:000724 P:001104
001104: movb    r0,@#177566             R0=060 [177566] 0
---- 0:000060 1:000400 2:000004 3:000000 4:000000 5:000226 S:000724 P:001110
001110: asl     r1                      R1=001000 
---- 0:000060 1:001000 2:000004 3:000000 4:000000 5:000226 S:000724 P:001112
001112: asl     r1                      R1=002000 
---- 0:000060 1:002000 2:000004 3:000000 4:000000 5:000226 S:000724 P:001114
001114: asl     r1                      R1=004000 
---- 0:000060 1:004000 2:000004 3:000000 4:000000 5:000226 S:000724 P:001116
001116: sob     r2,001052               
---- 0:000060 1:004000 2:000003 3:000000 4:000000 5:000226 S:000724 P:001052
001052: mov     r1,r0                   R1=004000 
---- 0:004000 1:004000 2:000003 3:000000 4:000000 5:000226 S:000724 P:001054
001054: rol     r0                      R0=010000 
---- 0:010000 1:004000 2:000003 3:000000 4:000000 5:000226 S:000724 P:001056
001056: rol     r0                      R0=020000 
---- 0:020000 1:004000 2:000003 3:000000 4:000000 5:000226 S:000724 P:001060
001060: rol     r0                      R0=040000 
---- 0:040000 1:004000 2:000003 3:000000 4:000000 5:000226 S:000724 P:001062
001062: rol     r0                      R0=100000 
n-v- 0:100000 1:004000 2:000003 3:000000 4:000000 5:000226 S:000724 P:001064
001064: rol     r0                      R0=000000 
-zvc 0:000000 1:004000 2:000003 3:000000 4:000000 5:000226 S:000724 P:001066
001066: bic     #177770,r0              [001070]=177770 R0=000000 
-z-c 0:000000 1:004000 2:000003 3:000000 4:000000 5:000226 S:000724 P:001072
001072: add     #000060,r0              [001074]=000060 R0=000060 
---- 0:000060 1:004000 2:000003 3:000000 4:000000 5:000226 S:000724 P:001076
001076: tstb    @#177564                [177564]=200 
n--- 0:000060 1:004000 2:000003 3:000000 4:000000 5:000226 S:000724 P:001102
001102: bpl     001076                  
n--- 0:000060 1:004000 2:000003 3:000000 4:000000 5:000226 S:000724 P:001104
001104: movb    r0,@#177566             R0=060 [177566] 0
---- 0:000060 1:004000 2:000003 3:000000 4:000000 5:000226 S:000724 P:001110
001110: asl     r1                      R1=010000 
---- 0:000060 1:010000 2:000003 3:000000 4:000000 5:000226 S:000724 P:001112
001112: asl     r1                      R1=020000 
---- 0:000060 1:020000 2:000003 3:000000 4:000000 5:000226 S:000724 P:001114
001114: asl     r1                      R1=040000 
---- 0:000060 1:040000 2:000003 3:000000 4:000000 5:000226 S:000724 P:001116
001116: sob     r2,001052               
---- 0:000060 1:040000 2:000002 3:000000 4:000000 5:000226 S:000724 P:001052
001052: mov     r1,r0                   R1=040000 
---- 0:040000 1:040000 2:000002 3:000000 4:000000 5:000226 S:000724 P:001054
001054: rol     r0                      R0=100000 
n-v- 0:100000 1:040000 2:000002 3:000000 4:000000 5:000226 S:000724 P:001056
001056: rol     r0                      R0=000000 
-zvc 0:000000 1:040000 2:000002 3:000000 4:000000 5:000226 S:000724 P:001060
001060: rol     r0                      R0=000001 
---- 0:000001 1:040000 2:000002 3:000000 4:000000 5:000226 S:000724 P:001062
001062: rol     r0                      R0=000002 
---- 0:000002 1:040000 2:000002 3:000000 4:000000 5:000226 S:000724 P:001064
001064: rol     r0                      R0=000004 
---- 0:000004 1:040000 2:000002 3:000000 4:000000 5:000226 S:000724 P:001066
001066: bic     #177770,r0              [001070]=177770 R0=000004 
---- 0:000004 1:040000 2:000002 3:000000 4:000000 5:000226 S:000724 P:001072
001072: add     #000060,r0              [001074]=000060 R0=000064 
---- 0:000064 1:040000 2:000002 3:000000 4:000000 5:000226 S:000724 P:001076
001076: tstb    @#177564                [177564]=200 
n--- 0:000064 1:040000 2:000002 3:000000 4:000000 5:000226 S:000724 P:001102
001102: bpl     001076                  
n--- 0:000064 1:040000 2:000002 3:000000 4:000000 5:000226 S:000724 P:001104
001104: movb    r0,@#177566             R0=064 [177566] 4
---- 0:000064 1:040000 2:000002 3:000000 4:000000 5:000226 S:000724 P:001110
001110: asl     r1                      R1=100000 
n-v- 0:000064 1:100000 2:000002 3:000000 4:000000 5:000226 S:000724 P:001112
001112: asl     r1                      R1=000000 
-zvc 0:000064 1:000000 2:000002 3:000000 4:000000 5:000226 S:000724 P:001114
001114: asl     r1                      R1=000000 
-z-- 0:000064 1:000000 2:000002 3:000000 4:000000 5:000226 S:000724 P:001116
001116: sob     r2,001052               
-z-- 0:000064 1:000000 2:000001 3:000000 4:000000 5:000226 S:000724 P:001052
001052: mov     r1,r0                   R1=000000 
-z-- 0:000000 1:000000 2:000001 3:000000 4:000000 5:000226 S:000724 P:001054
001054: rol     r0                      R0=000000 
-z-- 0:000000 1:000000 2:000001 3:000000 4:000000 5:000226 S:000724 P:001056
001056: rol     r0                      R0=000000 
-z-- 0:000000 1:000000 2:000001 3:000000 4:000000 5:000226 S:000724 P:001060
001060: rol     r0                      R0=000000 
-z-- 0:000000 1:000000 2:000001 3:000000 4:000000 5:000226 S:000724 P:001062
001062: rol     r0                      R0=000000 
-z-- 0:000000 1:000000 2:000001 3:000000 4:000000 5:000226 S:000724 P:001064
001064: rol     r0                      R0=000000 
-z-- 0:000000 1:000000 2:000001 3:000000 4:000000 5:000226 S:000724 P:001066
001066: bic     #177770,r0              [001070]=177770 R0=000000 
-z-- 0:000000 1:000000 2:000001 3:000000 4:000000 5:000226 S:000724 P:001072
001072: add     #000060,r0              [001074]=000060 R0=000060 
---- 0:000060 1:000000 2:000001 3:000000 4:000000 5:000226 S:000724 P:001076
001076: tstb    @#177564                [177564]=200 
n--- 0:000060 1:000000 2:000001 3:000000 4:000000 5:000226 S:000724 P:001102
001102: bpl     001076                  
n--- 0:000060 1:000000 2:000001 3:000000 4:000000 5:000226 S:000724 P:001104
001104: movb    r0,@#177566             R0=060 [177566] 0
---- 0:000060 1:000000 2:000001 3:000000 4:000000 5:000226 S:000724 P:001110
001110: asl     r1                      R1=000000 
-z-- 0:000060 1:000000 2:000001 3:000000 4:000000 5:000226 S:000724 P:001112
001112: asl     r1                      R1=000000 
-z-- 0:000060 1:000000 2:000001 3:000000 4:000000 5:000226 S:000724 P:001114
001114: asl     r1                      R1=000000 
-z-- 0:000060 1:000000 2:000001 3:000000 4:000000 5:000226 S:000724 P:001116
001116: sob     r2,001052               
-z-- 0:000060 1:000000 2:000000 3:000000 4:000000 5:000226 S:000724 P:001120
001120: mov     #000012,r0              [001122]=000012 
---- 0:000012 1:000000 2:000000 3:000000 4:000000 5:000226 S:000724 P:001124
001124: tstb    @#177564                [177564]=200 
n--- 0:000012 1:000000 2:000000 3:000000 4:000000 5:000226 S:000724 P:001130
001130: bpl     001124                  
n--- 0:000012 1:000000 2:000000 3:000000 4:000000 5:000226 S:000724 P:001132
001132: movb    r0,@#177566             R0=012 [177566] 

---- 0:000012 1:000000 2:000000 3:000000 4:000000 5:000226 S:000724 P:001136
001136: mov     #000015,r0              [001140]=000015 
---- 0:000015 1:000000 2:000000 3:000000 4:000000 5:000226 S:000724 P:001142
001142: tstb    @#177564                [177564]=200 
n--- 0:000015 1:000000 2:000000 3:000000 4:000000 5:000226 S:000724 P:001146
001146: bpl     001142                  
n--- 0:000015 1:000000 2:000000 3:000000 4:000000 5:000226 S:000724 P:001150
001150: movb    r0,@#177566             R0=015 [177566] 
---- 0:000015 1:000000 2:000000 3:000000 4:000000 5:000226 S:000724 P:001154
001154: br      001010                  
---- 0:000015 1:000000 2:000000 3:000000 4:000000 5:000226 S:000724 P:001010
001010: mov     (r5)+,r0                [000226]=000100 
---- 0:000100 1:000000 2:000000 3:000000 4:000000 5:000230 S:000724 P:001012
001012: beq     001156                  
---- 0:000100 1:000000 2:000000 3:000000 4:000000 5:000230 S:000724 P:001014
001014: mov     r1,-(sp)                R1=000000 [000722] 
-z-- 0:000100 1:000000 2:000000 3:000000 4:000000 5:000230 S:000722 P:001016
001016: mov     r2,-(sp)                R2=000000 [000720] 
-z-- 0:000100 1:000000 2:000000 3:000000 4:000000 5:000230 S:000720 P:001020
001020: mov     r0,r1                   R0=000100 
---- 0:000100 1:000100 2:000000 3:000000 4:000000 5:000230 S:000720 P:001022
001022: mov     #000005,r2              [001024]=000005 
---- 0:000100 1:000100 2:000005 3:000000 4:000000 5:000230 S:000720 P:001026
001026: movb    #000060,r0              [001030]=060 
---- 0:000060 1:000100 2:000005 3:000000 4:000000 5:000230 S:000720 P:001032
001032: tst     r1                      R1=000100 
---- 0:000060 1:000100 2:000005 3:000000 4:000000 5:000230 S:000720 P:001034
001034: bpl     001040                  
---- 0:000060 1:000100 2:000005 3:000000 4:000000 5:000230 S:000720 P:001040
001040: tstb    @#177564                [177564]=200 
n--- 0:000060 1:000100 2:000005 3:000000 4:000000 5:000230 S:000720 P:001044
001044: bpl     001040                  
n--- 0:000060 1:000100 2:000005 3:000000 4:000000 5:000230 S:000720 P:001046
001046: movb    r0,@#177566             R0=060 [177566] 0
---- 0:000060 1:000100 2:000005 3:000000 4:000000 5:000230 S:000720 P:001052
001052: mov     r1,r0                   R1=000100 
---- 0:000100 1:000100 2:000005 3:000000 4:000000 5:000230 S:000720 P:001054
001054: rol     r0                      R0=000200 
---- 0:000200 1:000100 2:000005 3:000000 4:000000 5:000230 S:000720 P:001056
001056: rol     r0                      R0=000400 
---- 0:000400 1:000100 2:000005 3:000000 4:000000 5:000230 S:000720 P:001060
001060: rol     r0                      R0=001000 
---- 0:001000 1:000100 2:000005 3:000000 4:000000 5:000230 S:000720 P:001062
001062: rol     r0                      R0=002000 
---- 0:002000 1:000100 2:000005 3:000000 4:000000 5:000230 S:000720 P:001064
001064: rol     r0                      R0=004000 
---- 0:004000 1:000100 2:000005 3:000000 4:000000 5:000230 S:000720 P:001066
001066: bic     #177770,r0              [001070]=177770 R0=000000 
-z-- 0:000000 1:000100 2:000005 3:000000 4:000000 5:000230 S:000720 P:001072
001072: add     #000060,r0              [001074]=000060 R0=000060 
---- 0:000060 1:000100 2:000005 3:000000 4:000000 5:000230 S:000720 P:001076
001076: tstb    @#177564                [177564]=200 
n--- 0:000060 1:000100 2:000005 3:000000 4:000000 5:000230 S:000720 P:001102
001102: bpl     001076                  
n--- 0:000060 1:000100 2:000005 3:000000 4:000000 5:000230 S:000720 P:001104
001104: movb    r0,@#177566             R0=060 [177566] 0
---- 0:000060 1:000100 2:000005 3:000000 4:000000 5:000230 S:000720 P:001110
001110: asl     r1                      R1=000200 
---- 0:000060 1:000200 2:000005 3:000000 4:000000 5:000230 S:000720 P:001112
001112: asl     r1                      R1=000400 
---- 0:000060 1:000400 2:000005 3:000000 4:000000 5:000230 S:000720 P:001114
001114: asl     r1                      R1=001000 
---- 0:000060 1:001000 2:000005 3:000000 4:000000 5:000230 S:000720 P:001116
001116: sob     r2,001052               
---- 0:000060 1:001000 2:000004 3:000000 4:000000 5:000230 S:000720 P:001052
001052: mov     r1,r0                   R1=001000 
---- 0:001000 1:001000 2:000004 3:000000 4:000000 5:000230 S:000720 P:001054
001054: rol     r0                      R0=002000 
---- 0:002000 1:001000 2:000004 3:000000 4:000000 5:000230 S:000720 P:001056
001056: rol     r0                      R0=004000 
---- 0:004000 1:001000 2:000004 3:000000 4:000000 5:000230 S:000720 P:001060
001060: rol     r0                      R0=010000 
---- 0:010000 1:001000 2:000004 3:000000 4:000000 5:000230 S:000720 P:001062
001062: rol     r0                      R0=020000 
---- 0:020000 1:001000 2:000004 3:000000 4:000000 5:000230 S:000720 P:001064
001064: rol     r0                      R0=040000 
---- 0:040000 1:001000 2:000004 3:000000 4:000000 5:000230 S:000720 P:001066
001066: bic     #177770,r0              [001070]=177770 R0=000000 
-z-- 0:000000 1:001000 2:000004 3:000000 4:000000 5:000230 S:000720 P:001072
001072: add     #000060,r0              [001074]=000060 R0=000060 
---- 0:000060 1:001000 2:000004 3:000000 4:000000 5:000230 S:000720 P:001076
001076: tstb    @#177564                [177564]=200 
n--- 0:000060 1:001000 2:000004 3:000000 4:000000 5:000230 S:000720 P:001102
001102: bpl     001076                  
n--- 0:000060 1:001000 2:000004 3:000000 4:000000 5:000230 S:000720 P:001104
001104: movb    r0,@#177566             R0=060 [177566] 0
---- 0:000060 1:001000 2:000004 3:000000 4:000000 5:000230 S:000720 P:001110
001110: asl     r1                      R1=002000 
---- 0:000060 1:002000 2:000004 3:000000 4:000000 5:000230 S:000720 P:001112
001112: asl     r1                      R1=004000 
---- 0:000060 1:004000 2:000004 3:000000 4:000000 5:000230 S:000720 P:001114
001114: asl     r1                      R1=010000 
---- 0:000060 1:010000 2:000004 3:000000 4:000000 5:000230 S:000720 P:001116
001116: sob     r2,001052               
---- 0:000060 1:010000 2:000003 3:000000 4:000000 5:000230 S:000720 P:001052
001052: mov     r1,r0                   R1=010000 
---- 0:010000 1:010000 2:000003 3:000000 4:000000 5:000230 S:000720 P:001054
001054: rol     r0                      R0=020000 
---- 0:020000 1:010000 2:000003 3:000000 4:000000 5:000230 S:000720 P:001056
001056: rol     r0                      R0=040000 
---- 0:040000 1:010000 2:000003 3:000000 4:000000 5:000230 S:000720 P:001060
001060: rol     r0                      R0=100000 
n-v- 0:100000 1:010000 2:000003 3:000000 4:000000 5:000230 S:000720 P:001062
001062: rol     r0                      R0=000000 
-zvc 0:000000 1:010000 2:000003 3:000000 4:000000 5:000230 S:000720 P:001064
001064: rol     r0                      R0=000001 
---- 0:000001 1:010000 2:000003 3:000000 4:000000 5:000230 S:000720 P:001066
001066: bic     #177770,r0              [001070]=177770 R0=000001 
---- 0:000001 1:010000 2:000003 3:000000 4:000000 5:000230 S:000720 P:001072
001072: add     #000060,r0              [001074]=000060 R0=000061 
---- 0:000061 1:010000 2:000003 3:000000 4:000000 5:000230 S:000720 P:001076
001076: tstb    @#177564                [177564]=200 
n--- 0:000061 1:010000 2:000003 3:000000 4:000000 5:000230 S:000720 P:001102
001102: bpl     001076                  
n--- 0:000061 1:010000 2:000003 3:000000 4:000000 5:000230 S:000720 P:001104
001104: movb    r0,@#177566             R0=061 [177566] 1
---- 0:000061 1:010000 2:000003 3:000000 4:000000 5:000230 S:000720 P:001110
001110: asl     r1                      R1=020000 
---- 0:000061 1:020000 2:000003 3:000000 4:000000 5:000230 S:000720 P:001112
001112: asl     r1                      R1=040000 
---- 0:000061 1:040000 2:000003 3:000000 4:000000 5:000230 S:000720 P:001114
001114: asl     r1                      R1=100000 
n-v- 0:000061 1:100000 2:000003 3:000000 4:000000 5:000230 S:000720 P:001116
001116: sob     r2,001052               
n-v- 0:000061 1:100000 2:000002 3:000000 4:000000 5:000230 S:000720 P:001052
001052: mov     r1,r0                   R1=100000 
n--- 0:100000 1:100000 2:000002 3:000000 4:000000 5:000230 S:000720 P:001054
001054: rol     r0                      R0=000000 
-zvc 0:000000 1:100000 2:000002 3:000000 4:000000 5:000230 S:000720 P:001056
001056: rol     r0                      R0=000001 
---- 0:000001 1:100000 2:000002 3:000000 4:000000 5:000230 S:000720 P:001060
001060: rol     r0                      R0=000002 
---- 0:000002 1:100000 2:000002 3:000000 4:000000 5:000230 S:000720 P:001062
001062: rol     r0                      R0=000004 
---- 0:000004 1:100000 2:000002 3:000000 4:000000 5:000230 S:000720 P:001064
001064: rol     r0                      R0=000010 
---- 0:000010 1:100000 2:000002 3:000000 4:000000 5:000230 S:000720 P:001066
001066: bic     #177770,r0              [001070]=177770 R0=000000 
-z-- 0:000000 1:100000 2:000002 3:000000 4:000000 5:000230 S:000720 P:001072
001072: add     #000060,r0              [001074]=000060 R0=000060 
---- 0:000060 1:100000 2:000002 3:000000 4:000000 5:000230 S:000720 P:001076
001076: tstb    @#177564                [177564]=200 
n--- 0:000060 1:100000 2:000002 3:000000 4:000000 5:000230 S:000720 P:001102
001102: bpl     001076                  
n--- 0:000060 1:100000 2:000002 3:000000 4:000000 5:000230 S:000720 P:001104
001104: movb    r0,@#177566             R0=060 [177566] 0
---- 0:000060 1:100000 2:000002 3:000000 4:000000 5:000230 S:000720 P:001110
001110: asl     r1                      R1=000000 
-zvc 0:000060 1:000000 2:000002 3:000000 4:000000 5:000230 S:000720 P:001112
001112: asl     r1                      R1=000000 
-z-- 0:000060 1:000000 2:000002 3:000000 4:000000 5:000230 S:000720 P:001114
001114: asl     r1                      R1=000000 
-z-- 0:000060 1:000000 2:000002 3:000000 4:000000 5:000230 S:000720 P:001116
001116: sob     r2,001052               
-z-- 0:000060 1:000000 2:000001 3:000000 4:000000 5:000230 S:000720 P:001052
001052: mov     r1,r0                   R1=000000 
-z-- 0:000000 1:000000 2:000001 3:000000 4:000000 5:000230 S:000720 P:001054
001054: rol     r0                      R0=000000 
-z-- 0:000000 1:000000 2:000001 3:000000 4:000000 5:000230 S:000720 P:001056
001056: rol     r0                      R0=000000 
-z-- 0:000000 1:000000 2:000001 3:000000 4:000000 5:000230 S:000720 P:001060
001060: rol     r0                      R0=000000 
-z-- 0:000000 1:000000 2:000001 3:000000 4:000000 5:000230 S:000720 P:001062
001062: rol     r0                      R0=000000 
-z-- 0:000000 1:000000 2:000001 3:000000 4:000000 5:000230 S:000720 P:001064
001064: rol     r0                      R0=000000 
-z-- 0:000000 1:000000 2:000001 3:000000 4:000000 5:000230 S:000720 P:001066
001066: bic     #177770,r0              [001070]=177770 R0=000000 
-z-- 0:000000 1:000000 2:000001 3:000000 4:000000 5:000230 S:000720 P:001072
001072: add     #000060,r0              [001074]=000060 R0=000060 
---- 0:000060 1:000000 2:000001 3:000000 4:000000 5:000230 S:000720 P:001076
001076: tstb    @#177564                [177564]=200 
n--- 0:000060 1:000000 2:000001 3:000000 4:000000 5:000230 S:000720 P:001102
001102: bpl     001076                  
n--- 0:000060 1:000000 2:000001 3:000000 4:000000 5:000230 S:000720 P:001104
001104: movb    r0,@#177566             R0=060 [177566] 0
---- 0:000060 1:000000 2:000001 3:000000 4:000000 5:000230 S:000720 P:001110
001110: asl     r1                      R1=000000 
-z-- 0:000060 1:000000 2:000001 3:000000 4:000000 5:000230 S:000720 P:001112
001112: asl     r1                      R1=000000 
-z-- 0:000060 1:000000 2:000001 3:000000 4:000000 5:000230 S:000720 P:001114
001114: asl     r1                      R1=000000 
-z-- 0:000060 1:000000 2:000001 3:000000 4:000000 5:000230 S:000720 P:001116
001116: sob     r2,001052               
-z-- 0:000060 1:000000 2:000000 3:000000 4:000000 5:000230 S:000720 P:001120
001120: mov     #000012,r0              [001122]=000012 
---- 0:000012 1:000000 2:000000 3:000000 4:000000 5:000230 S:000720 P:001124
001124: tstb    @#177564                [177564]=200 
n--- 0:000012 1:000000 2:000000 3:000000 4:000000 5:000230 S:000720 P:001130
001130: bpl     001124                  
n--- 0:000012 1:000000 2:000000 3:000000 4:000000 5:000230 S:000720 P:001132
001132: movb    r0,@#177566             R0=012 [177566] 

---- 0:000012 1:000000 2:000000 3:000000 4:000000 5:000230 S:000720 P:001136
001136: mov     #000015,r0              [001140]=000015 
---- 0:000015 1:000000 2:000000 3:000000 4:000000 5:000230 S:000720 P:001142
001142: tstb    @#177564                [177564]=200 
n--- 0:000015 1:000000 2:000000 3:000000 4:000000 5:000230 S:000720 P:001146
001146: bpl     001142                  
n--- 0:000015 1:000000 2:000000 3:000000 4:000000 5:000230 S:000720 P:001150
001150: movb    r0,@#177566             R0=015 [177566] 
---- 0:000015 1:000000 2:000000 3:000000 4:000000 5:000230 S:000720 P:001154
001154: br      001010                  
---- 0:000015 1:000000 2:000000 3:000000 4:000000 5:000230 S:000720 P:001010
001010: mov     (r5)+,r0                [000230]=001000 
---- 0:001000 1:000000 2:000000 3:000000 4:000000 5:000232 S:000720 P:001012
001012: beq     001156                  
---- 0:001000 1:000000 2:000000 3:000000 4:000000 5:000232 S:000720 P:001014
001014: mov     r1,-(sp)                R1=000000 [000716] 
-z-- 0:001000 1:000000 2:000000 3:000000 4:000000 5:000232 S:000716 P:001016
001016: mov     r2,-(sp)                R2=000000 [000714] 
-z-- 0:001000 1:000000 2:000000 3:000000 4:000000 5:000232 S:000714 P:001020
001020: mov     r0,r1                   R0=001000 
---- 0:001000 1:001000 2:000000 3:000000 4:000000 5:000232 S:000714 P:001022
001022: mov     #000005,r2              [001024]=000005 
---- 0:001000 1:001000 2:000005 3:000000 4:000000 5:000232 S:000714 P:001026
001026: movb    #000060,r0              [001030]=060 
---- 0:000060 1:001000 2:000005 3:000000 4:000000 5:000232 S:000714 P:001032
001032: tst     r1                      R1=001000 
---- 0:000060 1:001000 2:000005 3:000000 4:000000 5:000232 S:000714 P:001034
001034: bpl     001040                  
---- 0:000060 1:001000 2:000005 3:000000 4:000000 5:000232 S:000714 P:001040
001040: tstb    @#177564                [177564]=200 
n--- 0:000060 1:001000 2:000005 3:000000 4:000000 5:000232 S:000714 P:001044
001044: bpl     001040                  
n--- 0:000060 1:001000 2:000005 3:000000 4:000000 5:000232 S:000714 P:001046
001046: movb    r0,@#177566             R0=060 [177566] 0
---- 0:000060 1:001000 2:000005 3:000000 4:000000 5:000232 S:000714 P:001052
001052: mov     r1,r0                   R1=001000 
---- 0:001000 1:001000 2:000005 3:000000 4:000000 5:000232 S:000714 P:001054
001054: rol     r0                      R0=002000 
---- 0:002000 1:001000 2:000005 3:000000 4:000000 5:000232 S:000714 P:001056
001056: rol     r0                      R0=004000 
---- 0:004000 1:001000 2:000005 3:000000 4:000000 5:000232 S:000714 P:001060
001060: rol     r0                      R0=010000 
---- 0:010000 1:001000 2:000005 3:000000 4:000000 5:000232 S:000714 P:001062
001062: rol     r0                      R0=020000 
---- 0:020000 1:001000 2:000005 3:000000 4:000000 5:000232 S:000714 P:001064
001064: rol     r0                      R0=040000 
---- 0:040000 1:001000 2:000005 3:000000 4:000000 5:000232 S:000714 P:001066
001066: bic     #177770,r0              [001070]=177770 R0=000000 
-z-- 0:000000 1:001000 2:000005 3:000000 4:000000 5:000232 S:000714 P:001072
001072: add     #000060,r0              [001074]=000060 R0=000060 
---- 0:000060 1:001000 2:000005 3:000000 4:000000 5:000232 S:000714 P:001076
001076: tstb    @#177564                [177564]=200 
n--- 0:000060 1:001000 2:000005 3:000000 4:000000 5:000232 S:000714 P:001102
001102: bpl     001076                  
n--- 0:000060 1:001000 2:000005 3:000000 4:000000 5:000232 S:000714 P:001104
001104: movb    r0,@#177566             R0=060 [177566] 0
---- 0:000060 1:001000 2:000005 3:000000 4:000000 5:000232 S:000714 P:001110
001110: asl     r1                      R1=002000 
---- 0:000060 1:002000 2:000005 3:000000 4:000000 5:000232 S:000714 P:001112
001112: asl     r1                      R1=004000 
---- 0:000060 1:004000 2:000005 3:000000 4:000000 5:000232 S:000714 P:001114
001114: asl     r1                      R1=010000 
---- 0:000060 1:010000 2:000005 3:000000 4:000000 5:000232 S:000714 P:001116
001116: sob     r2,001052               
---- 0:000060 1:010000 2:000004 3:000000 4:000000 5:000232 S:000714 P:001052
001052: mov     r1,r0                   R1=010000 
---- 0:010000 1:010000 2:000004 3:000000 4:000000 5:000232 S:000714 P:001054
001054: rol     r0                      R0=020000 
---- 0:020000 1:010000 2:000004 3:000000 4:000000 5:000232 S:000714 P:001056
001056: rol     r0                      R0=040000 
---- 0:040000 1:010000 2:000004 3:000000 4:000000 5:000232 S:000714 P:001060
001060: rol     r0                      R0=100000 
n-v- 0:100000 1:010000 2:000004 3:000000 4:000000 5:000232 S:000714 P:001062
001062: rol     r0                      R0=000000 
-zvc 0:000000 1:010000 2:000004 3:000000 4:000000 5:000232 S:000714 P:001064
001064: rol     r0                      R0=000001 
---- 0:000001 1:010000 2:000004 3:000000 4:000000 5:000232 S:000714 P:001066
001066: bic     #177770,r0              [001070]=177770 R0=000001 
---- 0:000001 1:010000 2:000004 3:000000 4:000000 5:000232 S:000714 P:001072
001072: add     #000060,r0              [001074]=000060 R0=000061 
---- 0:000061 1:010000 2:000004 3:000000 4:000000 5:000232 S:000714 P:001076
001076: tstb    @#177564                [177564]=200 
n--- 0:000061 1:010000 2:000004 3:000000 4:000000 5:000232 S:000714 P:001102
001102: bpl     001076                  
n--- 0:000061 1:010000 2:000004 3:000000 4:000000 5:000232 S:000714 P:001104
001104: movb    r0,@#177566             R0=061 [177566] 1
---- 0:000061 1:010000 2:000004 3:000000 4:000000 5:000232 S:000714 P:001110
001110: asl     r1                      R1=020000 
---- 0:000061 1:020000 2:000004 3:000000 4:000000 5:000232 S:000714 P:001112
001112: asl     r1                      R1=040000 
---- 0:000061 1:040000 2:000004 3:000000 4:000000 5:000232 S:000714 P:001114
001114: asl     r1                      R1=100000 
n-v- 0:000061 1:100000 2:000004 3:000000 4:000000 5:000232 S:000714 P:001116
001116: sob     r2,001052               
n-v- 0:000061 1:100000 2:000003 3:000000 4:000000 5:000232 S:000714 P:001052
001052: mov     r1,r0                   R1=100000 
n--- 0:100000 1:100000 2:000003 3:000000 4:000000 5:000232 S:000714 P:001054
001054: rol     r0                      R0=000000 
-zvc 0:000000 1:100000 2:000003 3:000000 4:000000 5:000232 S:000714 P:001056
001056: rol     r0                      R0=000001 
---- 0:000001 1:100000 2:000003 3:000000 4:000000 5:000232 S:000714 P:001060
001060: rol     r0                      R0=000002 
---- 0:000002 1:100000 2:000003 3:000000 4:000000 5:000232 S:000714 P:001062
001062: rol     r0                      R0=000004 
---- 0:000004 1:100000 2:000003 3:000000 4:000000 5:000232 S:000714 P:001064
001064: rol     r0                      R0=000010 
---- 0:000010 1:100000 2:000003 3:000000 4:000000 5:000232 S:000714 P:001066
001066: bic     #177770,r0              [001070]=177770 R0=000000 
-z-- 0:000000 1:100000 2:000003 3:000000 4:000000 5:000232 S:000714 P:001072
001072: add     #000060,r0              [001074]=000060 R0=000060 
---- 0:000060 1:100000 2:000003 3:000000 4:000000 5:000232 S:000714 P:001076
001076: tstb    @#177564                [177564]=200 
n--- 0:000060 1:100000 2:000003 3:000000 4:000000 5:000232 S:000714 P:001102
001102: bpl     001076                  
n--- 0:000060 1:100000 2:000003 3:000000 4:000000 5:000232 S:000714 P:001104
001104: movb    r0,@#177566             R0=060 [177566] 0
---- 0:000060 1:100000 2:000003 3:000000 4:000000 5:000232 S:000714 P:001110
001110: asl     r1                      R1=000000 
-zvc 0:000060 1:000000 2:000003 3:000000 4:000000 5:000232 S:000714 P:001112
001112: asl     r1                      R1=000000 
-z-- 0:000060 1:000000 2:000003 3:000000 4:000000 5:000232 S:000714 P:001114
001114: asl     r1                      R1=000000 
-z-- 0:000060 1:000000 2:000003 3:000000 4:000000 5:000232 S:000714 P:001116
001116: sob     r2,001052               
-z-- 0:000060 1:000000 2:000002 3:000000 4:000000 5:000232 S:000714 P:001052
001052: mov     r1,r0                   R1=000000 
-z-- 0:000000 1:000000 2:000002 3:000000 4:000000 5:000232 S:000714 P:001054
001054: rol     r0                      R0=000000 
-z-- 0:000000 1:000000 2:000002 3:000000 4:000000 5:000232 S:000714 P:001056
001056: rol     r0                      R0=000000 
-z-- 0:000000 1:000000 2:000002 3:000000 4:000000 5:000232 S:000714 P:001060
001060: rol     r0                      R0=000000 
-z-- 0:000000 1:000000 2:000002 3:000000 4:000000 5:000232 S:000714 P:001062
001062: rol     r0                      R0=000000 
-z-- 0:000000 1:000000 2:000002 3:000000 4:000000 5:000232 S:000714 P:001064
001064: rol     r0                      R0=000000 
-z-- 0:000000 1:000000 2:000002 3:000000 4:000000 5:000232 S:000714 P:001066
001066: bic     #177770,r0              [001070]=177770 R0=000000 
-z-- 0:000000 1:000000 2:000002 3:000000 4:000000 5:000232 S:000714 P:001072
001072: add     #000060,r0              [001074]=000060 R0=000060 
---- 0:000060 1:000000 2:000002 3:000000 4:000000 5:000232 S:000714 P:001076
001076: tstb    @#177564                [177564]=200 
n--- 0:000060 1:000000 2:000002 3:000000 4:000000 5:000232 S:000714 P:001102
001102: bpl     001076                  
n--- 0:000060 1:000000 2:000002 3:000000 4:000000 5:000232 S:000714 P:001104
001104: movb    r0,@#177566             R0=060 [177566] 0
---- 0:000060 1:000000 2:000002 3:000000 4:000000 5:000232 S:000714 P:001110
001110: asl     r1                      R1=000000 
-z-- 0:000060 1:000000 2:000002 3:000000 4:000000 5:000232 S:000714 P:001112
001112: asl     r1                      R1=000000 
-z-- 0:000060 1:000000 2:000002 3:000000 4:000000 5:000232 S:000714 P:001114
001114: asl     r1                      R1=000000 
-z-- 0:000060 1:000000 2:000002 3:000000 4:000000 5:000232 S:000714 P:001116
001116: sob     r2,001052               
-z-- 0:000060 1:000000 2:000001 3:000000 4:000000 5:000232 S:000714 P:001052
001052: mov     r1,r0                   R1=000000 
-z-- 0:000000 1:000000 2:000001 3:000000 4:000000 5:000232 S:000714 P:001054
001054: rol     r0                      R0=000000 
-z-- 0:000000 1:000000 2:000001 3:000000 4:000000 5:000232 S:000714 P:001056
001056: rol     r0                      R0=000000 
-z-- 0:000000 1:000000 2:000001 3:000000 4:000000 5:000232 S:000714 P:001060
001060: rol     r0                      R0=000000 
-z-- 0:000000 1:000000 2:000001 3:000000 4:000000 5:000232 S:000714 P:001062
001062: rol     r0                      R0=000000 
-z-- 0:000000 1:000000 2:000001 3:000000 4:000000 5:000232 S:000714 P:001064
001064: rol     r0                      R0=000000 
-z-- 0:000000 1:000000 2:000001 3:000000 4:000000 5:000232 S:000714 P:001066
001066: bic     #177770,r0              [001070]=177770 R0=000000 
-z-- 0:000000 1:000000 2:000001 3:000000 4:000000 5:000232 S:000714 P:001072
001072: add     #000060,r0              [001074]=000060 R0=000060 
---- 0:000060 1:000000 2:000001 3:000000 4:000000 5:000232 S:000714 P:001076
001076: tstb    @#177564                [177564]=200 
n--- 0:000060 1:000000 2:000001 3:000000 4:000000 5:000232 S:000714 P:001102
001102: bpl     001076                  
n--- 0:000060 1:000000 2:000001 3:000000 4:000000 5:000232 S:000714 P:001104
001104: movb    r0,@#177566             R0=060 [177566] 0
---- 0:000060 1:000000 2:000001 3:000000 4:000000 5:000232 S:000714 P:001110
001110: asl     r1                      R1=000000 
-z-- 0:000060 1:000000 2:000001 3:000000 4:000000 5:000232 S:000714 P:001112
001112: asl     r1                      R1=000000 
-z-- 0:000060 1:000000 2:000001 3:000000 4:000000 5:000232 S:000714 P:001114
001114: asl     r1                      R1=000000 
-z-- 0:000060 1:000000 2:000001 3:000000 4:000000 5:000232 S:000714 P:001116
001116: sob     r2,001052               
-z-- 0:000060 1:000000 2:000000 3:000000 4:000000 5:000232 S:000714 P:001120
001120: mov     #000012,r0              [001122]=000012 
---- 0:000012 1:000000 2:000000 3:000000 4:000000 5:000232 S:000714 P:001124
001124: tstb    @#177564                [177564]=200 
n--- 0:000012 1:000000 2:000000 3:000000 4:000000 5:000232 S:000714 P:001130
001130: bpl     001124                  
n--- 0:000012 1:000000 2:000000 3:000000 4:000000 5:000232 S:000714 P:001132
001132: movb    r0,@#177566             R0=012 [177566] 

---- 0:000012 1:000000 2:000000 3:000000 4:000000 5:000232 S:000714 P:001136
001136: mov     #000015,r0              [001140]=000015 
---- 0:000015 1:000000 2:000000 3:000000 4:000000 5:000232 S:000714 P:001142
001142: tstb    @#177564                [177564]=200 
n--- 0:000015 1:000000 2:000000 3:000000 4:000000 5:000232 S:000714 P:001146
001146: bpl     001142                  
n--- 0:000015 1:000000 2:000000 3:000000 4:000000 5:000232 S:000714 P:001150
001150: movb    r0,@#177566             R0=015 [177566] 
---- 0:000015 1:000000 2:000000 3:000000 4:000000 5:000232 S:000714 P:001154
001154: br      001010                  
---- 0:000015 1:000000 2:000000 3:000000 4:000000 5:000232 S:000714 P:001010
001010: mov     (r5)+,r0                [000232]=100000 
n--- 0:100000 1:000000 2:000000 3:000000 4:000000 5:000234 S:000714 P:001012
001012: beq     001156                  
n--- 0:100000 1:000000 2:000000 3:000000 4:000000 5:000234 S:000714 P:001014
001014: mov     r1,-(sp)                R1=000000 [000712] 
-z-- 0:100000 1:000000 2:000000 3:000000 4:000000 5:000234 S:000712 P:001016
001016: mov     r2,-(sp)                R2=000000 [000710] 
-z-- 0:100000 1:000000 2:000000 3:000000 4:000000 5:000234 S:000710 P:001020
001020: mov     r0,r1                   R0=100000 
n--- 0:100000 1:100000 2:000000 3:000000 4:000000 5:000234 S:000710 P:001022
001022: mov     #000005,r2              [001024]=000005 
---- 0:100000 1:100000 2:000005 3:000000 4:000000 5:000234 S:000710 P:001026
001026: movb    #000060,r0              [001030]=060 
---- 0:000060 1:100000 2:000005 3:000000 4:000000 5:000234 S:000710 P:001032
001032: tst     r1                      R1=100000 
n--- 0:000060 1:100000 2:000005 3:000000 4:000000 5:000234 S:000710 P:001034
001034: bpl     001040                  
n--- 0:000060 1:100000 2:000005 3:000000 4:000000 5:000234 S:000710 P:001036
001036: inc     r0                      R0=000061 
---- 0:000061 1:100000 2:000005 3:000000 4:000000 5:000234 S:000710 P:001040
001040: tstb    @#177564                [177564]=200 
n--- 0:000061 1:100000 2:000005 3:000000 4:000000 5:000234 S:000710 P:001044
001044: bpl     001040                  
n--- 0:000061 1:100000 2:000005 3:000000 4:000000 5:000234 S:000710 P:001046
001046: movb    r0,@#177566             R0=061 [177566] 1
---- 0:000061 1:100000 2:000005 3:000000 4:000000 5:000234 S:000710 P:001052
001052: mov     r1,r0                   R1=100000 
n--- 0:100000 1:100000 2:000005 3:000000 4:000000 5:000234 S:000710 P:001054
001054: rol     r0                      R0=000000 
-zvc 0:000000 1:100000 2:000005 3:000000 4:000000 5:000234 S:000710 P:001056
001056: rol     r0                      R0=000001 
---- 0:000001 1:100000 2:000005 3:000000 4:000000 5:000234 S:000710 P:001060
001060: rol     r0                      R0=000002 
---- 0:000002 1:100000 2:000005 3:000000 4:000000 5:000234 S:000710 P:001062
001062: rol     r0                      R0=000004 
---- 0:000004 1:100000 2:000005 3:000000 4:000000 5:000234 S:000710 P:001064
001064: rol     r0                      R0=000010 
---- 0:000010 1:100000 2:000005 3:000000 4:000000 5:000234 S:000710 P:001066
001066: bic     #177770,r0              [001070]=177770 R0=000000 
-z-- 0:000000 1:100000 2:000005 3:000000 4:000000 5:000234 S:000710 P:001072
001072: add     #000060,r0              [001074]=000060 R0=000060 
---- 0:000060 1:100000 2:000005 3:000000 4:000000 5:000234 S:000710 P:001076
001076: tstb    @#177564                [177564]=200 
n--- 0:000060 1:100000 2:000005 3:000000 4:000000 5:000234 S:000710 P:001102
001102: bpl     001076                  
n--- 0:000060 1:100000 2:000005 3:000000 4:000000 5:000234 S:000710 P:001104
001104: movb    r0,@#177566             R0=060 [177566] 0
---- 0:000060 1:100000 2:000005 3:000000 4:000000 5:000234 S:000710 P:001110
001110: asl     r1                      R1=000000 
-zvc 0:000060 1:000000 2:000005 3:000000 4:000000 5:000234 S:000710 P:001112
001112: asl     r1                      R1=000000 
-z-- 0:000060 1:000000 2:000005 3:000000 4:000000 5:000234 S:000710 P:001114
001114: asl     r1                      R1=000000 
-z-- 0:000060 1:000000 2:000005 3:000000 4:000000 5:000234 S:000710 P:001116
001116: sob     r2,001052               
-z-- 0:000060 1:000000 2:000004 3:000000 4:000000 5:000234 S:000710 P:001052
001052: mov     r1,r0                   R1=000000 
-z-- 0:000000 1:000000 2:000004 3:000000 4:000000 5:000234 S:000710 P:001054
001054: rol     r0                      R0=000000 
-z-- 0:000000 1:000000 2:000004 3:000000 4:000000 5:000234 S:000710 P:001056
001056: rol     r0                      R0=000000 
-z-- 0:000000 1:000000 2:000004 3:000000 4:000000 5:000234 S:000710 P:001060
001060: rol     r0                      R0=000000 
-z-- 0:000000 1:000000 2:000004 3:000000 4:000000 5:000234 S:000710 P:001062
001062: rol     r0                      R0=000000 
-z-- 0:000000 1:000000 2:000004 3:000000 4:000000 5:000234 S:000710 P:001064
001064: rol     r0                      R0=000000 
-z-- 0:000000 1:000000 2:000004 3:000000 4:000000 5:000234 S:000710 P:001066
001066: bic     #177770,r0              [001070]=177770 R0=000000 
-z-- 0:000000 1:000000 2:000004 3:000000 4:000000 5:000234 S:000710 P:001072
001072: add     #000060,r0              [001074]=000060 R0=000060 
---- 0:000060 1:000000 2:000004 3:000000 4:000000 5:000234 S:000710 P:001076
001076: tstb    @#177564                [177564]=200 
n--- 0:000060 1:000000 2:000004 3:000000 4:000000 5:000234 S:000710 P:001102
001102: bpl     001076                  
n--- 0:000060 1:000000 2:000004 3:000000 4:000000 5:000234 S:000710 P:001104
001104: movb    r0,@#177566             R0=060 [177566] 0
---- 0:000060 1:000000 2:000004 3:000000 4:000000 5:000234 S:000710 P:001110
001110: asl     r1                      R1=000000 
-z-- 0:000060 1:000000 2:000004 3:000000 4:000000 5:000234 S:000710 P:001112
001112: asl     r1                      R1=000000 
-z-- 0:000060 1:000000 2:000004 3:000000 4:000000 5:000234 S:000710 P:001114
001114: asl     r1                      R1=000000 
-z-- 0:000060 1:000000 2:000004 3:000000 4:000000 5:000234 S:000710 P:001116
001116: sob     r2,001052               
-z-- 0:000060 1:000000 2:000003 3:000000 4:000000 5:000234 S:000710 P:001052
001052: mov     r1,r0                   R1=000000 
-z-- 0:000000 1:000000 2:000003 3:000000 4:000000 5:000234 S:000710 P:001054
001054: rol     r0                      R0=000000 
-z-- 0:000000 1:000000 2:000003 3:000000 4:000000 5:000234 S:000710 P:001056
001056: rol     r0                      R0=000000 
-z-- 0:000000 1:000000 2:000003 3:000000 4:000000 5:000234 S:000710 P:001060
001060: rol     r0                      R0=000000 
-z-- 0:000000 1:000000 2:000003 3:000000 4:000000 5:000234 S:000710 P:001062
001062: rol     r0                      R0=000000 
-z-- 0:000000 1:000000 2:000003 3:000000 4:000000 5:000234 S:000710 P:001064
001064: rol     r0                      R0=000000 
-z-- 0:000000 1:000000 2:000003 3:000000 4:000000 5:000234 S:000710 P:001066
001066: bic     #177770,r0              [001070]=177770 R0=000000 
-z-- 0:000000 1:000000 2:000003 3:000000 4:000000 5:000234 S:000710 P:001072
001072: add     #000060,r0              [001074]=000060 R0=000060 
---- 0:000060 1:000000 2:000003 3:000000 4:000000 5:000234 S:000710 P:001076
001076: tstb    @#177564                [177564]=200 
n--- 0:000060 1:000000 2:000003 3:000000 4:000000 5:000234 S:000710 P:001102
001102: bpl     001076                  
n--- 0:000060 1:000000 2:000003 3:000000 4:000000 5:000234 S:000710 P:001104
001104: movb    r0,@#177566             R0=060 [177566] 0
---- 0:000060 1:000000 2:000003 3:000000 4:000000 5:000234 S:000710 P:001110
001110: asl     r1                      R1=000000 
-z-- 0:000060 1:000000 2:000003 3:000000 4:000000 5:000234 S:000710 P:001112
001112: asl     r1                      R1=000000 
-z-- 0:000060 1:000000 2:000003 3:000000 4:000000 5:000234 S:000710 P:001114
001114: asl     r1                      R1=000000 
-z-- 0:000060 1:000000 2:000003 3:000000 4:000000 5:000234 S:000710 P:001116
001116: sob     r2,001052               
-z-- 0:000060 1:000000 2:000002 3:000000 4:000000 5:000234 S:000710 P:001052
001052: mov     r1,r0                   R1=000000 
-z-- 0:000000 1:000000 2:000002 3:000000 4:000000 5:000234 S:000710 P:001054
001054: rol     r0                      R0=000000 
-z-- 0:000000 1:000000 2:000002 3:000000 4:000000 5:000234 S:000710 P:001056
001056: rol     r0                      R0=000000 
-z-- 0:000000 1:000000 2:000002 3:000000 4:000000 5:000234 S:000710 P:001060
001060: rol     r0                      R0=000000 
-z-- 0:000000 1:000000 2:000002 3:000000 4:000000 5:000234 S:000710 P:001062
001062: rol     r0                      R0=000000 
-z-- 0:000000 1:000000 2:000002 3:000000 4:000000 5:000234 S:000710 P:001064
001064: rol     r0                      R0=000000 
-z-- 0:000000 1:000000 2:000002 3:000000 4:000000 5:000234 S:000710 P:001066
001066: bic     #177770,r0              [001070]=177770 R0=000000 
-z-- 0:000000 1:000000 2:000002 3:000000 4:000000 5:000234 S:000710 P:001072
001072: add     #000060,r0              [001074]=000060 R0=000060 
---- 0:000060 1:000000 2:000002 3:000000 4:000000 5:000234 S:000710 P:001076
001076: tstb    @#177564                [177564]=200 
n--- 0:000060 1:000000 2:000002 3:000000 4:000000 5:000234 S:000710 P:001102
001102: bpl     001076                  
n--- 0:000060 1:000000 2:000002 3:000000 4:000000 5:000234 S:000710 P:001104
001104: movb    r0,@#177566             R0=060 [177566] 0
---- 0:000060 1:000000 2:000002 3:000000 4:000000 5:000234 S:000710 P:001110
001110: asl     r1                      R1=000000 
-z-- 0:000060 1:000000 2:000002 3:000000 4:000000 5:000234 S:000710 P:001112
001112: asl     r1                      R1=000000 
-z-- 0:000060 1:000000 2:000002 3:000000 4:000000 5:000234 S:000710 P:001114
001114: asl     r1                      R1=000000 
-z-- 0:000060 1:000000 2:000002 3:000000 4:000000 5:000234 S:000710 P:001116
001116: sob     r2,001052               
-z-- 0:000060 1:000000 2:000001 3:000000 4:000000 5:000234 S:000710 P:001052
001052: mov     r1,r0                   R1=000000 
-z-- 0:000000 1:000000 2:000001 3:000000 4:000000 5:000234 S:000710 P:001054
001054: rol     r0                      R0=000000 
-z-- 0:000000 1:000000 2:000001 3:000000 4:000000 5:000234 S:000710 P:001056
001056: rol     r0                      R0=000000 
-z-- 0:000000 1:000000 2:000001 3:000000 4:000000 5:000234 S:000710 P:001060
001060: rol     r0                      R0=000000 
-z-- 0:000000 1:000000 2:000001 3:000000 4:000000 5:000234 S:000710 P:001062
001062: rol     r0                      R0=000000 
-z-- 0:000000 1:000000 2:000001 3:000000 4:000000 5:000234 S:000710 P:001064
001064: rol     r0                      R0=000000 
-z-- 0:000000 1:000000 2:000001 3:000000 4:000000 5:000234 S:000710 P:001066
001066: bic     #177770,r0              [001070]=177770 R0=000000 
-z-- 0:000000 1:000000 2:000001 3:000000 4:000000 5:000234 S:000710 P:001072
001072: add     #000060,r0              [001074]=000060 R0=000060 
---- 0:000060 1:000000 2:000001 3:000000 4:000000 5:000234 S:000710 P:001076
001076: tstb    @#177564                [177564]=200 
n--- 0:000060 1:000000 2:000001 3:000000 4:000000 5:000234 S:000710 P:001102
001102: bpl     001076                  
n--- 0:000060 1:000000 2:000001 3:000000 4:000000 5:000234 S:000710 P:001104
001104: movb    r0,@#177566             R0=060 [177566] 0
---- 0:000060 1:000000 2:000001 3:000000 4:000000 5:000234 S:000710 P:001110
001110: asl     r1                      R1=000000 
-z-- 0:000060 1:000000 2:000001 3:000000 4:000000 5:000234 S:000710 P:001112
001112: asl     r1                      R1=000000 
-z-- 0:000060 1:000000 2:000001 3:000000 4:000000 5:000234 S:000710 P:001114
001114: asl     r1                      R1=000000 
-z-- 0:000060 1:000000 2:000001 3:000000 4:000000 5:000234 S:000710 P:001116
001116: sob     r2,001052               
-z-- 0:000060 1:000000 2:000000 3:000000 4:000000 5:000234 S:000710 P:001120
001120: mov     #000012,r0              [001122]=000012 
---- 0:000012 1:000000 2:000000 3:000000 4:000000 5:000234 S:000710 P:001124
001124: tstb    @#177564                [177564]=200 
n--- 0:000012 1:000000 2:000000 3:000000 4:000000 5:000234 S:000710 P:001130
001130: bpl     001124                  
n--- 0:000012 1:000000 2:000000 3:000000 4:000000 5:000234 S:000710 P:001132
001132: movb    r0,@#177566             R0=012 [177566] 

---- 0:000012 1:000000 2:000000 3:000000 4:000000 5:000234 S:000710 P:001136
001136: mov     #000015,r0              [001140]=000015 
---- 0:000015 1:000000 2:000000 3:000000 4:000000 5:000234 S:000710 P:001142
001142: tstb    @#177564                [177564]=200 
n--- 0:000015 1:000000 2:000000 3:000000 4:000000 5:000234 S:000710 P:001146
001146: bpl     001142                  
n--- 0:000015 1:000000 2:000000 3:000000 4:000000 5:000234 S:000710 P:001150
001150: movb    r0,@#177566             R0=015 [177566] 
---- 0:000015 1:000000 2:000000 3:000000 4:000000 5:000234 S:000710 P:001154
001154: br      001010                  
---- 0:000015 1:000000 2:000000 3:000000 4:000000 5:000234 S:000710 P:001010
001010: mov     (r5)+,r0                [000234]=006543 
---- 0:006543 1:000000 2:000000 3:000000 4:000000 5:000236 S:000710 P:001012
001012: beq     001156                  
---- 0:006543 1:000000 2:000000 3:000000 4:000000 5:000236 S:000710 P:001014
001014: mov     r1,-(sp)                R1=000000 [000706] 
-z-- 0:006543 1:000000 2:000000 3:000000 4:000000 5:000236 S:000706 P:001016
001016: mov     r2,-(sp)                R2=000000 [000704] 
-z-- 0:006543 1:000000 2:000000 3:000000 4:000000 5:000236 S:000704 P:001020
001020: mov     r0,r1                   R0=006543 
---- 0:006543 1:006543 2:000000 3:000000 4:000000 5:000236 S:000704 P:001022
001022: mov     #000005,r2              [001024]=000005 
---- 0:006543 1:006543 2:000005 3:000000 4:000000 5:000236 S:000704 P:001026
001026: movb    #000060,r0              [001030]=060 
---- 0:000060 1:006543 2:000005 3:000000 4:000000 5:000236 S:000704 P:001032
001032: tst     r1                      R1=006543 
---- 0:000060 1:006543 2:000005 3:000000 4:000000 5:000236 S:000704 P:001034
001034: bpl     001040                  
---- 0:000060 1:006543 2:000005 3:000000 4:000000 5:000236 S:000704 P:001040
001040: tstb    @#177564                [177564]=200 
n--- 0:000060 1:006543 2:000005 3:000000 4:000000 5:000236 S:000704 P:001044
001044: bpl     001040                  
n--- 0:000060 1:006543 2:000005 3:000000 4:000000 5:000236 S:000704 P:001046
001046: movb    r0,@#177566             R0=060 [177566] 0
---- 0:000060 1:006543 2:000005 3:000000 4:000000 5:000236 S:000704 P:001052
001052: mov     r1,r0                   R1=006543 
---- 0:006543 1:006543 2:000005 3:000000 4:000000 5:000236 S:000704 P:001054
001054: rol     r0                      R0=015306 
---- 0:015306 1:006543 2:000005 3:000000 4:000000 5:000236 S:000704 P:001056
001056: rol     r0                      R0=032614 
---- 0:032614 1:006543 2:000005 3:000000 4:000000 5:000236 S:000704 P:001060
001060: rol     r0                      R0=065430 
---- 0:065430 1:006543 2:000005 3:000000 4:000000 5:000236 S:000704 P:001062
001062: rol     r0                      R0=153060 
n-v- 0:153060 1:006543 2:000005 3:000000 4:000000 5:000236 S:000704 P:001064
001064: rol     r0                      R0=126140 
n--c 0:126140 1:006543 2:000005 3:000000 4:000000 5:000236 S:000704 P:001066
001066: bic     #177770,r0              [001070]=177770 R0=000000 
-z-c 0:000000 1:006543 2:000005 3:000000 4:000000 5:000236 S:000704 P:001072
001072: add     #000060,r0              [001074]=000060 R0=000060 
---- 0:000060 1:006543 2:000005 3:000000 4:000000 5:000236 S:000704 P:001076
001076: tstb    @#177564                [177564]=200 
n--- 0:000060 1:006543 2:000005 3:000000 4:000000 5:000236 S:000704 P:001102
001102: bpl     001076                  
n--- 0:000060 1:006543 2:000005 3:000000 4:000000 5:000236 S:000704 P:001104
001104: movb    r0,@#177566             R0=060 [177566] 0
---- 0:000060 1:006543 2:000005 3:000000 4:000000 5:000236 S:000704 P:001110
001110: asl     r1                      R1=015306 
---- 0:000060 1:015306 2:000005 3:000000 4:000000 5:000236 S:000704 P:001112
001112: asl     r1                      R1=032614 
---- 0:000060 1:032614 2:000005 3:000000 4:000000 5:000236 S:000704 P:001114
001114: asl     r1                      R1=065430 
---- 0:000060 1:065430 2:000005 3:000000 4:000000 5:000236 S:000704 P:001116
001116: sob     r2,001052               
---- 0:000060 1:065430 2:000004 3:000000 4:000000 5:000236 S:000704 P:001052
001052: mov     r1,r0                   R1=065430 
---- 0:065430 1:065430 2:000004 3:000000 4:000000 5:000236 S:000704 P:001054
001054: rol     r0                      R0=153060 
n-v- 0:153060 1:065430 2:000004 3:000000 4:000000 5:000236 S:000704 P:001056
001056: rol     r0                      R0=126140 
n--c 0:126140 1:065430 2:000004 3:000000 4:000000 5:000236 S:000704 P:001060
001060: rol     r0                      R0=054301 
--vc 0:054301 1:065430 2:000004 3:000000 4:000000 5:000236 S:000704 P:001062
001062: rol     r0                      R0=130603 
n-v- 0:130603 1:065430 2:000004 3:000000 4:000000 5:000236 S:000704 P:001064
001064: rol     r0                      R0=061406 
--vc 0:061406 1:065430 2:000004 3:000000 4:000000 5:000236 S:000704 P:001066
001066: bic     #177770,r0              [001070]=177770 R0=000006 
---c 0:000006 1:065430 2:000004 3:000000 4:000000 5:000236 S:000704 P:001072
001072: add     #000060,r0              [001074]=000060 R0=000066 
---- 0:000066 1:065430 2:000004 3:000000 4:000000 5:000236 S:000704 P:001076
001076: tstb    @#177564                [177564]=200 
n--- 0:000066 1:065430 2:000004 3:000000 4:000000 5:000236 S:000704 P:001102
001102: bpl     001076                  
n--- 0:000066 1:065430 2:000004 3:000000 4:000000 5:000236 S:000704 P:001104
001104: movb    r0,@#177566             R0=066 [177566] 6
---- 0:000066 1:065430 2:000004 3:000000 4:000000 5:000236 S:000704 P:001110
001110: asl     r1                      R1=153060 
n-v- 0:000066 1:153060 2:000004 3:000000 4:000000 5:000236 S:000704 P:001112
001112: asl     r1                      R1=126140 
n--c 0:000066 1:126140 2:000004 3:000000 4:000000 5:000236 S:000704 P:001114
001114: asl     r1                      R1=054300 
--vc 0:000066 1:054300 2:000004 3:000000 4:000000 5:000236 S:000704 P:001116
001116: sob     r2,001052               
--vc 0:000066 1:054300 2:000003 3:000000 4:000000 5:000236 S:000704 P:001052
001052: mov     r1,r0                   R1=054300 
---c 0:054300 1:054300 2:000003 3:000000 4:000000 5:000236 S:000704 P:001054
001054: rol     r0                      R0=130601 
n-v- 0:130601 1:054300 2:000003 3:000000 4:000000 5:000236 S:000704 P:001056
001056: rol     r0                      R0=061402 
--vc 0:061402 1:054300 2:000003 3:000000 4:000000 5:000236 S:000704 P:001060
001060: rol     r0                      R0=143005 
n-v- 0:143005 1:054300 2:000003 3:000000 4:000000 5:000236 S:000704 P:001062
001062: rol     r0                      R0=106012 
n--c 0:106012 1:054300 2:000003 3:000000 4:000000 5:000236 S:000704 P:001064
001064: rol     r0                      R0=014025 
--vc 0:014025 1:054300 2:000003 3:000000 4:000000 5:000236 S:000704 P:001066
001066: bic     #177770,r0              [001070]=177770 R0=000005 
---c 0:000005 1:054300 2:000003 3:000000 4:000000 5:000236 S:000704 P:001072
001072: add     #000060,r0              [001074]=000060 R0=000065 
---- 0:000065 1:054300 2:000003 3:000000 4:000000 5:000236 S:000704 P:001076
001076: tstb    @#177564                [177564]=200 
n--- 0:000065 1:054300 2:000003 3:000000 4:000000 5:000236 S:000704 P:001102
001102: bpl     001076                  
n--- 0:000065 1:054300 2:000003 3:000000 4:000000 5:000236 S:000704 P:001104
001104: movb    r0,@#177566             R0=065 [177566] 5
---- 0:000065 1:054300 2:000003 3:000000 4:000000 5:000236 S:000704 P:001110
001110: asl     r1                      R1=130600 
n-v- 0:000065 1:130600 2:000003 3:000000 4:000000 5:000236 S:000704 P:001112
001112: asl     r1                      R1=061400 
--vc 0:000065 1:061400 2:000003 3:000000 4:000000 5:000236 S:000704 P:001114
001114: asl     r1                      R1=143000 
n-v- 0:000065 1:143000 2:000003 3:000000 4:000000 5:000236 S:000704 P:001116
001116: sob     r2,001052               
n-v- 0:000065 1:143000 2:000002 3:000000 4:000000 5:000236 S:000704 P:001052
001052: mov     r1,r0                   R1=143000 
n--- 0:143000 1:143000 2:000002 3:000000 4:000000 5:000236 S:000704 P:001054
001054: rol     r0                      R0=106000 
n--c 0:106000 1:143000 2:000002 3:000000 4:000000 5:000236 S:000704 P:001056
001056: rol     r0                      R0=014001 
--vc 0:014001 1:143000 2:000002 3:000000 4:000000 5:000236 S:000704 P:001060
001060: rol     r0                      R0=030003 
---- 0:030003 1:143000 2:000002 3:000000 4:000000 5:000236 S:000704 P:001062
001062: rol     r0                      R0=060006 
---- 0:060006 1:143000 2:000002 3:000000 4:000000 5:000236 S:000704 P:001064
001064: rol     r0                      R0=140014 
n-v- 0:140014 1:143000 2:000002 3:000000 4:000000 5:000236 S:000704 P:001066
001066: bic     #177770,r0              [001070]=177770 R0=000004 
---- 0:000004 1:143000 2:000002 3:000000 4:000000 5:000236 S:000704 P:001072
001072: add     #000060,r0              [001074]=000060 R0=000064 
---- 0:000064 1:143000 2:000002 3:000000 4:000000 5:000236 S:000704 P:001076
001076: tstb    @#177564                [177564]=200 
n--- 0:000064 1:143000 2:000002 3:000000 4:000000 5:000236 S:000704 P:001102
001102: bpl     001076                  
n--- 0:000064 1:143000 2:000002 3:000000 4:000000 5:000236 S:000704 P:001104
001104: movb    r0,@#177566             R0=064 [177566] 4
---- 0:000064 1:143000 2:000002 3:000000 4:000000 5:000236 S:000704 P:001110
001110: asl     r1                      R1=106000 
n--c 0:000064 1:106000 2:000002 3:000000 4:000000 5:000236 S:000704 P:001112
001112: asl     r1                      R1=014000 
--vc 0:000064 1:014000 2:000002 3:000000 4:000000 5:000236 S:000704 P:001114
001114: asl     r1                      R1=030000 
---- 0:000064 1:030000 2:000002 3:000000 4:000000 5:000236 S:000704 P:001116
001116: sob     r2,001052               
---- 0:000064 1:030000 2:000001 3:000000 4:000000 5:000236 S:000704 P:001052
001052: mov     r1,r0                   R1=030000 
---- 0:030000 1:030000 2:000001 3:000000 4:000000 5:000236 S:000704 P:001054
001054: rol     r0                      R0=060000 
---- 0:060000 1:030000 2:000001 3:000000 4:000000 5:000236 S:000704 P:001056
001056: rol     r0                      R0=140000 
n-v- 0:140000 1:030000 2:000001 3:000000 4:000000 5:000236 S:000704 P:001060
001060: rol     r0                      R0=100000 
n--c 0:100000 1:030000 2:000001 3:000000 4:000000 5:000236 S:000704 P:001062
001062: rol     r0                      R0=000001 
--vc 0:000001 1:030000 2:000001 3:000000 4:000000 5:000236 S:000704 P:001064
001064: rol     r0                      R0=000003 
---- 0:000003 1:030000 2:000001 3:000000 4:000000 5:000236 S:000704 P:001066
001066: bic     #177770,r0              [001070]=177770 R0=000003 
---- 0:000003 1:030000 2:000001 3:000000 4:000000 5:000236 S:000704 P:001072
001072: add     #000060,r0              [001074]=000060 R0=000063 
---- 0:000063 1:030000 2:000001 3:000000 4:000000 5:000236 S:000704 P:001076
001076: tstb    @#177564                [177564]=200 
n--- 0:000063 1:030000 2:000001 3:000000 4:000000 5:000236 S:000704 P:001102
001102: bpl     001076                  
n--- 0:000063 1:030000 2:000001 3:000000 4:000000 5:000236 S:000704 P:001104
001104: movb    r0,@#177566             R0=063 [177566] 3
---- 0:000063 1:030000 2:000001 3:000000 4:000000 5:000236 S:000704 P:001110
001110: asl     r1                      R1=060000 
---- 0:000063 1:060000 2:000001 3:000000 4:000000 5:000236 S:000704 P:001112
001112: asl     r1                      R1=140000 
n-v- 0:000063 1:140000 2:000001 3:000000 4:000000 5:000236 S:000704 P:001114
001114: asl     r1                      R1=100000 
n--c 0:000063 1:100000 2:000001 3:000000 4:000000 5:000236 S:000704 P:001116
001116: sob     r2,001052               
n--c 0:000063 1:100000 2:000000 3:000000 4:000000 5:000236 S:000704 P:001120
001120: mov     #000012,r0              [001122]=000012 
---c 0:000012 1:100000 2:000000 3:000000 4:000000 5:000236 S:000704 P:001124
001124: tstb    @#177564                [177564]=200 
n--- 0:000012 1:100000 2:000000 3:000000 4:000000 5:000236 S:000704 P:001130
001130: bpl     001124                  
n--- 0:000012 1:100000 2:000000 3:000000 4:000000 5:000236 S:000704 P:001132
001132: movb    r0,@#177566             R0=012 [177566] 

---- 0:000012 1:100000 2:000000 3:000000 4:000000 5:000236 S:000704 P:001136
001136: mov     #000015,r0              [001140]=000015 
---- 0:000015 1:100000 2:000000 3:000000 4:000000 5:000236 S:000704 P:001142
001142: tstb    @#177564                [177564]=200 
n--- 0:000015 1:100000 2:000000 3:000000 4:000000 5:000236 S:000704 P:001146
001146: bpl     001142                  
n--- 0:000015 1:100000 2:000000 3:000000 4:000000 5:000236 S:000704 P:001150
001150: movb    r0,@#177566             R0=015 [177566] 
---- 0:000015 1:100000 2:000000 3:000000 4:000000 5:000236 S:000704 P:001154
001154: br      001010                  
---- 0:000015 1:100000 2:000000 3:000000 4:000000 5:000236 S:000704 P:001010
001010: mov     (r5)+,r0                [000236]=000000 
-z-- 0:000000 1:100000 2:000000 3:000000 4:000000 5:000240 S:000704 P:001012
001012: beq     001156                  
-z-- 0:000000 1:100000 2:000000 3:000000 4:000000 5:000240 S:000704 P:001156
001156: halt                            
-z-- 0:000000 1:100000 2:000000 3:000000 4:000000 5:000240 S:000704 P:001160

---------------- halted ---------------
r0=000000 r2=000000 r4=000000 sp=000704
r1=100000 r3=000000 r5=000240 pc=001160
psw=000004: cm=k pm=k pri=0    z   [1449]
