      1 [main] pdp11 4616 find_fast_cwd: WARNING: Couldn't compute FAST_CWD pointer.  Please report this problem to
the public mailing list cygwin@cygwin.com

---------------- running --------------
001000: mov     #001000,sp              [001002]=001000 
001004: mov     @#000200,r0             [000200]=123456 
001010: mov     r1,-(sp)                R1=000000 [000776] 
001012: mov     r2,-(sp)                R2=000000 [000774] 
001014: mov     r0,r1                   R0=123456 
001016: mov     #000005,r2              [001020]=000005 
001022: movb    #000060,r0              [001024]=060 
001026: tst     r1                      R1=123456 
001030: bpl     001034                  
001032: inc     r0                      R0=000061 
001034: tstb    @#177564                [177564]=200 
001040: bpl     001034                  
001042: movb    r0,@#177566             R0=061 [177566] 1
001046: mov     r1,r0                   R1=123456 
001050: rol     r0                      R0=047134 
001052: rol     r0                      R0=116271 
001054: rol     r0                      R0=034562 
001056: rol     r0                      R0=071345 
001060: rol     r0                      R0=162712 
001062: bic     #177770,r0              [001064]=177770 R0=000002 
001066: add     #000060,r0              [001070]=000060 R0=000062 
001072: tstb    @#177564                [177564]=200 
001076: bpl     001072                  
001100: movb    r0,@#177566             R0=062 [177566] 2
001104: asl     r1                      R1=047134 
001106: asl     r1                      R1=116270 
001110: asl     r1                      R1=034560 
001112: sob     r2,001046               
001046: mov     r1,r0                   R1=034560 
001050: rol     r0                      R0=071341 
001052: rol     r0                      R0=162702 
001054: rol     r0                      R0=145604 
001056: rol     r0                      R0=113411 
001060: rol     r0                      R0=027023 
001062: bic     #177770,r0              [001064]=177770 R0=000003 
001066: add     #000060,r0              [001070]=000060 R0=000063 
001072: tstb    @#177564                [177564]=200 
001076: bpl     001072                  
001100: movb    r0,@#177566             R0=063 [177566] 3
001104: asl     r1                      R1=071340 
001106: asl     r1                      R1=162700 
001110: asl     r1                      R1=145600 
001112: sob     r2,001046               
001046: mov     r1,r0                   R1=145600 
001050: rol     r0                      R0=113401 
001052: rol     r0                      R0=027003 
001054: rol     r0                      R0=056007 
001056: rol     r0                      R0=134016 
001060: rol     r0                      R0=070034 
001062: bic     #177770,r0              [001064]=177770 R0=000004 
001066: add     #000060,r0              [001070]=000060 R0=000064 
001072: tstb    @#177564                [177564]=200 
001076: bpl     001072                  
001100: movb    r0,@#177566             R0=064 [177566] 4
001104: asl     r1                      R1=113400 
001106: asl     r1                      R1=027000 
001110: asl     r1                      R1=056000 
001112: sob     r2,001046               
001046: mov     r1,r0                   R1=056000 
001050: rol     r0                      R0=134000 
001052: rol     r0                      R0=070000 
001054: rol     r0                      R0=160001 
001056: rol     r0                      R0=140002 
001060: rol     r0                      R0=100005 
001062: bic     #177770,r0              [001064]=177770 R0=000005 
001066: add     #000060,r0              [001070]=000060 R0=000065 
001072: tstb    @#177564                [177564]=200 
001076: bpl     001072                  
001100: movb    r0,@#177566             R0=065 [177566] 5
001104: asl     r1                      R1=134000 
001106: asl     r1                      R1=070000 
001110: asl     r1                      R1=160000 
001112: sob     r2,001046               
001046: mov     r1,r0                   R1=160000 
001050: rol     r0                      R0=140000 
001052: rol     r0                      R0=100001 
001054: rol     r0                      R0=000003 
001056: rol     r0                      R0=000007 
001060: rol     r0                      R0=000016 
001062: bic     #177770,r0              [001064]=177770 R0=000006 
001066: add     #000060,r0              [001070]=000060 R0=000066 
001072: tstb    @#177564                [177564]=200 
001076: bpl     001072                  
001100: movb    r0,@#177566             R0=066 [177566] 6
001104: asl     r1                      R1=140000 
001106: asl     r1                      R1=100000 
001110: asl     r1                      R1=000000 
001112: sob     r2,001046               
001114: mov     #000012,r0              [001116]=000012 
001120: tstb    @#177564                [177564]=200 
001124: bpl     001120                  
001126: movb    r0,@#177566             R0=012 [177566] 

001132: mov     #000015,r0              [001134]=000015 
001136: tstb    @#177564                [177564]=200 
001142: bpl     001136                  
001144: movb    r0,@#177566             R0=015 [177566] 
001150: halt                            

---------------- halted ---------------
r0=000015 r2=000000 r4=000000 sp=000774
r1=000000 r3=000000 r5=000000 pc=001152
psw=000000: cm=k pm=k pri=0        [97]
