      1 [main] pdp11 16524 find_fast_cwd: WARNING: Couldn't compute FAST_CWD pointer.  Please report this problem to
the public mailing list cygwin@cygwin.com

---------------- running --------------
001000: mov     #001000,sp              [001002]=001000 
---- 0:000000 1:000000 2:000000 3:000000 4:000000 5:000000 S:001000 P:001004
001004: mov     @#000200,r0             [000200]=123456 
n--- 0:123456 1:000000 2:000000 3:000000 4:000000 5:000000 S:001000 P:001010
001010: mov     r1,-(sp)                R1=000000 [000776] 
-z-- 0:123456 1:000000 2:000000 3:000000 4:000000 5:000000 S:000776 P:001012
001012: mov     r2,-(sp)                R2=000000 [000774] 
-z-- 0:123456 1:000000 2:000000 3:000000 4:000000 5:000000 S:000774 P:001014
001014: mov     r0,r1                   R0=123456 
n--- 0:123456 1:123456 2:000000 3:000000 4:000000 5:000000 S:000774 P:001016
001016: mov     #000005,r2              [001020]=000005 
---- 0:123456 1:123456 2:000005 3:000000 4:000000 5:000000 S:000774 P:001022
001022: movb    #000060,r0              [001024]=060 
---- 0:000060 1:123456 2:000005 3:000000 4:000000 5:000000 S:000774 P:001026
001026: tst     r1                      R1=123456 
n--- 0:000060 1:123456 2:000005 3:000000 4:000000 5:000000 S:000774 P:001030
001030: bpl     001034                  
n--- 0:000060 1:123456 2:000005 3:000000 4:000000 5:000000 S:000774 P:001032
001032: inc     r0                      R0=000061 
---- 0:000061 1:123456 2:000005 3:000000 4:000000 5:000000 S:000774 P:001034
001034: tstb    @#177564                [177564]=200 
n--- 0:000061 1:123456 2:000005 3:000000 4:000000 5:000000 S:000774 P:001040
001040: bpl     001034                  
n--- 0:000061 1:123456 2:000005 3:000000 4:000000 5:000000 S:000774 P:001042
001042: movb    r0,@#177566             R0=061 [177566] 1
---- 0:000061 1:123456 2:000005 3:000000 4:000000 5:000000 S:000774 P:001046
001046: mov     r1,r0                   R1=123456 
n--- 0:123456 1:123456 2:000005 3:000000 4:000000 5:000000 S:000774 P:001050
001050: rol     r0                      R0=047134 
--vc 0:047134 1:123456 2:000005 3:000000 4:000000 5:000000 S:000774 P:001052
001052: rol     r0                      R0=116271 
n-v- 0:116271 1:123456 2:000005 3:000000 4:000000 5:000000 S:000774 P:001054
001054: rol     r0                      R0=034562 
--vc 0:034562 1:123456 2:000005 3:000000 4:000000 5:000000 S:000774 P:001056
001056: rol     r0                      R0=071345 
---- 0:071345 1:123456 2:000005 3:000000 4:000000 5:000000 S:000774 P:001060
001060: rol     r0                      R0=162712 
n-v- 0:162712 1:123456 2:000005 3:000000 4:000000 5:000000 S:000774 P:001062
001062: bic     #177770,r0              [001064]=177770 R0=000002 
---- 0:000002 1:123456 2:000005 3:000000 4:000000 5:000000 S:000774 P:001066
001066: add     #000060,r0              [001070]=000060 R0=000062 
---- 0:000062 1:123456 2:000005 3:000000 4:000000 5:000000 S:000774 P:001072
001072: tstb    @#177564                [177564]=200 
n--- 0:000062 1:123456 2:000005 3:000000 4:000000 5:000000 S:000774 P:001076
001076: bpl     001072                  
n--- 0:000062 1:123456 2:000005 3:000000 4:000000 5:000000 S:000774 P:001100
001100: movb    r0,@#177566             R0=062 [177566] 2
---- 0:000062 1:123456 2:000005 3:000000 4:000000 5:000000 S:000774 P:001104
001104: asl     r1                      R1=047134 
--vc 0:000062 1:047134 2:000005 3:000000 4:000000 5:000000 S:000774 P:001106
001106: asl     r1                      R1=116270 
n-v- 0:000062 1:116270 2:000005 3:000000 4:000000 5:000000 S:000774 P:001110
001110: asl     r1                      R1=034560 
--vc 0:000062 1:034560 2:000005 3:000000 4:000000 5:000000 S:000774 P:001112
001112: sob     r2,001046               
--vc 0:000062 1:034560 2:000004 3:000000 4:000000 5:000000 S:000774 P:001046
001046: mov     r1,r0                   R1=034560 
---c 0:034560 1:034560 2:000004 3:000000 4:000000 5:000000 S:000774 P:001050
001050: rol     r0                      R0=071341 
---- 0:071341 1:034560 2:000004 3:000000 4:000000 5:000000 S:000774 P:001052
001052: rol     r0                      R0=162702 
n-v- 0:162702 1:034560 2:000004 3:000000 4:000000 5:000000 S:000774 P:001054
001054: rol     r0                      R0=145604 
n--c 0:145604 1:034560 2:000004 3:000000 4:000000 5:000000 S:000774 P:001056
001056: rol     r0                      R0=113411 
n--c 0:113411 1:034560 2:000004 3:000000 4:000000 5:000000 S:000774 P:001060
001060: rol     r0                      R0=027023 
--vc 0:027023 1:034560 2:000004 3:000000 4:000000 5:000000 S:000774 P:001062
001062: bic     #177770,r0              [001064]=177770 R0=000003 
---c 0:000003 1:034560 2:000004 3:000000 4:000000 5:000000 S:000774 P:001066
001066: add     #000060,r0              [001070]=000060 R0=000063 
---- 0:000063 1:034560 2:000004 3:000000 4:000000 5:000000 S:000774 P:001072
001072: tstb    @#177564                [177564]=200 
n--- 0:000063 1:034560 2:000004 3:000000 4:000000 5:000000 S:000774 P:001076
001076: bpl     001072                  
n--- 0:000063 1:034560 2:000004 3:000000 4:000000 5:000000 S:000774 P:001100
001100: movb    r0,@#177566             R0=063 [177566] 3
---- 0:000063 1:034560 2:000004 3:000000 4:000000 5:000000 S:000774 P:001104
001104: asl     r1                      R1=071340 
---- 0:000063 1:071340 2:000004 3:000000 4:000000 5:000000 S:000774 P:001106
001106: asl     r1                      R1=162700 
n-v- 0:000063 1:162700 2:000004 3:000000 4:000000 5:000000 S:000774 P:001110
001110: asl     r1                      R1=145600 
n--c 0:000063 1:145600 2:000004 3:000000 4:000000 5:000000 S:000774 P:001112
001112: sob     r2,001046               
n--c 0:000063 1:145600 2:000003 3:000000 4:000000 5:000000 S:000774 P:001046
001046: mov     r1,r0                   R1=145600 
n--c 0:145600 1:145600 2:000003 3:000000 4:000000 5:000000 S:000774 P:001050
001050: rol     r0                      R0=113401 
n--c 0:113401 1:145600 2:000003 3:000000 4:000000 5:000000 S:000774 P:001052
001052: rol     r0                      R0=027003 
--vc 0:027003 1:145600 2:000003 3:000000 4:000000 5:000000 S:000774 P:001054
001054: rol     r0                      R0=056007 
---- 0:056007 1:145600 2:000003 3:000000 4:000000 5:000000 S:000774 P:001056
001056: rol     r0                      R0=134016 
n-v- 0:134016 1:145600 2:000003 3:000000 4:000000 5:000000 S:000774 P:001060
001060: rol     r0                      R0=070034 
--vc 0:070034 1:145600 2:000003 3:000000 4:000000 5:000000 S:000774 P:001062
001062: bic     #177770,r0              [001064]=177770 R0=000004 
---c 0:000004 1:145600 2:000003 3:000000 4:000000 5:000000 S:000774 P:001066
001066: add     #000060,r0              [001070]=000060 R0=000064 
---- 0:000064 1:145600 2:000003 3:000000 4:000000 5:000000 S:000774 P:001072
001072: tstb    @#177564                [177564]=200 
n--- 0:000064 1:145600 2:000003 3:000000 4:000000 5:000000 S:000774 P:001076
001076: bpl     001072                  
n--- 0:000064 1:145600 2:000003 3:000000 4:000000 5:000000 S:000774 P:001100
001100: movb    r0,@#177566             R0=064 [177566] 4
---- 0:000064 1:145600 2:000003 3:000000 4:000000 5:000000 S:000774 P:001104
001104: asl     r1                      R1=113400 
n--c 0:000064 1:113400 2:000003 3:000000 4:000000 5:000000 S:000774 P:001106
001106: asl     r1                      R1=027000 
--vc 0:000064 1:027000 2:000003 3:000000 4:000000 5:000000 S:000774 P:001110
001110: asl     r1                      R1=056000 
---- 0:000064 1:056000 2:000003 3:000000 4:000000 5:000000 S:000774 P:001112
001112: sob     r2,001046               
---- 0:000064 1:056000 2:000002 3:000000 4:000000 5:000000 S:000774 P:001046
001046: mov     r1,r0                   R1=056000 
---- 0:056000 1:056000 2:000002 3:000000 4:000000 5:000000 S:000774 P:001050
001050: rol     r0                      R0=134000 
n-v- 0:134000 1:056000 2:000002 3:000000 4:000000 5:000000 S:000774 P:001052
001052: rol     r0                      R0=070000 
--vc 0:070000 1:056000 2:000002 3:000000 4:000000 5:000000 S:000774 P:001054
001054: rol     r0                      R0=160001 
n-v- 0:160001 1:056000 2:000002 3:000000 4:000000 5:000000 S:000774 P:001056
001056: rol     r0                      R0=140002 
n--c 0:140002 1:056000 2:000002 3:000000 4:000000 5:000000 S:000774 P:001060
001060: rol     r0                      R0=100005 
n--c 0:100005 1:056000 2:000002 3:000000 4:000000 5:000000 S:000774 P:001062
001062: bic     #177770,r0              [001064]=177770 R0=000005 
---c 0:000005 1:056000 2:000002 3:000000 4:000000 5:000000 S:000774 P:001066
001066: add     #000060,r0              [001070]=000060 R0=000065 
---- 0:000065 1:056000 2:000002 3:000000 4:000000 5:000000 S:000774 P:001072
001072: tstb    @#177564                [177564]=200 
n--- 0:000065 1:056000 2:000002 3:000000 4:000000 5:000000 S:000774 P:001076
001076: bpl     001072                  
n--- 0:000065 1:056000 2:000002 3:000000 4:000000 5:000000 S:000774 P:001100
001100: movb    r0,@#177566             R0=065 [177566] 5
---- 0:000065 1:056000 2:000002 3:000000 4:000000 5:000000 S:000774 P:001104
001104: asl     r1                      R1=134000 
n-v- 0:000065 1:134000 2:000002 3:000000 4:000000 5:000000 S:000774 P:001106
001106: asl     r1                      R1=070000 
--vc 0:000065 1:070000 2:000002 3:000000 4:000000 5:000000 S:000774 P:001110
001110: asl     r1                      R1=160000 
n-v- 0:000065 1:160000 2:000002 3:000000 4:000000 5:000000 S:000774 P:001112
001112: sob     r2,001046               
n-v- 0:000065 1:160000 2:000001 3:000000 4:000000 5:000000 S:000774 P:001046
001046: mov     r1,r0                   R1=160000 
n--- 0:160000 1:160000 2:000001 3:000000 4:000000 5:000000 S:000774 P:001050
001050: rol     r0                      R0=140000 
n--c 0:140000 1:160000 2:000001 3:000000 4:000000 5:000000 S:000774 P:001052
001052: rol     r0                      R0=100001 
n--c 0:100001 1:160000 2:000001 3:000000 4:000000 5:000000 S:000774 P:001054
001054: rol     r0                      R0=000003 
--vc 0:000003 1:160000 2:000001 3:000000 4:000000 5:000000 S:000774 P:001056
001056: rol     r0                      R0=000007 
---- 0:000007 1:160000 2:000001 3:000000 4:000000 5:000000 S:000774 P:001060
001060: rol     r0                      R0=000016 
---- 0:000016 1:160000 2:000001 3:000000 4:000000 5:000000 S:000774 P:001062
001062: bic     #177770,r0              [001064]=177770 R0=000006 
---- 0:000006 1:160000 2:000001 3:000000 4:000000 5:000000 S:000774 P:001066
001066: add     #000060,r0              [001070]=000060 R0=000066 
---- 0:000066 1:160000 2:000001 3:000000 4:000000 5:000000 S:000774 P:001072
001072: tstb    @#177564                [177564]=200 
n--- 0:000066 1:160000 2:000001 3:000000 4:000000 5:000000 S:000774 P:001076
001076: bpl     001072                  
n--- 0:000066 1:160000 2:000001 3:000000 4:000000 5:000000 S:000774 P:001100
001100: movb    r0,@#177566             R0=066 [177566] 6
---- 0:000066 1:160000 2:000001 3:000000 4:000000 5:000000 S:000774 P:001104
001104: asl     r1                      R1=140000 
n--c 0:000066 1:140000 2:000001 3:000000 4:000000 5:000000 S:000774 P:001106
001106: asl     r1                      R1=100000 
n--c 0:000066 1:100000 2:000001 3:000000 4:000000 5:000000 S:000774 P:001110
001110: asl     r1                      R1=000000 
-zvc 0:000066 1:000000 2:000001 3:000000 4:000000 5:000000 S:000774 P:001112
001112: sob     r2,001046               
-zvc 0:000066 1:000000 2:000000 3:000000 4:000000 5:000000 S:000774 P:001114
001114: mov     #000012,r0              [001116]=000012 
---c 0:000012 1:000000 2:000000 3:000000 4:000000 5:000000 S:000774 P:001120
001120: tstb    @#177564                [177564]=200 
n--- 0:000012 1:000000 2:000000 3:000000 4:000000 5:000000 S:000774 P:001124
001124: bpl     001120                  
n--- 0:000012 1:000000 2:000000 3:000000 4:000000 5:000000 S:000774 P:001126
001126: movb    r0,@#177566             R0=012 [177566] 

---- 0:000012 1:000000 2:000000 3:000000 4:000000 5:000000 S:000774 P:001132
001132: mov     #000015,r0              [001134]=000015 
---- 0:000015 1:000000 2:000000 3:000000 4:000000 5:000000 S:000774 P:001136
001136: tstb    @#177564                [177564]=200 
n--- 0:000015 1:000000 2:000000 3:000000 4:000000 5:000000 S:000774 P:001142
001142: bpl     001136                  
n--- 0:000015 1:000000 2:000000 3:000000 4:000000 5:000000 S:000774 P:001144
001144: movb    r0,@#177566             R0=015 [177566] 
---- 0:000015 1:000000 2:000000 3:000000 4:000000 5:000000 S:000774 P:001150
001150: halt                            
---- 0:000015 1:000000 2:000000 3:000000 4:000000 5:000000 S:000774 P:001152

---------------- halted ---------------
r0=000015 r2=000000 r4=000000 sp=000774
r1=000000 r3=000000 r5=000000 pc=001152
psw=000000: cm=k pm=k pri=0        [97]
