      2 [main] pdp11 2632 find_fast_cwd: WARNING: Couldn't compute FAST_CWD pointer.  Please report this problem to
the public mailing list cygwin@cygwin.com

---------------- running --------------
001000: mov     #001000,sp              [001002]=001000 
001004: mov     @#000200,r0             [000200]=131313 
001010: jsr     pc,001060               
001060: mov     r1,-(sp)                R1=000000 [000774] 
001062: mov     r2,-(sp)                R2=000000 [000772] 
001064: mov     r0,r1                   R0=131313 
001066: mov     #000020,r2              [001070]=000020 
001072: mov     r1,r0                   R1=131313 
001074: mov     #000060,r0              [001076]=000060 
001100: tst     r1                      R1=131313 
001102: bpl     001106                  
001104: inc     r0                      R0=000061 
001106: jsr     pc,001022               
001022: tstb    @#177564                [177564]=200 
001026: bpl     001022                  
001030: movb    r0,@#177566             R0=061 [177566] 1
001034: rts     pc                      
001112: rol     r1                      R1=062626 
001114: sob     r2,001074               
001074: mov     #000060,r0              [001076]=000060 
001100: tst     r1                      R1=062626 
001102: bpl     001106                  
001106: jsr     pc,001022               
001022: tstb    @#177564                [177564]=200 
001026: bpl     001022                  
001030: movb    r0,@#177566             R0=060 [177566] 0
001034: rts     pc                      
001112: rol     r1                      R1=145454 
001114: sob     r2,001074               
001074: mov     #000060,r0              [001076]=000060 
001100: tst     r1                      R1=145454 
001102: bpl     001106                  
001104: inc     r0                      R0=000061 
001106: jsr     pc,001022               
001022: tstb    @#177564                [177564]=200 
001026: bpl     001022                  
001030: movb    r0,@#177566             R0=061 [177566] 1
001034: rts     pc                      
001112: rol     r1                      R1=113130 
001114: sob     r2,001074               
001074: mov     #000060,r0              [001076]=000060 
001100: tst     r1                      R1=113130 
001102: bpl     001106                  
001104: inc     r0                      R0=000061 
001106: jsr     pc,001022               
001022: tstb    @#177564                [177564]=200 
001026: bpl     001022                  
001030: movb    r0,@#177566             R0=061 [177566] 1
001034: rts     pc                      
001112: rol     r1                      R1=026260 
001114: sob     r2,001074               
001074: mov     #000060,r0              [001076]=000060 
001100: tst     r1                      R1=026260 
001102: bpl     001106                  
001106: jsr     pc,001022               
001022: tstb    @#177564                [177564]=200 
001026: bpl     001022                  
001030: movb    r0,@#177566             R0=060 [177566] 0
001034: rts     pc                      
001112: rol     r1                      R1=054540 
001114: sob     r2,001074               
001074: mov     #000060,r0              [001076]=000060 
001100: tst     r1                      R1=054540 
001102: bpl     001106                  
001106: jsr     pc,001022               
001022: tstb    @#177564                [177564]=200 
001026: bpl     001022                  
001030: movb    r0,@#177566             R0=060 [177566] 0
001034: rts     pc                      
001112: rol     r1                      R1=131300 
001114: sob     r2,001074               
001074: mov     #000060,r0              [001076]=000060 
001100: tst     r1                      R1=131300 
001102: bpl     001106                  
001104: inc     r0                      R0=000061 
001106: jsr     pc,001022               
001022: tstb    @#177564                [177564]=200 
001026: bpl     001022                  
001030: movb    r0,@#177566             R0=061 [177566] 1
001034: rts     pc                      
001112: rol     r1                      R1=062600 
001114: sob     r2,001074               
001074: mov     #000060,r0              [001076]=000060 
001100: tst     r1                      R1=062600 
001102: bpl     001106                  
001106: jsr     pc,001022               
001022: tstb    @#177564                [177564]=200 
001026: bpl     001022                  
001030: movb    r0,@#177566             R0=060 [177566] 0
001034: rts     pc                      
001112: rol     r1                      R1=145400 
001114: sob     r2,001074               
001074: mov     #000060,r0              [001076]=000060 
001100: tst     r1                      R1=145400 
001102: bpl     001106                  
001104: inc     r0                      R0=000061 
001106: jsr     pc,001022               
001022: tstb    @#177564                [177564]=200 
001026: bpl     001022                  
001030: movb    r0,@#177566             R0=061 [177566] 1
001034: rts     pc                      
001112: rol     r1                      R1=113000 
001114: sob     r2,001074               
001074: mov     #000060,r0              [001076]=000060 
001100: tst     r1                      R1=113000 
001102: bpl     001106                  
001104: inc     r0                      R0=000061 
001106: jsr     pc,001022               
001022: tstb    @#177564                [177564]=200 
001026: bpl     001022                  
001030: movb    r0,@#177566             R0=061 [177566] 1
001034: rts     pc                      
001112: rol     r1                      R1=026000 
001114: sob     r2,001074               
001074: mov     #000060,r0              [001076]=000060 
001100: tst     r1                      R1=026000 
001102: bpl     001106                  
001106: jsr     pc,001022               
001022: tstb    @#177564                [177564]=200 
001026: bpl     001022                  
001030: movb    r0,@#177566             R0=060 [177566] 0
001034: rts     pc                      
001112: rol     r1                      R1=054000 
001114: sob     r2,001074               
001074: mov     #000060,r0              [001076]=000060 
001100: tst     r1                      R1=054000 
001102: bpl     001106                  
001106: jsr     pc,001022               
001022: tstb    @#177564                [177564]=200 
001026: bpl     001022                  
001030: movb    r0,@#177566             R0=060 [177566] 0
001034: rts     pc                      
001112: rol     r1                      R1=130000 
001114: sob     r2,001074               
001074: mov     #000060,r0              [001076]=000060 
001100: tst     r1                      R1=130000 
001102: bpl     001106                  
001104: inc     r0                      R0=000061 
001106: jsr     pc,001022               
001022: tstb    @#177564                [177564]=200 
001026: bpl     001022                  
001030: movb    r0,@#177566             R0=061 [177566] 1
001034: rts     pc                      
001112: rol     r1                      R1=060000 
001114: sob     r2,001074               
001074: mov     #000060,r0              [001076]=000060 
001100: tst     r1                      R1=060000 
001102: bpl     001106                  
001106: jsr     pc,001022               
001022: tstb    @#177564                [177564]=200 
001026: bpl     001022                  
001030: movb    r0,@#177566             R0=060 [177566] 0
001034: rts     pc                      
001112: rol     r1                      R1=140000 
001114: sob     r2,001074               
001074: mov     #000060,r0              [001076]=000060 
001100: tst     r1                      R1=140000 
001102: bpl     001106                  
001104: inc     r0                      R0=000061 
001106: jsr     pc,001022               
001022: tstb    @#177564                [177564]=200 
001026: bpl     001022                  
001030: movb    r0,@#177566             R0=061 [177566] 1
001034: rts     pc                      
001112: rol     r1                      R1=100000 
001114: sob     r2,001074               
001074: mov     #000060,r0              [001076]=000060 
001100: tst     r1                      R1=100000 
001102: bpl     001106                  
001104: inc     r0                      R0=000061 
001106: jsr     pc,001022               
001022: tstb    @#177564                [177564]=200 
001026: bpl     001022                  
001030: movb    r0,@#177566             R0=061 [177566] 1
001034: rts     pc                      
001112: rol     r1                      R1=000000 
001114: sob     r2,001074               
001116: mov     (sp)+,r2                [000772]=000000 
001120: mov     (sp)+,r1                [000774]=000000 
001122: rts     pc                      
001014: jsr     pc,001124               
001124: mov     #001160,r0              [001126]=001160 
001130: jsr     pc,001036               
001036: mov     r1,-(sp)                R1=000000 [000772] 
001040: mov     r0,r1                   R0=001160 
001042: movb    (r1)+,r0                [001160]=012 
001044: beq     001054                  
001046: jsr     pc,001022               
001022: tstb    @#177564                [177564]=200 
001026: bpl     001022                  
001030: movb    r0,@#177566             R0=012 [177566] 

001034: rts     pc                      
001052: br      001042                  
001042: movb    (r1)+,r0                [001161]=015 
001044: beq     001054                  
001046: jsr     pc,001022               
001022: tstb    @#177564                [177564]=200 
001026: bpl     001022                  
001030: movb    r0,@#177566             R0=015 [177566] 
001034: rts     pc                      
001052: br      001042                  
001042: movb    (r1)+,r0                [001162]=000 
001044: beq     001054                  
001054: mov     (sp)+,r1                [000772]=000000 
001056: rts     pc                      
001134: rts     pc                      
001020: halt                            

---------------- halted ---------------
r0=000000 r2=000000 r4=000000 sp=001000
r1=000000 r3=000000 r5=000000 pc=001022
psw=000004: cm=k pm=k pri=0    z   [207]
