      1 [main] pdp11 2372 find_fast_cwd: WARNING: Couldn't compute FAST_CWD pointer.  Please report this problem to
the public mailing list cygwin@cygwin.com

---------------- running --------------
001000: mov     #001000,sp              [001002]=001000 
---- 0:000000 1:000000 2:000000 3:000000 4:000000 5:000000 S:001000 P:001004
001004: mov     @#000200,r0             [000200]=123456 
n--- 0:123456 1:000000 2:000000 3:000000 4:000000 5:000000 S:001000 P:001010
001010: jsr     pc,001054               
n--- 0:123456 1:000000 2:000000 3:000000 4:000000 5:000000 S:000776 P:001054
001054: mov     r1,-(sp)                R1=000000 [000774] 
-z-- 0:123456 1:000000 2:000000 3:000000 4:000000 5:000000 S:000774 P:001056
001056: mov     r2,-(sp)                R2=000000 [000772] 
-z-- 0:123456 1:000000 2:000000 3:000000 4:000000 5:000000 S:000772 P:001060
001060: mov     r0,r1                   R0=123456 
n--- 0:123456 1:123456 2:000000 3:000000 4:000000 5:000000 S:000772 P:001062
001062: mov     #000005,r2              [001064]=000005 
---- 0:123456 1:123456 2:000005 3:000000 4:000000 5:000000 S:000772 P:001066
001066: movb    #000060,r0              [001070]=060 
---- 0:000060 1:123456 2:000005 3:000000 4:000000 5:000000 S:000772 P:001072
001072: tst     r1                      R1=123456 
n--- 0:000060 1:123456 2:000005 3:000000 4:000000 5:000000 S:000772 P:001074
001074: bpl     001100                  
n--- 0:000060 1:123456 2:000005 3:000000 4:000000 5:000000 S:000772 P:001076
001076: inc     r0                      R0=000061 
---- 0:000061 1:123456 2:000005 3:000000 4:000000 5:000000 S:000772 P:001100
001100: jsr     pc,001016               
---- 0:000061 1:123456 2:000005 3:000000 4:000000 5:000000 S:000770 P:001016
001016: tstb    @#177564                [177564]=200 
n--- 0:000061 1:123456 2:000005 3:000000 4:000000 5:000000 S:000770 P:001022
001022: bpl     001016                  
n--- 0:000061 1:123456 2:000005 3:000000 4:000000 5:000000 S:000770 P:001024
001024: movb    r0,@#177566             R0=061 [177566] 1
---- 0:000061 1:123456 2:000005 3:000000 4:000000 5:000000 S:000770 P:001030
001030: rts     pc                      
---- 0:000061 1:123456 2:000005 3:000000 4:000000 5:000000 S:000772 P:001104
001104: mov     r1,r0                   R1=123456 
n--- 0:123456 1:123456 2:000005 3:000000 4:000000 5:000000 S:000772 P:001106
001106: rol     r0                      R0=047134 
--vc 0:047134 1:123456 2:000005 3:000000 4:000000 5:000000 S:000772 P:001110
001110: rol     r0                      R0=116271 
n-v- 0:116271 1:123456 2:000005 3:000000 4:000000 5:000000 S:000772 P:001112
001112: rol     r0                      R0=034562 
--vc 0:034562 1:123456 2:000005 3:000000 4:000000 5:000000 S:000772 P:001114
001114: rol     r0                      R0=071345 
---- 0:071345 1:123456 2:000005 3:000000 4:000000 5:000000 S:000772 P:001116
001116: rol     r0                      R0=162712 
n-v- 0:162712 1:123456 2:000005 3:000000 4:000000 5:000000 S:000772 P:001120
001120: bic     #177770,r0              [001122]=177770 R0=000002 
---- 0:000002 1:123456 2:000005 3:000000 4:000000 5:000000 S:000772 P:001124
001124: add     #000060,r0              [001126]=000060 R0=000062 
---- 0:000062 1:123456 2:000005 3:000000 4:000000 5:000000 S:000772 P:001130
001130: jsr     pc,001016               
---- 0:000062 1:123456 2:000005 3:000000 4:000000 5:000000 S:000770 P:001016
001016: tstb    @#177564                [177564]=200 
n--- 0:000062 1:123456 2:000005 3:000000 4:000000 5:000000 S:000770 P:001022
001022: bpl     001016                  
n--- 0:000062 1:123456 2:000005 3:000000 4:000000 5:000000 S:000770 P:001024
001024: movb    r0,@#177566             R0=062 [177566] 2
---- 0:000062 1:123456 2:000005 3:000000 4:000000 5:000000 S:000770 P:001030
001030: rts     pc                      
---- 0:000062 1:123456 2:000005 3:000000 4:000000 5:000000 S:000772 P:001134
001134: asl     r1                      R1=047134 
--vc 0:000062 1:047134 2:000005 3:000000 4:000000 5:000000 S:000772 P:001136
001136: asl     r1                      R1=116270 
n-v- 0:000062 1:116270 2:000005 3:000000 4:000000 5:000000 S:000772 P:001140
001140: asl     r1                      R1=034560 
--vc 0:000062 1:034560 2:000005 3:000000 4:000000 5:000000 S:000772 P:001142
001142: sob     r2,001104               
--vc 0:000062 1:034560 2:000004 3:000000 4:000000 5:000000 S:000772 P:001104
001104: mov     r1,r0                   R1=034560 
---c 0:034560 1:034560 2:000004 3:000000 4:000000 5:000000 S:000772 P:001106
001106: rol     r0                      R0=071341 
---- 0:071341 1:034560 2:000004 3:000000 4:000000 5:000000 S:000772 P:001110
001110: rol     r0                      R0=162702 
n-v- 0:162702 1:034560 2:000004 3:000000 4:000000 5:000000 S:000772 P:001112
001112: rol     r0                      R0=145604 
n--c 0:145604 1:034560 2:000004 3:000000 4:000000 5:000000 S:000772 P:001114
001114: rol     r0                      R0=113411 
n--c 0:113411 1:034560 2:000004 3:000000 4:000000 5:000000 S:000772 P:001116
001116: rol     r0                      R0=027023 
--vc 0:027023 1:034560 2:000004 3:000000 4:000000 5:000000 S:000772 P:001120
001120: bic     #177770,r0              [001122]=177770 R0=000003 
---c 0:000003 1:034560 2:000004 3:000000 4:000000 5:000000 S:000772 P:001124
001124: add     #000060,r0              [001126]=000060 R0=000063 
---- 0:000063 1:034560 2:000004 3:000000 4:000000 5:000000 S:000772 P:001130
001130: jsr     pc,001016               
---- 0:000063 1:034560 2:000004 3:000000 4:000000 5:000000 S:000770 P:001016
001016: tstb    @#177564                [177564]=200 
n--- 0:000063 1:034560 2:000004 3:000000 4:000000 5:000000 S:000770 P:001022
001022: bpl     001016                  
n--- 0:000063 1:034560 2:000004 3:000000 4:000000 5:000000 S:000770 P:001024
001024: movb    r0,@#177566             R0=063 [177566] 3
---- 0:000063 1:034560 2:000004 3:000000 4:000000 5:000000 S:000770 P:001030
001030: rts     pc                      
---- 0:000063 1:034560 2:000004 3:000000 4:000000 5:000000 S:000772 P:001134
001134: asl     r1                      R1=071340 
---- 0:000063 1:071340 2:000004 3:000000 4:000000 5:000000 S:000772 P:001136
001136: asl     r1                      R1=162700 
n-v- 0:000063 1:162700 2:000004 3:000000 4:000000 5:000000 S:000772 P:001140
001140: asl     r1                      R1=145600 
n--c 0:000063 1:145600 2:000004 3:000000 4:000000 5:000000 S:000772 P:001142
001142: sob     r2,001104               
n--c 0:000063 1:145600 2:000003 3:000000 4:000000 5:000000 S:000772 P:001104
001104: mov     r1,r0                   R1=145600 
n--c 0:145600 1:145600 2:000003 3:000000 4:000000 5:000000 S:000772 P:001106
001106: rol     r0                      R0=113401 
n--c 0:113401 1:145600 2:000003 3:000000 4:000000 5:000000 S:000772 P:001110
001110: rol     r0                      R0=027003 
--vc 0:027003 1:145600 2:000003 3:000000 4:000000 5:000000 S:000772 P:001112
001112: rol     r0                      R0=056007 
---- 0:056007 1:145600 2:000003 3:000000 4:000000 5:000000 S:000772 P:001114
001114: rol     r0                      R0=134016 
n-v- 0:134016 1:145600 2:000003 3:000000 4:000000 5:000000 S:000772 P:001116
001116: rol     r0                      R0=070034 
--vc 0:070034 1:145600 2:000003 3:000000 4:000000 5:000000 S:000772 P:001120
001120: bic     #177770,r0              [001122]=177770 R0=000004 
---c 0:000004 1:145600 2:000003 3:000000 4:000000 5:000000 S:000772 P:001124
001124: add     #000060,r0              [001126]=000060 R0=000064 
---- 0:000064 1:145600 2:000003 3:000000 4:000000 5:000000 S:000772 P:001130
001130: jsr     pc,001016               
---- 0:000064 1:145600 2:000003 3:000000 4:000000 5:000000 S:000770 P:001016
001016: tstb    @#177564                [177564]=200 
n--- 0:000064 1:145600 2:000003 3:000000 4:000000 5:000000 S:000770 P:001022
001022: bpl     001016                  
n--- 0:000064 1:145600 2:000003 3:000000 4:000000 5:000000 S:000770 P:001024
001024: movb    r0,@#177566             R0=064 [177566] 4
---- 0:000064 1:145600 2:000003 3:000000 4:000000 5:000000 S:000770 P:001030
001030: rts     pc                      
---- 0:000064 1:145600 2:000003 3:000000 4:000000 5:000000 S:000772 P:001134
001134: asl     r1                      R1=113400 
n--c 0:000064 1:113400 2:000003 3:000000 4:000000 5:000000 S:000772 P:001136
001136: asl     r1                      R1=027000 
--vc 0:000064 1:027000 2:000003 3:000000 4:000000 5:000000 S:000772 P:001140
001140: asl     r1                      R1=056000 
---- 0:000064 1:056000 2:000003 3:000000 4:000000 5:000000 S:000772 P:001142
001142: sob     r2,001104               
---- 0:000064 1:056000 2:000002 3:000000 4:000000 5:000000 S:000772 P:001104
001104: mov     r1,r0                   R1=056000 
---- 0:056000 1:056000 2:000002 3:000000 4:000000 5:000000 S:000772 P:001106
001106: rol     r0                      R0=134000 
n-v- 0:134000 1:056000 2:000002 3:000000 4:000000 5:000000 S:000772 P:001110
001110: rol     r0                      R0=070000 
--vc 0:070000 1:056000 2:000002 3:000000 4:000000 5:000000 S:000772 P:001112
001112: rol     r0                      R0=160001 
n-v- 0:160001 1:056000 2:000002 3:000000 4:000000 5:000000 S:000772 P:001114
001114: rol     r0                      R0=140002 
n--c 0:140002 1:056000 2:000002 3:000000 4:000000 5:000000 S:000772 P:001116
001116: rol     r0                      R0=100005 
n--c 0:100005 1:056000 2:000002 3:000000 4:000000 5:000000 S:000772 P:001120
001120: bic     #177770,r0              [001122]=177770 R0=000005 
---c 0:000005 1:056000 2:000002 3:000000 4:000000 5:000000 S:000772 P:001124
001124: add     #000060,r0              [001126]=000060 R0=000065 
---- 0:000065 1:056000 2:000002 3:000000 4:000000 5:000000 S:000772 P:001130
001130: jsr     pc,001016               
---- 0:000065 1:056000 2:000002 3:000000 4:000000 5:000000 S:000770 P:001016
001016: tstb    @#177564                [177564]=200 
n--- 0:000065 1:056000 2:000002 3:000000 4:000000 5:000000 S:000770 P:001022
001022: bpl     001016                  
n--- 0:000065 1:056000 2:000002 3:000000 4:000000 5:000000 S:000770 P:001024
001024: movb    r0,@#177566             R0=065 [177566] 5
---- 0:000065 1:056000 2:000002 3:000000 4:000000 5:000000 S:000770 P:001030
001030: rts     pc                      
---- 0:000065 1:056000 2:000002 3:000000 4:000000 5:000000 S:000772 P:001134
001134: asl     r1                      R1=134000 
n-v- 0:000065 1:134000 2:000002 3:000000 4:000000 5:000000 S:000772 P:001136
001136: asl     r1                      R1=070000 
--vc 0:000065 1:070000 2:000002 3:000000 4:000000 5:000000 S:000772 P:001140
001140: asl     r1                      R1=160000 
n-v- 0:000065 1:160000 2:000002 3:000000 4:000000 5:000000 S:000772 P:001142
001142: sob     r2,001104               
n-v- 0:000065 1:160000 2:000001 3:000000 4:000000 5:000000 S:000772 P:001104
001104: mov     r1,r0                   R1=160000 
n--- 0:160000 1:160000 2:000001 3:000000 4:000000 5:000000 S:000772 P:001106
001106: rol     r0                      R0=140000 
n--c 0:140000 1:160000 2:000001 3:000000 4:000000 5:000000 S:000772 P:001110
001110: rol     r0                      R0=100001 
n--c 0:100001 1:160000 2:000001 3:000000 4:000000 5:000000 S:000772 P:001112
001112: rol     r0                      R0=000003 
--vc 0:000003 1:160000 2:000001 3:000000 4:000000 5:000000 S:000772 P:001114
001114: rol     r0                      R0=000007 
---- 0:000007 1:160000 2:000001 3:000000 4:000000 5:000000 S:000772 P:001116
001116: rol     r0                      R0=000016 
---- 0:000016 1:160000 2:000001 3:000000 4:000000 5:000000 S:000772 P:001120
001120: bic     #177770,r0              [001122]=177770 R0=000006 
---- 0:000006 1:160000 2:000001 3:000000 4:000000 5:000000 S:000772 P:001124
001124: add     #000060,r0              [001126]=000060 R0=000066 
---- 0:000066 1:160000 2:000001 3:000000 4:000000 5:000000 S:000772 P:001130
001130: jsr     pc,001016               
---- 0:000066 1:160000 2:000001 3:000000 4:000000 5:000000 S:000770 P:001016
001016: tstb    @#177564                [177564]=200 
n--- 0:000066 1:160000 2:000001 3:000000 4:000000 5:000000 S:000770 P:001022
001022: bpl     001016                  
n--- 0:000066 1:160000 2:000001 3:000000 4:000000 5:000000 S:000770 P:001024
001024: movb    r0,@#177566             R0=066 [177566] 6
---- 0:000066 1:160000 2:000001 3:000000 4:000000 5:000000 S:000770 P:001030
001030: rts     pc                      
---- 0:000066 1:160000 2:000001 3:000000 4:000000 5:000000 S:000772 P:001134
001134: asl     r1                      R1=140000 
n--c 0:000066 1:140000 2:000001 3:000000 4:000000 5:000000 S:000772 P:001136
001136: asl     r1                      R1=100000 
n--c 0:000066 1:100000 2:000001 3:000000 4:000000 5:000000 S:000772 P:001140
001140: asl     r1                      R1=000000 
-zvc 0:000066 1:000000 2:000001 3:000000 4:000000 5:000000 S:000772 P:001142
001142: sob     r2,001104               
-zvc 0:000066 1:000000 2:000000 3:000000 4:000000 5:000000 S:000772 P:001144
001144: mov     (sp)+,r2                [000772]=000000 
-z-c 0:000066 1:000000 2:000000 3:000000 4:000000 5:000000 S:000774 P:001146
001146: mov     (sp)+,r1                [000774]=000000 
-z-c 0:000066 1:000000 2:000000 3:000000 4:000000 5:000000 S:000776 P:001150
001150: rts     pc                      
-z-c 0:000066 1:000000 2:000000 3:000000 4:000000 5:000000 S:001000 P:001014
001014: halt                            
-z-c 0:000066 1:000000 2:000000 3:000000 4:000000 5:000000 S:001000 P:001016

---------------- halted ---------------
r0=000066 r2=000000 r4=000000 sp=001000
r1=000000 r3=000000 r5=000000 pc=001016
psw=000005: cm=k pm=k pri=0    z c [105]
