      2 [main] pdp11 10832 find_fast_cwd: WARNING: Couldn't compute FAST_CWD pointer.  Please report this problem to
the public mailing list cygwin@cygwin.com

---------------- running --------------
001000: mov     #001000,sp              [001002]=001000 
001004: mov     @#000200,r0             [000200]=123456 
001010: jsr     pc,001054               
001054: mov     r1,-(sp)                R1=000000 [000774] 
001056: mov     r2,-(sp)                R2=000000 [000772] 
001060: mov     r0,r1                   R0=123456 
001062: mov     #000005,r2              [001064]=000005 
001066: movb    #000060,r0              [001070]=060 
001072: tst     r1                      R1=123456 
001074: bpl     001100                  
001076: inc     r0                      R0=000061 
001100: jsr     pc,001016               
001016: tstb    @#177564                [177564]=200 
001022: bpl     001016                  
001024: movb    r0,@#177566             R0=061 [177566] 1
001030: rts     pc                      
001104: mov     r1,r0                   R1=123456 
001106: rol     r0                      R0=047134 
001110: rol     r0                      R0=116271 
001112: rol     r0                      R0=034562 
001114: rol     r0                      R0=071345 
001116: rol     r0                      R0=162712 
001120: bic     #177770,r0              [001122]=177770 R0=000002 
001124: add     #000060,r0              [001126]=000060 R0=000062 
001130: jsr     pc,001016               
001016: tstb    @#177564                [177564]=200 
001022: bpl     001016                  
001024: movb    r0,@#177566             R0=062 [177566] 2
001030: rts     pc                      
001134: asl     r1                      R1=047134 
001136: asl     r1                      R1=116270 
001140: asl     r1                      R1=034560 
001142: sob     r2,001104               
001104: mov     r1,r0                   R1=034560 
001106: rol     r0                      R0=071341 
001110: rol     r0                      R0=162702 
001112: rol     r0                      R0=145604 
001114: rol     r0                      R0=113411 
001116: rol     r0                      R0=027023 
001120: bic     #177770,r0              [001122]=177770 R0=000003 
001124: add     #000060,r0              [001126]=000060 R0=000063 
001130: jsr     pc,001016               
001016: tstb    @#177564                [177564]=200 
001022: bpl     001016                  
001024: movb    r0,@#177566             R0=063 [177566] 3
001030: rts     pc                      
001134: asl     r1                      R1=071340 
001136: asl     r1                      R1=162700 
001140: asl     r1                      R1=145600 
001142: sob     r2,001104               
001104: mov     r1,r0                   R1=145600 
001106: rol     r0                      R0=113401 
001110: rol     r0                      R0=027003 
001112: rol     r0                      R0=056007 
001114: rol     r0                      R0=134016 
001116: rol     r0                      R0=070034 
001120: bic     #177770,r0              [001122]=177770 R0=000004 
001124: add     #000060,r0              [001126]=000060 R0=000064 
001130: jsr     pc,001016               
001016: tstb    @#177564                [177564]=200 
001022: bpl     001016                  
001024: movb    r0,@#177566             R0=064 [177566] 4
001030: rts     pc                      
001134: asl     r1                      R1=113400 
001136: asl     r1                      R1=027000 
001140: asl     r1                      R1=056000 
001142: sob     r2,001104               
001104: mov     r1,r0                   R1=056000 
001106: rol     r0                      R0=134000 
001110: rol     r0                      R0=070000 
001112: rol     r0                      R0=160001 
001114: rol     r0                      R0=140002 
001116: rol     r0                      R0=100005 
001120: bic     #177770,r0              [001122]=177770 R0=000005 
001124: add     #000060,r0              [001126]=000060 R0=000065 
001130: jsr     pc,001016               
001016: tstb    @#177564                [177564]=200 
001022: bpl     001016                  
001024: movb    r0,@#177566             R0=065 [177566] 5
001030: rts     pc                      
001134: asl     r1                      R1=134000 
001136: asl     r1                      R1=070000 
001140: asl     r1                      R1=160000 
001142: sob     r2,001104               
001104: mov     r1,r0                   R1=160000 
001106: rol     r0                      R0=140000 
001110: rol     r0                      R0=100001 
001112: rol     r0                      R0=000003 
001114: rol     r0                      R0=000007 
001116: rol     r0                      R0=000016 
001120: bic     #177770,r0              [001122]=177770 R0=000006 
001124: add     #000060,r0              [001126]=000060 R0=000066 
001130: jsr     pc,001016               
001016: tstb    @#177564                [177564]=200 
001022: bpl     001016                  
001024: movb    r0,@#177566             R0=066 [177566] 6
001030: rts     pc                      
001134: asl     r1                      R1=140000 
001136: asl     r1                      R1=100000 
001140: asl     r1                      R1=000000 
001142: sob     r2,001104               
001144: mov     (sp)+,r2                [000772]=000000 
001146: mov     (sp)+,r1                [000774]=000000 
001150: rts     pc                      
001014: halt                            

---------------- halted ---------------
r0=000066 r2=000000 r4=000000 sp=001000
r1=000000 r3=000000 r5=000000 pc=001016
psw=000005: cm=k pm=k pri=0    z c [105]
