      1 [main] pdp11 16984 find_fast_cwd: WARNING: Couldn't compute FAST_CWD pointer.  Please report this problem to
the public mailing list cygwin@cygwin.com

---------------- running --------------
001000: mov     #001000,sp              [001002]=001000 
001004: mov     @#000200,r0             [000200]=011064 
001010: jsr     pc,001102               
001102: mov     r1,-(sp)                R1=000000 [000774] 
001104: mov     r2,-(sp)                R2=000000 [000772] 
001106: mov     r3,-(sp)                R3=000000 [000770] 
001110: mov     r0,r1                   R0=011064 
001112: mov     #000004,r2              [001114]=000004 
001116: mov     #177764,r3              [001120]=177764 
001122: mov     r1,r0                   R1=011064 
001124: ash     r3,r0                   R3=177764 
001126: bic     #177760,r0              [001130]=177760 R0=000001 
001132: add     #001060,r0              [001134]=001060 R0=001061 
001136: movb    (r0),r0                 [001061]=061 
001140: jsr     pc,001022               
001022: tstb    @#177564                [177564]=200 
001026: bpl     001022                  
001030: movb    r0,@#177566             R0=061 [177566] 1
001034: rts     pc                      
001144: add     #000004,r3              [001146]=000004 R3=177770 
001150: sob     r2,001122               
001122: mov     r1,r0                   R1=011064 
001124: ash     r3,r0                   R3=177770 
001126: bic     #177760,r0              [001130]=177760 R0=000002 
001132: add     #001060,r0              [001134]=001060 R0=001062 
001136: movb    (r0),r0                 [001062]=062 
001140: jsr     pc,001022               
001022: tstb    @#177564                [177564]=200 
001026: bpl     001022                  
001030: movb    r0,@#177566             R0=062 [177566] 2
001034: rts     pc                      
001144: add     #000004,r3              [001146]=000004 R3=177774 
001150: sob     r2,001122               
001122: mov     r1,r0                   R1=011064 
001124: ash     r3,r0                   R3=177774 
001126: bic     #177760,r0              [001130]=177760 R0=000003 
001132: add     #001060,r0              [001134]=001060 R0=001063 
001136: movb    (r0),r0                 [001063]=063 
001140: jsr     pc,001022               
001022: tstb    @#177564                [177564]=200 
001026: bpl     001022                  
001030: movb    r0,@#177566             R0=063 [177566] 3
001034: rts     pc                      
001144: add     #000004,r3              [001146]=000004 R3=000000 
001150: sob     r2,001122               
001122: mov     r1,r0                   R1=011064 
001124: ash     r3,r0                   R3=000000 
001126: bic     #177760,r0              [001130]=177760 R0=000004 
001132: add     #001060,r0              [001134]=001060 R0=001064 
001136: movb    (r0),r0                 [001064]=064 
001140: jsr     pc,001022               
001022: tstb    @#177564                [177564]=200 
001026: bpl     001022                  
001030: movb    r0,@#177566             R0=064 [177566] 4
001034: rts     pc                      
001144: add     #000004,r3              [001146]=000004 R3=000004 
001150: sob     r2,001122               
001152: mov     (sp)+,r3                [000770]=000000 
001154: mov     (sp)+,r2                [000772]=000000 
001156: mov     (sp)+,r1                [000774]=000000 
001160: rts     pc                      
001014: jsr     pc,001162               
001162: mov     #001216,r0              [001164]=001216 
001166: jsr     pc,001036               
001036: mov     r1,-(sp)                R1=000000 [000772] 
001040: mov     r0,r1                   R0=001216 
001042: movb    (r1)+,r0                [001216]=012 
001044: beq     001054                  
001046: jsr     pc,001022               
001022: tstb    @#177564                [177564]=200 
001026: bpl     001022                  
001030: movb    r0,@#177566             R0=012 [177566] 

001034: rts     pc                      
001052: br      001042                  
001042: movb    (r1)+,r0                [001217]=015 
001044: beq     001054                  
001046: jsr     pc,001022               
001022: tstb    @#177564                [177564]=200 
001026: bpl     001022                  
001030: movb    r0,@#177566             R0=015 [177566] 
001034: rts     pc                      
001052: br      001042                  
001042: movb    (r1)+,r0                [001220]=000 
001044: beq     001054                  
001054: mov     (sp)+,r1                [000772]=000000 
001056: rts     pc                      
001172: rts     pc                      
001020: halt                            

---------------- halted ---------------
r0=000000 r2=000000 r4=000000 sp=001000
r1=000000 r3=000000 r5=000000 pc=001022
psw=000004: cm=k pm=k pri=0    z   [88]
