      2 [main] pdp11 15860 find_fast_cwd: WARNING: Couldn't compute FAST_CWD pointer.  Please report this problem to
the public mailing list cygwin@cygwin.com

---------------- running --------------
001000: mov     #001000,sp              [001002]=001000 
---- 0:000000 1:000000 2:000000 3:000000 4:000000 5:000000 S:001000 P:001004
001004: mov     @#000200,r0             [000200]=011064 
---- 0:011064 1:000000 2:000000 3:000000 4:000000 5:000000 S:001000 P:001010
001010: jsr     pc,001102               
---- 0:011064 1:000000 2:000000 3:000000 4:000000 5:000000 S:000776 P:001102
001102: mov     r1,-(sp)                R1=000000 [000774] 
-z-- 0:011064 1:000000 2:000000 3:000000 4:000000 5:000000 S:000774 P:001104
001104: mov     r2,-(sp)                R2=000000 [000772] 
-z-- 0:011064 1:000000 2:000000 3:000000 4:000000 5:000000 S:000772 P:001106
001106: mov     r3,-(sp)                R3=000000 [000770] 
-z-- 0:011064 1:000000 2:000000 3:000000 4:000000 5:000000 S:000770 P:001110
001110: mov     r0,r1                   R0=011064 
---- 0:011064 1:011064 2:000000 3:000000 4:000000 5:000000 S:000770 P:001112
001112: mov     #000004,r2              [001114]=000004 
---- 0:011064 1:011064 2:000004 3:000000 4:000000 5:000000 S:000770 P:001116
001116: mov     #177764,r3              [001120]=177764 
n--- 0:011064 1:011064 2:000004 3:177764 4:000000 5:000000 S:000770 P:001122
001122: mov     r1,r0                   R1=011064 
---- 0:011064 1:011064 2:000004 3:177764 4:000000 5:000000 S:000770 P:001124
001124: ash     r3,r0                   R3=177764 
---- 0:000001 1:011064 2:000004 3:177764 4:000000 5:000000 S:000770 P:001126
001126: bic     #177760,r0              [001130]=177760 R0=000001 
---- 0:000001 1:011064 2:000004 3:177764 4:000000 5:000000 S:000770 P:001132
001132: add     #001060,r0              [001134]=001060 R0=001061 
---- 0:001061 1:011064 2:000004 3:177764 4:000000 5:000000 S:000770 P:001136
001136: movb    (r0),r0                 [001061]=061 
---- 0:000061 1:011064 2:000004 3:177764 4:000000 5:000000 S:000770 P:001140
001140: jsr     pc,001022               
---- 0:000061 1:011064 2:000004 3:177764 4:000000 5:000000 S:000766 P:001022
001022: tstb    @#177564                [177564]=200 
n--- 0:000061 1:011064 2:000004 3:177764 4:000000 5:000000 S:000766 P:001026
001026: bpl     001022                  
n--- 0:000061 1:011064 2:000004 3:177764 4:000000 5:000000 S:000766 P:001030
001030: movb    r0,@#177566             R0=061 [177566] 1
---- 0:000061 1:011064 2:000004 3:177764 4:000000 5:000000 S:000766 P:001034
001034: rts     pc                      
---- 0:000061 1:011064 2:000004 3:177764 4:000000 5:000000 S:000770 P:001144
001144: add     #000004,r3              [001146]=000004 R3=177770 
n--- 0:000061 1:011064 2:000004 3:177770 4:000000 5:000000 S:000770 P:001150
001150: sob     r2,001122               
n--- 0:000061 1:011064 2:000003 3:177770 4:000000 5:000000 S:000770 P:001122
001122: mov     r1,r0                   R1=011064 
---- 0:011064 1:011064 2:000003 3:177770 4:000000 5:000000 S:000770 P:001124
001124: ash     r3,r0                   R3=177770 
---- 0:000022 1:011064 2:000003 3:177770 4:000000 5:000000 S:000770 P:001126
001126: bic     #177760,r0              [001130]=177760 R0=000002 
---- 0:000002 1:011064 2:000003 3:177770 4:000000 5:000000 S:000770 P:001132
001132: add     #001060,r0              [001134]=001060 R0=001062 
---- 0:001062 1:011064 2:000003 3:177770 4:000000 5:000000 S:000770 P:001136
001136: movb    (r0),r0                 [001062]=062 
---- 0:000062 1:011064 2:000003 3:177770 4:000000 5:000000 S:000770 P:001140
001140: jsr     pc,001022               
---- 0:000062 1:011064 2:000003 3:177770 4:000000 5:000000 S:000766 P:001022
001022: tstb    @#177564                [177564]=200 
n--- 0:000062 1:011064 2:000003 3:177770 4:000000 5:000000 S:000766 P:001026
001026: bpl     001022                  
n--- 0:000062 1:011064 2:000003 3:177770 4:000000 5:000000 S:000766 P:001030
001030: movb    r0,@#177566             R0=062 [177566] 2
---- 0:000062 1:011064 2:000003 3:177770 4:000000 5:000000 S:000766 P:001034
001034: rts     pc                      
---- 0:000062 1:011064 2:000003 3:177770 4:000000 5:000000 S:000770 P:001144
001144: add     #000004,r3              [001146]=000004 R3=177774 
n--- 0:000062 1:011064 2:000003 3:177774 4:000000 5:000000 S:000770 P:001150
001150: sob     r2,001122               
n--- 0:000062 1:011064 2:000002 3:177774 4:000000 5:000000 S:000770 P:001122
001122: mov     r1,r0                   R1=011064 
---- 0:011064 1:011064 2:000002 3:177774 4:000000 5:000000 S:000770 P:001124
001124: ash     r3,r0                   R3=177774 
---- 0:000443 1:011064 2:000002 3:177774 4:000000 5:000000 S:000770 P:001126
001126: bic     #177760,r0              [001130]=177760 R0=000003 
---- 0:000003 1:011064 2:000002 3:177774 4:000000 5:000000 S:000770 P:001132
001132: add     #001060,r0              [001134]=001060 R0=001063 
---- 0:001063 1:011064 2:000002 3:177774 4:000000 5:000000 S:000770 P:001136
001136: movb    (r0),r0                 [001063]=063 
---- 0:000063 1:011064 2:000002 3:177774 4:000000 5:000000 S:000770 P:001140
001140: jsr     pc,001022               
---- 0:000063 1:011064 2:000002 3:177774 4:000000 5:000000 S:000766 P:001022
001022: tstb    @#177564                [177564]=200 
n--- 0:000063 1:011064 2:000002 3:177774 4:000000 5:000000 S:000766 P:001026
001026: bpl     001022                  
n--- 0:000063 1:011064 2:000002 3:177774 4:000000 5:000000 S:000766 P:001030
001030: movb    r0,@#177566             R0=063 [177566] 3
---- 0:000063 1:011064 2:000002 3:177774 4:000000 5:000000 S:000766 P:001034
001034: rts     pc                      
---- 0:000063 1:011064 2:000002 3:177774 4:000000 5:000000 S:000770 P:001144
001144: add     #000004,r3              [001146]=000004 R3=000000 
-z-c 0:000063 1:011064 2:000002 3:000000 4:000000 5:000000 S:000770 P:001150
001150: sob     r2,001122               
-z-c 0:000063 1:011064 2:000001 3:000000 4:000000 5:000000 S:000770 P:001122
001122: mov     r1,r0                   R1=011064 
---c 0:011064 1:011064 2:000001 3:000000 4:000000 5:000000 S:000770 P:001124
001124: ash     r3,r0                   R3=000000 
---- 0:011064 1:011064 2:000001 3:000000 4:000000 5:000000 S:000770 P:001126
001126: bic     #177760,r0              [001130]=177760 R0=000004 
---- 0:000004 1:011064 2:000001 3:000000 4:000000 5:000000 S:000770 P:001132
001132: add     #001060,r0              [001134]=001060 R0=001064 
---- 0:001064 1:011064 2:000001 3:000000 4:000000 5:000000 S:000770 P:001136
001136: movb    (r0),r0                 [001064]=064 
---- 0:000064 1:011064 2:000001 3:000000 4:000000 5:000000 S:000770 P:001140
001140: jsr     pc,001022               
---- 0:000064 1:011064 2:000001 3:000000 4:000000 5:000000 S:000766 P:001022
001022: tstb    @#177564                [177564]=200 
n--- 0:000064 1:011064 2:000001 3:000000 4:000000 5:000000 S:000766 P:001026
001026: bpl     001022                  
n--- 0:000064 1:011064 2:000001 3:000000 4:000000 5:000000 S:000766 P:001030
001030: movb    r0,@#177566             R0=064 [177566] 4
---- 0:000064 1:011064 2:000001 3:000000 4:000000 5:000000 S:000766 P:001034
001034: rts     pc                      
---- 0:000064 1:011064 2:000001 3:000000 4:000000 5:000000 S:000770 P:001144
001144: add     #000004,r3              [001146]=000004 R3=000004 
---- 0:000064 1:011064 2:000001 3:000004 4:000000 5:000000 S:000770 P:001150
001150: sob     r2,001122               
---- 0:000064 1:011064 2:000000 3:000004 4:000000 5:000000 S:000770 P:001152
001152: mov     (sp)+,r3                [000770]=000000 
-z-- 0:000064 1:011064 2:000000 3:000000 4:000000 5:000000 S:000772 P:001154
001154: mov     (sp)+,r2                [000772]=000000 
-z-- 0:000064 1:011064 2:000000 3:000000 4:000000 5:000000 S:000774 P:001156
001156: mov     (sp)+,r1                [000774]=000000 
-z-- 0:000064 1:000000 2:000000 3:000000 4:000000 5:000000 S:000776 P:001160
001160: rts     pc                      
-z-- 0:000064 1:000000 2:000000 3:000000 4:000000 5:000000 S:001000 P:001014
001014: jsr     pc,001162               
-z-- 0:000064 1:000000 2:000000 3:000000 4:000000 5:000000 S:000776 P:001162
001162: mov     #001216,r0              [001164]=001216 
---- 0:001216 1:000000 2:000000 3:000000 4:000000 5:000000 S:000776 P:001166
001166: jsr     pc,001036               
---- 0:001216 1:000000 2:000000 3:000000 4:000000 5:000000 S:000774 P:001036
001036: mov     r1,-(sp)                R1=000000 [000772] 
-z-- 0:001216 1:000000 2:000000 3:000000 4:000000 5:000000 S:000772 P:001040
001040: mov     r0,r1                   R0=001216 
---- 0:001216 1:001216 2:000000 3:000000 4:000000 5:000000 S:000772 P:001042
001042: movb    (r1)+,r0                [001216]=012 
---- 0:000012 1:001217 2:000000 3:000000 4:000000 5:000000 S:000772 P:001044
001044: beq     001054                  
---- 0:000012 1:001217 2:000000 3:000000 4:000000 5:000000 S:000772 P:001046
001046: jsr     pc,001022               
---- 0:000012 1:001217 2:000000 3:000000 4:000000 5:000000 S:000770 P:001022
001022: tstb    @#177564                [177564]=200 
n--- 0:000012 1:001217 2:000000 3:000000 4:000000 5:000000 S:000770 P:001026
001026: bpl     001022                  
n--- 0:000012 1:001217 2:000000 3:000000 4:000000 5:000000 S:000770 P:001030
001030: movb    r0,@#177566             R0=012 [177566] 

---- 0:000012 1:001217 2:000000 3:000000 4:000000 5:000000 S:000770 P:001034
001034: rts     pc                      
---- 0:000012 1:001217 2:000000 3:000000 4:000000 5:000000 S:000772 P:001052
001052: br      001042                  
---- 0:000012 1:001217 2:000000 3:000000 4:000000 5:000000 S:000772 P:001042
001042: movb    (r1)+,r0                [001217]=015 
---- 0:000015 1:001220 2:000000 3:000000 4:000000 5:000000 S:000772 P:001044
001044: beq     001054                  
---- 0:000015 1:001220 2:000000 3:000000 4:000000 5:000000 S:000772 P:001046
001046: jsr     pc,001022               
---- 0:000015 1:001220 2:000000 3:000000 4:000000 5:000000 S:000770 P:001022
001022: tstb    @#177564                [177564]=200 
n--- 0:000015 1:001220 2:000000 3:000000 4:000000 5:000000 S:000770 P:001026
001026: bpl     001022                  
n--- 0:000015 1:001220 2:000000 3:000000 4:000000 5:000000 S:000770 P:001030
001030: movb    r0,@#177566             R0=015 [177566] 
---- 0:000015 1:001220 2:000000 3:000000 4:000000 5:000000 S:000770 P:001034
001034: rts     pc                      
---- 0:000015 1:001220 2:000000 3:000000 4:000000 5:000000 S:000772 P:001052
001052: br      001042                  
---- 0:000015 1:001220 2:000000 3:000000 4:000000 5:000000 S:000772 P:001042
001042: movb    (r1)+,r0                [001220]=000 
-z-- 0:000000 1:001221 2:000000 3:000000 4:000000 5:000000 S:000772 P:001044
001044: beq     001054                  
-z-- 0:000000 1:001221 2:000000 3:000000 4:000000 5:000000 S:000772 P:001054
001054: mov     (sp)+,r1                [000772]=000000 
-z-- 0:000000 1:000000 2:000000 3:000000 4:000000 5:000000 S:000774 P:001056
001056: rts     pc                      
-z-- 0:000000 1:000000 2:000000 3:000000 4:000000 5:000000 S:000776 P:001172
001172: rts     pc                      
-z-- 0:000000 1:000000 2:000000 3:000000 4:000000 5:000000 S:001000 P:001020
001020: halt                            
-z-- 0:000000 1:000000 2:000000 3:000000 4:000000 5:000000 S:001000 P:001022

---------------- halted ---------------
r0=000000 r2=000000 r4=000000 sp=001000
r1=000000 r3=000000 r5=000000 pc=001022
psw=000004: cm=k pm=k pri=0    z   [88]
