      2 [main] pdp11 14372 find_fast_cwd: WARNING: Couldn't compute FAST_CWD pointer.  Please report this problem to
the public mailing list cygwin@cygwin.com

---------------- running --------------
001000: mov     @#000200,r0             [000200]=131313 
001004: mov     r0,r1                   R0=131313 
001006: mov     #000020,r2              [001010]=000020 
001012: mov     r1,r0                   R1=131313 
001014: mov     #000060,r0              [001016]=000060 
001020: tst     r1                      R1=131313 
001022: bpl     001026                  
001024: inc     r0                      R0=000061 
001026: tstb    @#177564                [177564]=200 
001032: bpl     001026                  
001034: movb    r0,@#177566             R0=061 [177566] 1
001040: rol     r1                      R1=062626 
001042: sob     r2,001014               
001014: mov     #000060,r0              [001016]=000060 
001020: tst     r1                      R1=062626 
001022: bpl     001026                  
001026: tstb    @#177564                [177564]=200 
001032: bpl     001026                  
001034: movb    r0,@#177566             R0=060 [177566] 0
001040: rol     r1                      R1=145454 
001042: sob     r2,001014               
001014: mov     #000060,r0              [001016]=000060 
001020: tst     r1                      R1=145454 
001022: bpl     001026                  
001024: inc     r0                      R0=000061 
001026: tstb    @#177564                [177564]=200 
001032: bpl     001026                  
001034: movb    r0,@#177566             R0=061 [177566] 1
001040: rol     r1                      R1=113130 
001042: sob     r2,001014               
001014: mov     #000060,r0              [001016]=000060 
001020: tst     r1                      R1=113130 
001022: bpl     001026                  
001024: inc     r0                      R0=000061 
001026: tstb    @#177564                [177564]=200 
001032: bpl     001026                  
001034: movb    r0,@#177566             R0=061 [177566] 1
001040: rol     r1                      R1=026260 
001042: sob     r2,001014               
001014: mov     #000060,r0              [001016]=000060 
001020: tst     r1                      R1=026260 
001022: bpl     001026                  
001026: tstb    @#177564                [177564]=200 
001032: bpl     001026                  
001034: movb    r0,@#177566             R0=060 [177566] 0
001040: rol     r1                      R1=054540 
001042: sob     r2,001014               
001014: mov     #000060,r0              [001016]=000060 
001020: tst     r1                      R1=054540 
001022: bpl     001026                  
001026: tstb    @#177564                [177564]=200 
001032: bpl     001026                  
001034: movb    r0,@#177566             R0=060 [177566] 0
001040: rol     r1                      R1=131300 
001042: sob     r2,001014               
001014: mov     #000060,r0              [001016]=000060 
001020: tst     r1                      R1=131300 
001022: bpl     001026                  
001024: inc     r0                      R0=000061 
001026: tstb    @#177564                [177564]=200 
001032: bpl     001026                  
001034: movb    r0,@#177566             R0=061 [177566] 1
001040: rol     r1                      R1=062600 
001042: sob     r2,001014               
001014: mov     #000060,r0              [001016]=000060 
001020: tst     r1                      R1=062600 
001022: bpl     001026                  
001026: tstb    @#177564                [177564]=200 
001032: bpl     001026                  
001034: movb    r0,@#177566             R0=060 [177566] 0
001040: rol     r1                      R1=145400 
001042: sob     r2,001014               
001014: mov     #000060,r0              [001016]=000060 
001020: tst     r1                      R1=145400 
001022: bpl     001026                  
001024: inc     r0                      R0=000061 
001026: tstb    @#177564                [177564]=200 
001032: bpl     001026                  
001034: movb    r0,@#177566             R0=061 [177566] 1
001040: rol     r1                      R1=113000 
001042: sob     r2,001014               
001014: mov     #000060,r0              [001016]=000060 
001020: tst     r1                      R1=113000 
001022: bpl     001026                  
001024: inc     r0                      R0=000061 
001026: tstb    @#177564                [177564]=200 
001032: bpl     001026                  
001034: movb    r0,@#177566             R0=061 [177566] 1
001040: rol     r1                      R1=026000 
001042: sob     r2,001014               
001014: mov     #000060,r0              [001016]=000060 
001020: tst     r1                      R1=026000 
001022: bpl     001026                  
001026: tstb    @#177564                [177564]=200 
001032: bpl     001026                  
001034: movb    r0,@#177566             R0=060 [177566] 0
001040: rol     r1                      R1=054000 
001042: sob     r2,001014               
001014: mov     #000060,r0              [001016]=000060 
001020: tst     r1                      R1=054000 
001022: bpl     001026                  
001026: tstb    @#177564                [177564]=200 
001032: bpl     001026                  
001034: movb    r0,@#177566             R0=060 [177566] 0
001040: rol     r1                      R1=130000 
001042: sob     r2,001014               
001014: mov     #000060,r0              [001016]=000060 
001020: tst     r1                      R1=130000 
001022: bpl     001026                  
001024: inc     r0                      R0=000061 
001026: tstb    @#177564                [177564]=200 
001032: bpl     001026                  
001034: movb    r0,@#177566             R0=061 [177566] 1
001040: rol     r1                      R1=060000 
001042: sob     r2,001014               
001014: mov     #000060,r0              [001016]=000060 
001020: tst     r1                      R1=060000 
001022: bpl     001026                  
001026: tstb    @#177564                [177564]=200 
001032: bpl     001026                  
001034: movb    r0,@#177566             R0=060 [177566] 0
001040: rol     r1                      R1=140000 
001042: sob     r2,001014               
001014: mov     #000060,r0              [001016]=000060 
001020: tst     r1                      R1=140000 
001022: bpl     001026                  
001024: inc     r0                      R0=000061 
001026: tstb    @#177564                [177564]=200 
001032: bpl     001026                  
001034: movb    r0,@#177566             R0=061 [177566] 1
001040: rol     r1                      R1=100000 
001042: sob     r2,001014               
001014: mov     #000060,r0              [001016]=000060 
001020: tst     r1                      R1=100000 
001022: bpl     001026                  
001024: inc     r0                      R0=000061 
001026: tstb    @#177564                [177564]=200 
001032: bpl     001026                  
001034: movb    r0,@#177566             R0=061 [177566] 1
001040: rol     r1                      R1=000000 
001042: sob     r2,001014               
001044: halt                            

---------------- halted ---------------
r0=000061 r2=000000 r4=000000 sp=000000
r1=000000 r3=000000 r5=000000 pc=001046
psw=000007: cm=k pm=k pri=0    zvc [142]
